<?xml version="1.0" encoding="UTF-8"?>
<coverage generated="1783171706496" clover="3.2.0">
  <project timestamp="1783171706497" name="All files">
    <metrics statements="2237" coveredstatements="1839" conditionals="1756" coveredconditionals="1172" methods="860" coveredmethods="672" elements="4853" coveredelements="3683" complexity="0" loc="2237" ncloc="2237" packages="12" files="77" classes="77"/>
    <package name="src">
      <metrics statements="1" coveredstatements="1" conditionals="0" coveredconditionals="0" methods="1" coveredmethods="1"/>
      <file name="App.tsx" path="C:\Users\abyan\Abyan\Programming\Random\folder-studio\src\App.tsx">
        <metrics statements="1" coveredstatements="1" conditionals="0" coveredconditionals="0" methods="1" coveredmethods="1"/>
        <line num="4" count="1" type="stmt"/>
      </file>
      <file name="fonts.ts" path="C:\Users\abyan\Abyan\Programming\Random\folder-studio\src\fonts.ts">
        <metrics statements="0" coveredstatements="0" conditionals="0" coveredconditionals="0" methods="0" coveredmethods="0"/>
      </file>
      <file name="index.css" path="C:\Users\abyan\Abyan\Programming\Random\folder-studio\src\index.css">
        <metrics statements="0" coveredstatements="0" conditionals="0" coveredconditionals="0" methods="0" coveredmethods="0"/>
      </file>
    </package>
    <package name="src.components.color">
      <metrics statements="132" coveredstatements="68" conditionals="104" coveredconditionals="63" methods="65" coveredmethods="30"/>
      <file name="ColorField.tsx" path="C:\Users\abyan\Abyan\Programming\Random\folder-studio\src\components\color\ColorField.tsx">
        <metrics statements="13" coveredstatements="12" conditionals="28" coveredconditionals="22" methods="6" coveredmethods="5"/>
        <line num="24" count="4" type="stmt"/>
        <line num="25" count="4" type="stmt"/>
        <line num="35" count="7" type="stmt"/>
        <line num="36" count="3" type="stmt"/>
        <line num="37" count="3" type="cond" truecount="1" falsecount="1"/>
        <line num="53" count="48" type="cond" truecount="2" falsecount="0"/>
        <line num="54" count="48" type="cond" truecount="2" falsecount="0"/>
        <line num="55" count="48" type="cond" truecount="2" falsecount="0"/>
        <line num="57" count="48" type="stmt"/>
        <line num="58" count="0" type="stmt"/>
        <line num="64" count="48" type="stmt"/>
        <line num="79" count="4" type="cond" truecount="1" falsecount="1"/>
        <line num="80" count="4" type="cond" truecount="2" falsecount="0"/>
      </file>
      <file name="ColorFormatInput.tsx" path="C:\Users\abyan\Abyan\Programming\Random\folder-studio\src\components\color\ColorFormatInput.tsx">
        <metrics statements="17" coveredstatements="5" conditionals="10" coveredconditionals="2" methods="6" coveredmethods="2"/>
        <line num="30" count="9" type="stmt"/>
        <line num="31" count="9" type="stmt"/>
        <line num="33" count="9" type="stmt"/>
        <line num="34" count="0" type="cond" truecount="0" falsecount="2"/>
        <line num="35" count="0" type="stmt"/>
        <line num="36" count="0" type="stmt"/>
        <line num="37" count="0" type="cond" truecount="0" falsecount="2"/>
        <line num="40" count="9" type="stmt"/>
        <line num="42" count="0" type="stmt"/>
        <line num="48" count="36" type="stmt"/>
        <line num="58" count="0" type="stmt"/>
        <line num="61" count="0" type="cond" truecount="0" falsecount="2"/>
        <line num="62" count="0" type="stmt"/>
        <line num="63" count="0" type="stmt"/>
        <line num="64" count="0" type="cond" truecount="0" falsecount="2"/>
        <line num="65" count="0" type="stmt"/>
        <line num="66" count="0" type="stmt"/>
      </file>
      <file name="EyeDropperButton.tsx" path="C:\Users\abyan\Abyan\Programming\Random\folder-studio\src\components\color\EyeDropperButton.tsx">
        <metrics statements="6" coveredstatements="1" conditionals="2" coveredconditionals="1" methods="2" coveredmethods="1"/>
        <line num="24" count="9" type="cond" truecount="1" falsecount="1"/>
        <line num="25" count="0" type="stmt"/>
        <line num="27" count="0" type="stmt"/>
        <line num="34" count="0" type="stmt"/>
        <line num="35" count="0" type="stmt"/>
        <line num="36" count="0" type="stmt"/>
      </file>
      <file name="GradientEditor.tsx" path="C:\Users\abyan\Abyan\Programming\Random\folder-studio\src\components\color\GradientEditor.tsx">
        <metrics statements="45" coveredstatements="20" conditionals="38" coveredconditionals="19" methods="25" coveredmethods="9"/>
        <line num="25" count="4" type="stmt"/>
        <line num="26" count="7" type="stmt"/>
        <line num="27" count="7" type="stmt"/>
        <line num="28" count="4" type="cond" truecount="3" falsecount="1"/>
        <line num="29" count="4" type="cond" truecount="2" falsecount="0"/>
        <line num="30" count="3" type="cond" truecount="4" falsecount="0"/>
        <line num="31" count="2" type="cond" truecount="1" falsecount="1"/>
        <line num="32" count="4" type="stmt"/>
        <line num="47" count="2" type="stmt"/>
        <line num="48" count="2" type="stmt"/>
        <line num="49" count="2" type="cond" truecount="1" falsecount="1"/>
        <line num="50" count="2" type="cond" truecount="1" falsecount="1"/>
        <line num="51" count="2" type="stmt"/>
        <line num="53" count="2" type="stmt"/>
        <line num="54" count="0" type="stmt"/>
        <line num="56" count="0" type="cond" truecount="0" falsecount="2"/>
        <line num="59" count="2" type="stmt"/>
        <line num="60" count="0" type="stmt"/>
        <line num="61" count="0" type="cond" truecount="0" falsecount="2"/>
        <line num="62" count="0" type="stmt"/>
        <line num="65" count="2" type="stmt"/>
        <line num="66" count="0" type="stmt"/>
        <line num="67" count="0" type="stmt"/>
        <line num="68" count="0" type="stmt"/>
        <line num="69" count="0" type="stmt"/>
        <line num="73" count="2" type="stmt"/>
        <line num="75" count="2" type="stmt"/>
        <line num="83" count="0" type="cond" truecount="0" falsecount="2"/>
        <line num="87" count="4" type="stmt"/>
        <line num="99" count="0" type="stmt"/>
        <line num="100" count="0" type="stmt"/>
        <line num="101" count="0" type="stmt"/>
        <line num="104" count="0" type="cond" truecount="0" falsecount="2"/>
        <line num="117" count="0" type="cond" truecount="0" falsecount="2"/>
        <line num="134" count="0" type="stmt"/>
        <line num="136" count="0" type="stmt"/>
        <line num="149" count="0" type="cond" truecount="0" falsecount="2"/>
        <line num="150" count="0" type="stmt"/>
        <line num="151" count="0" type="stmt"/>
        <line num="152" count="0" type="cond" truecount="0" falsecount="2"/>
        <line num="165" count="0" type="stmt"/>
        <line num="166" count="2" type="stmt"/>
        <line num="176" count="0" type="stmt"/>
        <line num="183" count="0" type="stmt"/>
        <line num="184" count="0" type="stmt"/>
      </file>
      <file name="PresetRow.tsx" path="C:\Users\abyan\Abyan\Programming\Random\folder-studio\src\components\color\PresetRow.tsx">
        <metrics statements="30" coveredstatements="20" conditionals="22" coveredconditionals="18" methods="18" coveredmethods="9"/>
        <line num="30" count="252" type="stmt"/>
        <line num="46" count="1" type="stmt"/>
        <line num="47" count="1" type="stmt"/>
        <line num="81" count="13" type="stmt"/>
        <line num="84" count="13" type="stmt"/>
        <line num="85" count="0" type="stmt"/>
        <line num="87" count="13" type="stmt"/>
        <line num="89" count="155" type="stmt"/>
        <line num="93" count="1" type="stmt"/>
        <line num="94" count="1" type="stmt"/>
        <line num="98" count="1" type="stmt"/>
        <line num="102" count="0" type="stmt"/>
        <line num="103" count="0" type="stmt"/>
        <line num="108" count="13" type="cond" truecount="2" falsecount="0"/>
        <line num="109" count="8" type="stmt"/>
        <line num="111" count="96" type="cond" truecount="1" falsecount="1"/>
        <line num="116" count="0" type="stmt"/>
        <line num="117" count="0" type="stmt"/>
        <line num="123" count="0" type="stmt"/>
        <line num="127" count="0" type="stmt"/>
        <line num="128" count="0" type="stmt"/>
        <line num="134" count="13" type="cond" truecount="2" falsecount="0"/>
        <line num="136" count="13" type="stmt"/>
        <line num="145" count="1" type="cond" truecount="1" falsecount="1"/>
        <line num="146" count="0" type="stmt"/>
        <line num="147" count="0" type="stmt"/>
        <line num="149" count="1" type="cond" truecount="1" falsecount="1"/>
        <line num="150" count="1" type="stmt"/>
        <line num="151" count="1" type="cond" truecount="1" falsecount="1"/>
        <line num="155" count="1" type="stmt"/>
      </file>
      <file name="SolidColorPicker.tsx" path="C:\Users\abyan\Abyan\Programming\Random\folder-studio\src\components\color\SolidColorPicker.tsx">
        <metrics statements="13" coveredstatements="9" conditionals="4" coveredconditionals="1" methods="5" coveredmethods="3"/>
        <line num="21" count="7" type="stmt"/>
        <line num="22" count="7" type="stmt"/>
        <line num="23" count="7" type="stmt"/>
        <line num="26" count="7" type="stmt"/>
        <line num="35" count="7" type="stmt"/>
        <line num="36" count="7" type="stmt"/>
        <line num="39" count="7" type="cond" truecount="1" falsecount="1"/>
        <line num="40" count="0" type="stmt"/>
        <line num="43" count="7" type="stmt"/>
        <line num="44" count="0" type="stmt"/>
        <line num="45" count="0" type="stmt"/>
        <line num="46" count="0" type="cond" truecount="0" falsecount="2"/>
        <line num="49" count="7" type="stmt"/>
      </file>
      <file name="useDocPreviewDrag.ts" path="C:\Users\abyan\Abyan\Programming\Random\folder-studio\src\components\color\useDocPreviewDrag.ts">
        <metrics statements="8" coveredstatements="1" conditionals="0" coveredconditionals="0" methods="3" coveredmethods="1"/>
        <line num="12" count="9" type="stmt"/>
        <line num="14" count="0" type="stmt"/>
        <line num="15" count="0" type="stmt"/>
        <line num="16" count="0" type="stmt"/>
        <line num="17" count="0" type="stmt"/>
        <line num="18" count="0" type="stmt"/>
        <line num="20" count="0" type="stmt"/>
        <line num="21" count="0" type="stmt"/>
      </file>
    </package>
    <package name="src.components.controls">
      <metrics statements="70" coveredstatements="22" conditionals="60" coveredconditionals="26" methods="37" coveredmethods="12"/>
      <file name="NudgePad.tsx" path="C:\Users\abyan\Abyan\Programming\Random\folder-studio\src\components\controls\NudgePad.tsx">
        <metrics statements="15" coveredstatements="0" conditionals="5" coveredconditionals="0" methods="6" coveredmethods="0"/>
        <line num="21" count="0" type="stmt"/>
        <line num="23" count="0" type="stmt"/>
        <line num="24" count="0" type="stmt"/>
        <line num="25" count="0" type="cond" truecount="0" falsecount="2"/>
        <line num="26" count="0" type="stmt"/>
        <line num="29" count="0" type="stmt"/>
        <line num="32" count="0" type="stmt"/>
        <line num="35" count="0" type="stmt"/>
        <line num="46" count="0" type="stmt"/>
        <line num="47" count="0" type="stmt"/>
        <line num="48" count="0" type="stmt"/>
        <line num="49" count="0" type="stmt"/>
        <line num="52" count="0" type="cond" truecount="0" falsecount="2"/>
        <line num="54" count="0" type="stmt"/>
        <line num="55" count="0" type="stmt"/>
      </file>
      <file name="NumberField.tsx" path="C:\Users\abyan\Abyan\Programming\Random\folder-studio\src\components\controls\NumberField.tsx">
        <metrics statements="19" coveredstatements="4" conditionals="16" coveredconditionals="2" methods="4" coveredmethods="1"/>
        <line num="30" count="64" type="stmt"/>
        <line num="31" count="64" type="cond" truecount="2" falsecount="0"/>
        <line num="33" count="64" type="stmt"/>
        <line num="34" count="0" type="cond" truecount="0" falsecount="2"/>
        <line num="35" count="0" type="stmt"/>
        <line num="36" count="0" type="stmt"/>
        <line num="37" count="0" type="cond" truecount="0" falsecount="2"/>
        <line num="38" count="0" type="stmt"/>
        <line num="39" count="0" type="cond" truecount="0" falsecount="2"/>
        <line num="40" count="0" type="cond" truecount="0" falsecount="2"/>
        <line num="41" count="0" type="cond" truecount="0" falsecount="2"/>
        <line num="44" count="64" type="stmt"/>
        <line num="56" count="0" type="stmt"/>
        <line num="59" count="0" type="cond" truecount="0" falsecount="2"/>
        <line num="60" count="0" type="stmt"/>
        <line num="61" count="0" type="stmt"/>
        <line num="62" count="0" type="cond" truecount="0" falsecount="2"/>
        <line num="63" count="0" type="stmt"/>
        <line num="64" count="0" type="stmt"/>
      </file>
      <file name="PanelSection.tsx" path="C:\Users\abyan\Abyan\Programming\Random\folder-studio\src\components\controls\PanelSection.tsx">
        <metrics statements="1" coveredstatements="1" conditionals="5" coveredconditionals="4" methods="1" coveredmethods="1"/>
        <line num="21" count="90" type="stmt"/>
      </file>
      <file name="ShadowControls.tsx" path="C:\Users\abyan\Abyan\Programming\Random\folder-studio\src\components\controls\ShadowControls.tsx">
        <metrics statements="8" coveredstatements="2" conditionals="6" coveredconditionals="1" methods="7" coveredmethods="1"/>
        <line num="15" count="3" type="stmt"/>
        <line num="30" count="16" type="stmt"/>
        <line num="36" count="0" type="cond" truecount="0" falsecount="2"/>
        <line num="47" count="0" type="stmt"/>
        <line num="59" count="0" type="stmt"/>
        <line num="68" count="0" type="stmt"/>
        <line num="69" count="0" type="stmt"/>
        <line num="75" count="0" type="cond" truecount="0" falsecount="2"/>
      </file>
      <file name="SliderField.tsx" path="C:\Users\abyan\Abyan\Programming\Random\folder-studio\src\components\controls\SliderField.tsx">
        <metrics statements="12" coveredstatements="10" conditionals="14" coveredconditionals="12" methods="4" coveredmethods="4"/>
        <line num="45" count="87" type="stmt"/>
        <line num="49" count="87" type="stmt"/>
        <line num="51" count="34" type="cond" truecount="2" falsecount="0"/>
        <line num="56" count="87" type="stmt"/>
        <line num="72" count="2" type="cond" truecount="3" falsecount="1"/>
        <line num="73" count="2" type="stmt"/>
        <line num="74" count="2" type="stmt"/>
        <line num="76" count="2" type="stmt"/>
        <line num="79" count="2" type="cond" truecount="3" falsecount="1"/>
        <line num="80" count="0" type="stmt"/>
        <line num="81" count="0" type="stmt"/>
        <line num="83" count="2" type="stmt"/>
      </file>
      <file name="StrokeControls.tsx" path="C:\Users\abyan\Abyan\Programming\Random\folder-studio\src\components\controls\StrokeControls.tsx">
        <metrics statements="5" coveredstatements="1" conditionals="12" coveredconditionals="5" methods="5" coveredmethods="1"/>
        <line num="43" count="10" type="stmt"/>
        <line num="49" count="0" type="stmt"/>
        <line num="64" count="0" type="cond" truecount="0" falsecount="2"/>
        <line num="85" count="0" type="stmt"/>
        <line num="91" count="0" type="cond" truecount="0" falsecount="2"/>
      </file>
      <file name="TransformFields.tsx" path="C:\Users\abyan\Abyan\Programming\Random\folder-studio\src\components\controls\TransformFields.tsx">
        <metrics statements="10" coveredstatements="4" conditionals="2" coveredconditionals="2" methods="10" coveredmethods="4"/>
        <line num="22" count="56" type="stmt"/>
        <line num="24" count="16" type="stmt"/>
        <line num="27" count="0" type="stmt"/>
        <line num="28" count="0" type="stmt"/>
        <line num="33" count="0" type="stmt"/>
        <line num="39" count="0" type="stmt"/>
        <line num="47" count="0" type="stmt"/>
        <line num="48" count="16" type="stmt"/>
        <line num="56" count="0" type="stmt"/>
        <line num="57" count="16" type="stmt"/>
      </file>
    </package>
    <package name="src.components.export">
      <metrics statements="32" coveredstatements="32" conditionals="18" coveredconditionals="17" methods="13" coveredmethods="13"/>
      <file name="ExportDialog.tsx" path="C:\Users\abyan\Abyan\Programming\Random\folder-studio\src\components\export\ExportDialog.tsx">
        <metrics statements="32" coveredstatements="32" conditionals="18" coveredconditionals="17" methods="13" coveredmethods="13"/>
        <line num="41" count="2" type="stmt"/>
        <line num="42" count="2" type="stmt"/>
        <line num="43" count="2" type="stmt"/>
        <line num="45" count="2" type="stmt"/>
        <line num="48" count="25" type="stmt"/>
        <line num="49" count="25" type="stmt"/>
        <line num="50" count="25" type="stmt"/>
        <line num="51" count="25" type="stmt"/>
        <line num="52" count="25" type="stmt"/>
        <line num="53" count="25" type="stmt"/>
        <line num="56" count="4" type="stmt"/>
        <line num="57" count="4" type="stmt"/>
        <line num="58" count="4" type="stmt"/>
        <line num="60" count="4" type="stmt"/>
        <line num="65" count="2" type="stmt"/>
        <line num="66" count="2" type="stmt"/>
        <line num="67" count="2" type="stmt"/>
        <line num="69" count="2" type="cond" truecount="2" falsecount="0"/>
        <line num="74" count="1" type="stmt"/>
        <line num="79" count="2" type="stmt"/>
        <line num="80" count="2" type="stmt"/>
        <line num="81" count="2" type="stmt"/>
        <line num="87" count="2" type="stmt"/>
        <line num="91" count="25" type="cond" truecount="2" falsecount="0"/>
        <line num="93" count="25" type="stmt"/>
        <line num="109" count="3" type="stmt"/>
        <line num="130" count="60" type="stmt"/>
        <line num="139" count="1" type="stmt"/>
        <line num="145" count="36" type="stmt"/>
        <line num="165" count="52" type="stmt"/>
        <line num="179" count="2" type="cond" truecount="2" falsecount="0"/>
        <line num="183" count="39" type="stmt"/>
      </file>
    </package>
    <package name="src.components.layout">
      <metrics statements="22" coveredstatements="19" conditionals="18" coveredconditionals="14" methods="13" coveredmethods="10"/>
      <file name="AppShell.tsx" path="C:\Users\abyan\Abyan\Programming\Random\folder-studio\src\components\layout\AppShell.tsx">
        <metrics statements="2" coveredstatements="2" conditionals="0" coveredconditionals="0" methods="1" coveredmethods="1"/>
        <line num="14" count="1" type="stmt"/>
        <line num="15" count="1" type="stmt"/>
      </file>
      <file name="IconRail.tsx" path="C:\Users\abyan\Abyan\Programming\Random\folder-studio\src\components\layout\IconRail.tsx">
        <metrics statements="8" coveredstatements="8" conditionals="6" coveredconditionals="5" methods="5" coveredmethods="5"/>
        <line num="25" count="1" type="stmt"/>
        <line num="40" count="14" type="stmt"/>
        <line num="41" count="14" type="stmt"/>
        <line num="43" count="4" type="stmt"/>
        <line num="46" count="44" type="cond" truecount="1" falsecount="1"/>
        <line num="47" count="44" type="stmt"/>
        <line num="48" count="44" type="stmt"/>
        <line num="56" count="2" type="cond" truecount="2" falsecount="0"/>
      </file>
      <file name="PanelDock.tsx" path="C:\Users\abyan\Abyan\Programming\Random\folder-studio\src\components\layout\PanelDock.tsx">
        <metrics statements="6" coveredstatements="6" conditionals="10" coveredconditionals="7" methods="3" coveredmethods="3"/>
        <line num="24" count="1" type="stmt"/>
        <line num="39" count="14" type="stmt"/>
        <line num="40" count="12" type="stmt"/>
        <line num="41" count="4" type="cond" truecount="4" falsecount="0"/>
        <line num="42" count="3" type="cond" truecount="1" falsecount="1"/>
        <line num="43" count="4" type="stmt"/>
      </file>
      <file name="Toolbar.tsx" path="C:\Users\abyan\Abyan\Programming\Random\folder-studio\src\components\layout\Toolbar.tsx">
        <metrics statements="5" coveredstatements="2" conditionals="2" coveredconditionals="2" methods="4" coveredmethods="1"/>
        <line num="18" count="1" type="stmt"/>
        <line num="20" count="1" type="stmt"/>
        <line num="27" count="0" type="stmt"/>
        <line num="35" count="0" type="stmt"/>
        <line num="48" count="0" type="stmt"/>
      </file>
      <file name="tools.ts" path="C:\Users\abyan\Abyan\Programming\Random\folder-studio\src\components\layout\tools.ts">
        <metrics statements="1" coveredstatements="1" conditionals="0" coveredconditionals="0" methods="0" coveredmethods="0"/>
        <line num="14" count="1" type="stmt"/>
      </file>
    </package>
    <package name="src.components.panels">
      <metrics statements="474" coveredstatements="334" conditionals="410" coveredconditionals="243" methods="294" coveredmethods="192"/>
      <file name="ColorPanel.tsx" path="C:\Users\abyan\Abyan\Programming\Random\folder-studio\src\components\panels\ColorPanel.tsx">
        <metrics statements="55" coveredstatements="37" conditionals="60" coveredconditionals="34" methods="26" coveredmethods="17"/>
        <line num="34" count="1" type="stmt"/>
        <line num="35" count="1" type="stmt"/>
        <line num="36" count="1" type="cond" truecount="1" falsecount="1"/>
        <line num="38" count="1" type="stmt"/>
        <line num="42" count="4" type="stmt"/>
        <line num="43" count="4" type="stmt"/>
        <line num="44" count="1" type="stmt"/>
        <line num="45" count="1" type="stmt"/>
        <line num="47" count="1" type="stmt"/>
        <line num="59" count="0" type="stmt"/>
        <line num="60" count="0" type="stmt"/>
        <line num="61" count="0" type="stmt"/>
        <line num="67" count="0" type="stmt"/>
        <line num="70" count="0" type="stmt"/>
        <line num="71" count="0" type="stmt"/>
        <line num="72" count="0" type="cond" truecount="0" falsecount="5"/>
        <line num="73" count="0" type="stmt"/>
        <line num="82" count="0" type="stmt"/>
        <line num="85" count="0" type="stmt"/>
        <line num="86" count="0" type="stmt"/>
        <line num="89" count="0" type="stmt"/>
        <line num="90" count="0" type="stmt"/>
        <line num="97" count="29" type="stmt"/>
        <line num="98" count="29" type="stmt"/>
        <line num="99" count="29" type="stmt"/>
        <line num="100" count="29" type="stmt"/>
        <line num="101" count="29" type="stmt"/>
        <line num="102" count="8" type="stmt"/>
        <line num="104" count="8" type="cond" truecount="2" falsecount="0"/>
        <line num="105" count="8" type="cond" truecount="2" falsecount="0"/>
        <line num="109" count="8" type="cond" truecount="4" falsecount="0"/>
        <line num="111" count="8" type="stmt"/>
        <line num="112" count="3" type="cond" truecount="1" falsecount="1"/>
        <line num="113" count="3" type="cond" truecount="2" falsecount="0"/>
        <line num="114" count="1" type="stmt"/>
        <line num="115" count="1" type="cond" truecount="1" falsecount="1"/>
        <line num="116" count="2" type="cond" truecount="2" falsecount="0"/>
        <line num="117" count="1" type="stmt"/>
        <line num="122" count="1" type="stmt"/>
        <line num="126" count="8" type="stmt"/>
        <line num="127" count="0" type="stmt"/>
        <line num="132" count="8" type="stmt"/>
        <line num="133" count="1" type="stmt"/>
        <line num="134" count="1" type="cond" truecount="1" falsecount="1"/>
        <line num="135" count="1" type="stmt"/>
        <line num="136" count="1" type="stmt"/>
        <line num="139" count="1" type="stmt"/>
        <line num="142" count="8" type="stmt"/>
        <line num="167" count="8" type="stmt"/>
        <line num="203" count="0" type="stmt"/>
        <line num="204" count="1" type="stmt"/>
        <line num="211" count="0" type="stmt"/>
        <line num="219" count="0" type="stmt"/>
        <line num="229" count="1" type="stmt"/>
        <line num="240" count="0" type="stmt"/>
      </file>
      <file name="DrawPanel.tsx" path="C:\Users\abyan\Abyan\Programming\Random\folder-studio\src\components\panels\DrawPanel.tsx">
        <metrics statements="35" coveredstatements="27" conditionals="34" coveredconditionals="21" methods="31" coveredmethods="23"/>
        <line num="24" count="2" type="stmt"/>
        <line num="31" count="3" type="cond" truecount="1" falsecount="1"/>
        <line num="37" count="0" type="cond" truecount="0" falsecount="2"/>
        <line num="38" count="0" type="stmt"/>
        <line num="39" count="0" type="cond" truecount="0" falsecount="2"/>
        <line num="43" count="0" type="stmt"/>
        <line num="45" count="0" type="stmt"/>
        <line num="73" count="0" type="stmt"/>
        <line num="78" count="0" type="stmt"/>
        <line num="90" count="23" type="stmt"/>
        <line num="91" count="23" type="stmt"/>
        <line num="92" count="23" type="stmt"/>
        <line num="93" count="23" type="stmt"/>
        <line num="94" count="23" type="stmt"/>
        <line num="95" count="23" type="stmt"/>
        <line num="96" count="23" type="stmt"/>
        <line num="97" count="23" type="stmt"/>
        <line num="98" count="23" type="stmt"/>
        <line num="99" count="23" type="stmt"/>
        <line num="100" count="23" type="stmt"/>
        <line num="101" count="23" type="stmt"/>
        <line num="102" count="23" type="stmt"/>
        <line num="103" count="18" type="stmt"/>
        <line num="104" count="18" type="stmt"/>
        <line num="106" count="18" type="stmt"/>
        <line num="107" count="6" type="stmt"/>
        <line num="108" count="18" type="cond" truecount="0" falsecount="2"/>
        <line num="111" count="6" type="stmt"/>
        <line num="113" count="6" type="cond" truecount="2" falsecount="2"/>
        <line num="114" count="0" type="stmt"/>
        <line num="124" count="6" type="stmt"/>
        <line num="132" count="2" type="cond" truecount="2" falsecount="0"/>
        <line num="154" count="1" type="cond" truecount="1" falsecount="1"/>
        <line num="176" count="1" type="cond" truecount="1" falsecount="1"/>
        <line num="227" count="3" type="stmt"/>
      </file>
      <file name="GalleryPanel.tsx" path="C:\Users\abyan\Abyan\Programming\Random\folder-studio\src\components\panels\GalleryPanel.tsx">
        <metrics statements="19" coveredstatements="0" conditionals="4" coveredconditionals="0" methods="10" coveredmethods="0"/>
        <line num="20" count="0" type="stmt"/>
        <line num="21" count="0" type="stmt"/>
        <line num="22" count="0" type="stmt"/>
        <line num="23" count="0" type="stmt"/>
        <line num="24" count="0" type="stmt"/>
        <line num="26" count="0" type="stmt"/>
        <line num="27" count="0" type="stmt"/>
        <line num="28" count="0" type="stmt"/>
        <line num="29" count="0" type="stmt"/>
        <line num="30" count="0" type="stmt"/>
        <line num="31" count="0" type="stmt"/>
        <line num="33" count="0" type="stmt"/>
        <line num="37" count="0" type="stmt"/>
        <line num="38" count="0" type="stmt"/>
        <line num="39" count="0" type="stmt"/>
        <line num="42" count="0" type="stmt"/>
        <line num="63" count="0" type="stmt"/>
        <line num="68" count="0" type="stmt"/>
        <line num="77" count="0" type="stmt"/>
      </file>
      <file name="IconPanel.tsx" path="C:\Users\abyan\Abyan\Programming\Random\folder-studio\src\components\panels\IconPanel.tsx">
        <metrics statements="52" coveredstatements="45" conditionals="31" coveredconditionals="21" methods="31" coveredmethods="25"/>
        <line num="39" count="2" type="stmt"/>
        <line num="42" count="4" type="cond" truecount="1" falsecount="1"/>
        <line num="43" count="0" type="stmt"/>
        <line num="44" count="0" type="cond" truecount="0" falsecount="2"/>
        <line num="46" count="4" type="stmt"/>
        <line num="60" count="495" type="stmt"/>
        <line num="61" count="495" type="cond" truecount="2" falsecount="0"/>
        <line num="62" count="296" type="stmt"/>
        <line num="64" count="199" type="cond" truecount="1" falsecount="1"/>
        <line num="65" count="495" type="cond" truecount="1" falsecount="1"/>
        <line num="66" count="495" type="stmt"/>
        <line num="77" count="13" type="stmt"/>
        <line num="78" count="12" type="stmt"/>
        <line num="79" count="4" type="stmt"/>
        <line num="81" count="4" type="stmt"/>
        <line num="82" count="1" type="stmt"/>
        <line num="86" count="1" type="stmt"/>
        <line num="89" count="4" type="stmt"/>
        <line num="121" count="0" type="stmt"/>
        <line num="130" count="1" type="stmt"/>
        <line num="136" count="24" type="stmt"/>
        <line num="147" count="0" type="cond" truecount="0" falsecount="2"/>
        <line num="156" count="18" type="stmt"/>
        <line num="157" count="18" type="stmt"/>
        <line num="158" count="18" type="stmt"/>
        <line num="159" count="55" type="stmt"/>
        <line num="160" count="55" type="stmt"/>
        <line num="161" count="55" type="stmt"/>
        <line num="162" count="55" type="stmt"/>
        <line num="163" count="18" type="stmt"/>
        <line num="165" count="18" type="stmt"/>
        <line num="166" count="18" type="stmt"/>
        <line num="167" count="13" type="cond" truecount="2" falsecount="0"/>
        <line num="168" count="11" type="stmt"/>
        <line num="169" count="2211" type="stmt"/>
        <line num="171" count="2" type="cond" truecount="1" falsecount="1"/>
        <line num="174" count="18" type="stmt"/>
        <line num="175" count="13" type="cond" truecount="1" falsecount="1"/>
        <line num="178" count="18" type="stmt"/>
        <line num="183" count="11" type="stmt"/>
        <line num="190" count="0" type="stmt"/>
        <line num="196" count="0" type="stmt"/>
        <line num="202" count="108" type="stmt"/>
        <line num="212" count="35" type="stmt"/>
        <line num="215" count="0" type="stmt"/>
        <line num="231" count="491" type="stmt"/>
        <line num="237" count="1" type="stmt"/>
        <line num="243" count="1" type="stmt"/>
        <line num="255" count="13" type="stmt"/>
        <line num="256" count="4" type="stmt"/>
        <line num="257" count="14" type="cond" truecount="2" falsecount="0"/>
        <line num="260" count="4" type="stmt"/>
      </file>
      <file name="ImagePanel.tsx" path="C:\Users\abyan\Abyan\Programming\Random\folder-studio\src\components\panels\ImagePanel.tsx">
        <metrics statements="37" coveredstatements="33" conditionals="30" coveredconditionals="17" methods="24" coveredmethods="20"/>
        <line num="26" count="3" type="stmt"/>
        <line num="42" count="39" type="stmt"/>
        <line num="44" count="51" type="stmt"/>
        <line num="49" count="4" type="stmt"/>
        <line num="50" count="15" type="stmt"/>
        <line num="51" count="14" type="stmt"/>
        <line num="53" count="4" type="stmt"/>
        <line num="54" count="1" type="cond" truecount="1" falsecount="1"/>
        <line num="55" count="1" type="stmt"/>
        <line num="56" count="2" type="stmt"/>
        <line num="57" count="2" type="stmt"/>
        <line num="58" count="2" type="stmt"/>
        <line num="59" count="2" type="cond" truecount="1" falsecount="1"/>
        <line num="60" count="2" type="stmt"/>
        <line num="61" count="2" type="stmt"/>
        <line num="62" count="2" type="stmt"/>
        <line num="63" count="2" type="stmt"/>
        <line num="65" count="2" type="stmt"/>
        <line num="67" count="2" type="stmt"/>
        <line num="69" count="1" type="stmt"/>
        <line num="72" count="4" type="stmt"/>
        <line num="77" count="0" type="stmt"/>
        <line num="95" count="10" type="stmt"/>
        <line num="96" count="12" type="stmt"/>
        <line num="98" count="3" type="stmt"/>
        <line num="115" count="2" type="cond" truecount="2" falsecount="0"/>
        <line num="124" count="36" type="stmt"/>
        <line num="127" count="1" type="stmt"/>
        <line num="128" count="0" type="stmt"/>
        <line num="130" count="1" type="stmt"/>
        <line num="131" count="1" type="stmt"/>
        <line num="146" count="0" type="stmt"/>
        <line num="158" count="0" type="cond" truecount="0" falsecount="2"/>
        <line num="167" count="14" type="stmt"/>
        <line num="168" count="4" type="stmt"/>
        <line num="169" count="16" type="cond" truecount="2" falsecount="0"/>
        <line num="172" count="4" type="stmt"/>
      </file>
      <file name="LayersPanel.tsx" path="C:\Users\abyan\Abyan\Programming\Random\folder-studio\src\components\panels\LayersPanel.tsx">
        <metrics statements="77" coveredstatements="51" conditionals="74" coveredconditionals="42" methods="28" coveredmethods="20"/>
        <line num="33" count="3" type="stmt"/>
        <line num="36" count="56" type="cond" truecount="2" falsecount="0"/>
        <line num="37" count="2" type="stmt"/>
        <line num="38" count="2" type="cond" truecount="4" falsecount="0"/>
        <line num="40" count="55" type="stmt"/>
        <line num="44" count="22" type="stmt"/>
        <line num="45" count="22" type="stmt"/>
        <line num="46" count="22" type="cond" truecount="1" falsecount="1"/>
        <line num="47" count="0" type="stmt"/>
        <line num="49" count="22" type="cond" truecount="1" falsecount="1"/>
        <line num="50" count="0" type="stmt"/>
        <line num="52" count="22" type="cond" truecount="1" falsecount="1"/>
        <line num="53" count="22" type="stmt"/>
        <line num="57" count="0" type="cond" truecount="0" falsecount="2"/>
        <line num="58" count="0" type="stmt"/>
        <line num="62" count="0" type="stmt"/>
        <line num="63" count="0" type="cond" truecount="0" falsecount="2"/>
        <line num="64" count="0" type="cond" truecount="0" falsecount="2"/>
        <line num="67" count="22" type="cond" truecount="1" falsecount="1"/>
        <line num="68" count="22" type="cond" truecount="1" falsecount="1"/>
        <line num="69" count="22" type="stmt"/>
        <line num="80" count="70" type="stmt"/>
        <line num="81" count="22" type="stmt"/>
        <line num="82" count="70" type="stmt"/>
        <line num="83" count="22" type="stmt"/>
        <line num="85" count="22" type="stmt"/>
        <line num="86" count="4" type="stmt"/>
        <line num="87" count="4" type="cond" truecount="3" falsecount="1"/>
        <line num="88" count="0" type="stmt"/>
        <line num="89" count="0" type="stmt"/>
        <line num="91" count="4" type="cond" truecount="2" falsecount="2"/>
        <line num="92" count="0" type="stmt"/>
        <line num="93" count="0" type="stmt"/>
        <line num="94" count="0" type="stmt"/>
        <line num="95" count="0" type="cond" truecount="0" falsecount="4"/>
        <line num="96" count="0" type="stmt"/>
        <line num="97" count="0" type="stmt"/>
        <line num="100" count="4" type="stmt"/>
        <line num="103" count="22" type="stmt"/>
        <line num="104" count="1" type="stmt"/>
        <line num="105" count="1" type="stmt"/>
        <line num="106" count="1" type="cond" truecount="3" falsecount="1"/>
        <line num="107" count="1" type="stmt"/>
        <line num="111" count="22" type="stmt"/>
        <line num="124" count="0" type="stmt"/>
        <line num="135" count="2" type="stmt"/>
        <line num="136" count="10" type="stmt"/>
        <line num="139" count="10" type="cond" truecount="2" falsecount="0"/>
        <line num="140" count="9" type="cond" truecount="2" falsecount="0"/>
        <line num="141" count="1" type="stmt"/>
        <line num="142" count="1" type="stmt"/>
        <line num="150" count="2" type="stmt"/>
        <line num="151" count="2" type="stmt"/>
        <line num="152" count="2" type="stmt"/>
        <line num="165" count="0" type="stmt"/>
        <line num="166" count="0" type="stmt"/>
        <line num="177" count="0" type="stmt"/>
        <line num="178" count="0" type="stmt"/>
        <line num="189" count="0" type="stmt"/>
        <line num="190" count="0" type="stmt"/>
        <line num="191" count="0" type="stmt"/>
        <line num="202" count="3" type="stmt"/>
        <line num="203" count="2" type="cond" truecount="1" falsecount="1"/>
        <line num="204" count="1" type="stmt"/>
        <line num="207" count="0" type="stmt"/>
        <line num="212" count="0" type="stmt"/>
        <line num="225" count="10" type="stmt"/>
        <line num="226" count="10" type="stmt"/>
        <line num="228" count="3" type="stmt"/>
        <line num="229" count="3" type="stmt"/>
        <line num="230" count="3" type="stmt"/>
        <line num="231" count="5" type="stmt"/>
        <line num="232" count="3" type="cond" truecount="2" falsecount="0"/>
        <line num="233" count="5" type="stmt"/>
        <line num="235" count="3" type="stmt"/>
        <line num="246" count="0" type="stmt"/>
        <line num="251" count="6" type="stmt"/>
      </file>
      <file name="LogosPanel.tsx" path="C:\Users\abyan\Abyan\Programming\Random\folder-studio\src\components\panels\LogosPanel.tsx">
        <metrics statements="53" coveredstatements="47" conditionals="52" coveredconditionals="35" methods="22" coveredmethods="17"/>
        <line num="35" count="2" type="stmt"/>
        <line num="38" count="91" type="cond" truecount="1" falsecount="1"/>
        <line num="39" count="91" type="cond" truecount="1" falsecount="1"/>
        <line num="40" count="91" type="cond" truecount="2" falsecount="0"/>
        <line num="41" count="91" type="stmt"/>
        <line num="45" count="10" type="stmt"/>
        <line num="46" count="10" type="stmt"/>
        <line num="47" count="31" type="stmt"/>
        <line num="48" count="31" type="stmt"/>
        <line num="49" count="31" type="stmt"/>
        <line num="50" count="31" type="stmt"/>
        <line num="51" count="32" type="stmt"/>
        <line num="52" count="32" type="stmt"/>
        <line num="53" count="32" type="stmt"/>
        <line num="54" count="10" type="stmt"/>
        <line num="56" count="10" type="stmt"/>
        <line num="57" count="10" type="stmt"/>
        <line num="58" count="3" type="cond" truecount="1" falsecount="1"/>
        <line num="60" count="0" type="cond" truecount="0" falsecount="2"/>
        <line num="65" count="32" type="cond" truecount="2" falsecount="0"/>
        <line num="68" count="10" type="stmt"/>
        <line num="69" count="3" type="cond" truecount="1" falsecount="1"/>
        <line num="71" count="3" type="stmt"/>
        <line num="72" count="3" type="cond" truecount="2" falsecount="0"/>
        <line num="75" count="10" type="stmt"/>
        <line num="76" count="2" type="cond" truecount="2" falsecount="0"/>
        <line num="77" count="1" type="stmt"/>
        <line num="78" count="1" type="cond" truecount="1" falsecount="1"/>
        <line num="79" count="1" type="cond" truecount="1" falsecount="1"/>
        <line num="80" count="1" type="cond" truecount="1" falsecount="1"/>
        <line num="81" count="1" type="stmt"/>
        <line num="82" count="1" type="stmt"/>
        <line num="83" count="1" type="stmt"/>
        <line num="84" count="1" type="stmt"/>
        <line num="85" count="1" type="stmt"/>
        <line num="88" count="0" type="stmt"/>
        <line num="95" count="1" type="stmt"/>
        <line num="96" count="1" type="stmt"/>
        <line num="98" count="1" type="stmt"/>
        <line num="105" count="1" type="stmt"/>
        <line num="108" count="10" type="stmt"/>
        <line num="120" count="1" type="cond" truecount="1" falsecount="1"/>
        <line num="135" count="0" type="cond" truecount="0" falsecount="2"/>
        <line num="145" count="0" type="stmt"/>
        <line num="156" count="0" type="stmt"/>
        <line num="165" count="50" type="stmt"/>
        <line num="168" count="0" type="stmt"/>
        <line num="184" count="154" type="cond" truecount="2" falsecount="0"/>
        <line num="185" count="154" type="stmt"/>
        <line num="186" count="154" type="cond" truecount="2" falsecount="0"/>
        <line num="187" count="154" type="cond" truecount="2" falsecount="0"/>
        <line num="192" count="154" type="stmt"/>
        <line num="198" count="2" type="stmt"/>
      </file>
      <file name="MultiSelectPanel.tsx" path="C:\Users\abyan\Abyan\Programming\Random\folder-studio\src\components\panels\MultiSelectPanel.tsx">
        <metrics statements="43" coveredstatements="31" conditionals="22" coveredconditionals="9" methods="39" coveredmethods="21"/>
        <line num="28" count="2" type="stmt"/>
        <line num="30" count="2" type="stmt"/>
        <line num="31" count="12" type="cond" truecount="1" falsecount="1"/>
        <line num="34" count="9" type="stmt"/>
        <line num="35" count="12" type="stmt"/>
        <line num="36" count="12" type="stmt"/>
        <line num="37" count="12" type="stmt"/>
        <line num="39" count="6" type="stmt"/>
        <line num="40" count="3" type="cond" truecount="1" falsecount="1"/>
        <line num="42" count="3" type="stmt"/>
        <line num="43" count="6" type="cond" truecount="2" falsecount="0"/>
        <line num="45" count="3" type="stmt"/>
        <line num="46" count="2" type="stmt"/>
        <line num="47" count="2" type="stmt"/>
        <line num="48" count="4" type="stmt"/>
        <line num="50" count="2" type="stmt"/>
        <line num="53" count="6" type="stmt"/>
        <line num="54" count="6" type="stmt"/>
        <line num="55" count="6" type="stmt"/>
        <line num="56" count="3" type="stmt"/>
        <line num="57" count="3" type="stmt"/>
        <line num="58" count="3" type="stmt"/>
        <line num="60" count="3" type="stmt"/>
        <line num="61" count="3" type="cond" truecount="1" falsecount="1"/>
        <line num="63" count="3" type="stmt"/>
        <line num="69" count="3" type="stmt"/>
        <line num="77" count="6" type="stmt"/>
        <line num="81" count="4" type="stmt"/>
        <line num="82" count="3" type="stmt"/>
        <line num="86" count="6" type="stmt"/>
        <line num="89" count="0" type="stmt"/>
        <line num="90" count="3" type="stmt"/>
        <line num="97" count="0" type="stmt"/>
        <line num="100" count="0" type="stmt"/>
        <line num="105" count="0" type="cond" truecount="0" falsecount="2"/>
        <line num="118" count="0" type="stmt"/>
        <line num="131" count="0" type="cond" truecount="0" falsecount="2"/>
        <line num="151" count="0" type="stmt"/>
        <line num="154" count="0" type="stmt"/>
        <line num="165" count="0" type="stmt"/>
        <line num="166" count="0" type="cond" truecount="0" falsecount="2"/>
        <line num="182" count="0" type="stmt"/>
        <line num="183" count="0" type="stmt"/>
      </file>
      <file name="PanelHeader.tsx" path="C:\Users\abyan\Abyan\Programming\Random\folder-studio\src\components\panels\PanelHeader.tsx">
        <metrics statements="3" coveredstatements="2" conditionals="2" coveredconditionals="2" methods="3" coveredmethods="2"/>
        <line num="17" count="204" type="stmt"/>
        <line num="18" count="63" type="stmt"/>
        <line num="31" count="0" type="stmt"/>
      </file>
      <file name="ShapePanel.tsx" path="C:\Users\abyan\Abyan\Programming\Random\folder-studio\src\components\panels\ShapePanel.tsx">
        <metrics statements="11" coveredstatements="11" conditionals="8" coveredconditionals="7" methods="7" coveredmethods="7"/>
        <line num="16" count="22" type="stmt"/>
        <line num="17" count="22" type="cond" truecount="2" falsecount="0"/>
        <line num="18" count="8" type="stmt"/>
        <line num="30" count="14" type="stmt"/>
        <line num="35" count="22" type="stmt"/>
        <line num="38" count="17" type="stmt"/>
        <line num="39" count="17" type="stmt"/>
        <line num="41" count="5" type="stmt"/>
        <line num="46" count="55" type="stmt"/>
        <line num="47" count="55" type="stmt"/>
        <line num="52" count="2" type="stmt"/>
      </file>
      <file name="ShapesPanel.tsx" path="C:\Users\abyan\Abyan\Programming\Random\folder-studio\src\components\panels\ShapesPanel.tsx">
        <metrics statements="26" coveredstatements="14" conditionals="18" coveredconditionals="9" methods="23" coveredmethods="13"/>
        <line num="22" count="2" type="stmt"/>
        <line num="45" count="15" type="stmt"/>
        <line num="53" count="7" type="stmt"/>
        <line num="55" count="2" type="stmt"/>
        <line num="65" count="1" type="cond" truecount="1" falsecount="1"/>
        <line num="69" count="10" type="stmt"/>
        <line num="87" count="0" type="stmt"/>
        <line num="94" count="0" type="stmt"/>
        <line num="108" count="0" type="stmt"/>
        <line num="122" count="0" type="cond" truecount="0" falsecount="2"/>
        <line num="123" count="0" type="stmt"/>
        <line num="144" count="0" type="stmt"/>
        <line num="150" count="0" type="cond" truecount="0" falsecount="2"/>
        <line num="151" count="0" type="stmt"/>
        <line num="166" count="0" type="stmt"/>
        <line num="176" count="0" type="stmt"/>
        <line num="183" count="0" type="stmt"/>
        <line num="189" count="0" type="cond" truecount="0" falsecount="2"/>
        <line num="198" count="11" type="stmt"/>
        <line num="199" count="10" type="stmt"/>
        <line num="200" count="10" type="stmt"/>
        <line num="201" count="3" type="stmt"/>
        <line num="202" count="11" type="cond" truecount="2" falsecount="0"/>
        <line num="205" count="3" type="stmt"/>
        <line num="214" count="5" type="stmt"/>
        <line num="218" count="1" type="stmt"/>
      </file>
      <file name="TextPanel.tsx" path="C:\Users\abyan\Abyan\Programming\Random\folder-studio\src\components\panels\TextPanel.tsx">
        <metrics statements="30" coveredstatements="13" conditionals="33" coveredconditionals="14" methods="26" coveredmethods="13"/>
        <line num="35" count="21" type="stmt"/>
        <line num="49" count="26" type="stmt"/>
        <line num="51" count="7" type="stmt"/>
        <line num="59" count="3" type="stmt"/>
        <line num="66" count="0" type="stmt"/>
        <line num="73" count="140" type="stmt"/>
        <line num="86" count="0" type="stmt"/>
        <line num="91" count="0" type="stmt"/>
        <line num="101" count="2" type="cond" truecount="2" falsecount="0"/>
        <line num="111" count="0" type="cond" truecount="0" falsecount="2"/>
        <line num="121" count="0" type="stmt"/>
        <line num="132" count="0" type="cond" truecount="0" falsecount="2"/>
        <line num="148" count="0" type="stmt"/>
        <line num="162" count="0" type="stmt"/>
        <line num="168" count="0" type="stmt"/>
        <line num="169" count="0" type="cond" truecount="0" falsecount="2"/>
        <line num="181" count="0" type="stmt"/>
        <line num="186" count="0" type="stmt"/>
        <line num="200" count="0" type="cond" truecount="0" falsecount="2"/>
        <line num="201" count="0" type="stmt"/>
        <line num="202" count="0" type="stmt"/>
        <line num="204" count="0" type="stmt"/>
        <line num="216" count="0" type="cond" truecount="0" falsecount="2"/>
        <line num="225" count="34" type="stmt"/>
        <line num="226" count="29" type="stmt"/>
        <line num="227" count="29" type="stmt"/>
        <line num="228" count="9" type="stmt"/>
        <line num="229" count="34" type="cond" truecount="2" falsecount="0"/>
        <line num="232" count="9" type="stmt"/>
        <line num="240" count="2" type="stmt"/>
      </file>
      <file name="TexturePanel.tsx" path="C:\Users\abyan\Abyan\Programming\Random\folder-studio\src\components\panels\TexturePanel.tsx">
        <metrics statements="33" coveredstatements="23" conditionals="42" coveredconditionals="32" methods="24" coveredmethods="14"/>
        <line num="23" count="2" type="cond" truecount="1" falsecount="1"/>
        <line num="26" count="2" type="stmt"/>
        <line num="27" count="2" type="cond" truecount="1" falsecount="1"/>
        <line num="37" count="2" type="stmt"/>
        <line num="49" count="26" type="stmt"/>
        <line num="50" count="26" type="stmt"/>
        <line num="51" count="8" type="stmt"/>
        <line num="52" count="8" type="stmt"/>
        <line num="54" count="8" type="stmt"/>
        <line num="56" count="8" type="cond" truecount="4" falsecount="0"/>
        <line num="57" count="2" type="stmt"/>
        <line num="59" count="0" type="stmt"/>
        <line num="68" count="0" type="stmt"/>
        <line num="69" count="2" type="stmt"/>
        <line num="77" count="0" type="stmt"/>
        <line num="78" count="2" type="stmt"/>
        <line num="85" count="0" type="stmt"/>
        <line num="86" count="2" type="stmt"/>
        <line num="96" count="1" type="cond" truecount="1" falsecount="1"/>
        <line num="107" count="0" type="stmt"/>
        <line num="122" count="0" type="cond" truecount="0" falsecount="2"/>
        <line num="134" count="0" type="stmt"/>
        <line num="140" count="0" type="cond" truecount="0" falsecount="2"/>
        <line num="152" count="0" type="stmt"/>
        <line num="164" count="6" type="stmt"/>
        <line num="165" count="198" type="cond" truecount="2" falsecount="0"/>
        <line num="167" count="6" type="stmt"/>
        <line num="173" count="3" type="stmt"/>
        <line num="180" count="106" type="stmt"/>
        <line num="181" count="106" type="stmt"/>
        <line num="187" count="2" type="cond" truecount="4" falsecount="0"/>
        <line num="188" count="1" type="stmt"/>
        <line num="226" count="0" type="stmt"/>
      </file>
    </package>
    <package name="src.components.workspace">
      <metrics statements="134" coveredstatements="107" conditionals="211" coveredconditionals="131" methods="53" coveredmethods="44"/>
      <file name="DrawOverlay.tsx" path="C:\Users\abyan\Abyan\Programming\Random\folder-studio\src\components\workspace\DrawOverlay.tsx">
        <metrics statements="18" coveredstatements="16" conditionals="25" coveredconditionals="19" methods="13" coveredmethods="12"/>
        <line num="17" count="17" type="cond" truecount="1" falsecount="1"/>
        <line num="18" count="0" type="stmt"/>
        <line num="19" count="0" type="cond" truecount="0" falsecount="2"/>
        <line num="23" count="13" type="stmt"/>
        <line num="24" count="48" type="stmt"/>
        <line num="25" count="48" type="stmt"/>
        <line num="26" count="48" type="stmt"/>
        <line num="27" count="48" type="stmt"/>
        <line num="28" count="48" type="stmt"/>
        <line num="29" count="48" type="stmt"/>
        <line num="30" count="48" type="stmt"/>
        <line num="31" count="48" type="stmt"/>
        <line num="32" count="48" type="stmt"/>
        <line num="34" count="13" type="stmt"/>
        <line num="35" count="13" type="cond" truecount="1" falsecount="1"/>
        <line num="37" count="13" type="cond" truecount="4" falsecount="0"/>
        <line num="45" count="13" type="stmt"/>
        <line num="88" count="3" type="stmt"/>
      </file>
      <file name="ElementContextMenu.tsx" path="C:\Users\abyan\Abyan\Programming\Random\folder-studio\src\components\workspace\ElementContextMenu.tsx">
        <metrics statements="18" coveredstatements="15" conditionals="14" coveredconditionals="12" methods="12" coveredmethods="9"/>
        <line num="20" count="19" type="stmt"/>
        <line num="21" count="73" type="stmt"/>
        <line num="23" count="19" type="stmt"/>
        <line num="28" count="5" type="stmt"/>
        <line num="29" count="5" type="cond" truecount="1" falsecount="1"/>
        <line num="30" count="5" type="stmt"/>
        <line num="31" count="5" type="cond" truecount="4" falsecount="0"/>
        <line num="32" count="3" type="stmt"/>
        <line num="43" count="1" type="stmt"/>
        <line num="44" count="1" type="cond" truecount="1" falsecount="1"/>
        <line num="52" count="1" type="stmt"/>
        <line num="58" count="0" type="stmt"/>
        <line num="64" count="0" type="stmt"/>
        <line num="70" count="0" type="stmt"/>
        <line num="77" count="1" type="stmt"/>
        <line num="83" count="1" type="stmt"/>
        <line num="92" count="1" type="stmt"/>
        <line num="93" count="1" type="stmt"/>
      </file>
      <file name="ElementView.tsx" path="C:\Users\abyan\Abyan\Programming\Random\folder-studio\src\components\workspace\ElementView.tsx">
        <metrics statements="38" coveredstatements="31" conditionals="98" coveredconditionals="55" methods="10" coveredmethods="9"/>
        <line num="27" count="10" type="cond" truecount="1" falsecount="1"/>
        <line num="28" count="0" type="cond" truecount="0" falsecount="2"/>
        <line num="29" count="0" type="cond" truecount="0" falsecount="2"/>
        <line num="30" count="0" type="stmt"/>
        <line num="31" count="0" type="cond" truecount="0" falsecount="2"/>
        <line num="33" count="0" type="stmt"/>
        <line num="37" count="21" type="stmt"/>
        <line num="38" count="6" type="cond" truecount="1" falsecount="1"/>
        <line num="39" count="6" type="stmt"/>
        <line num="75" count="6" type="stmt"/>
        <line num="81" count="0" type="cond" truecount="0" falsecount="2"/>
        <line num="84" count="2" type="stmt"/>
        <line num="85" count="2" type="stmt"/>
        <line num="86" count="2" type="cond" truecount="2" falsecount="0"/>
        <line num="87" count="1" type="cond" truecount="1" falsecount="1"/>
        <line num="96" count="13" type="cond" truecount="2" falsecount="0"/>
        <line num="97" count="13" type="cond" truecount="2" falsecount="0"/>
        <line num="98" count="13" type="cond" truecount="2" falsecount="0"/>
        <line num="99" count="13" type="cond" truecount="2" falsecount="0"/>
        <line num="100" count="13" type="cond" truecount="2" falsecount="0"/>
        <line num="101" count="13" type="cond" truecount="4" falsecount="0"/>
        <line num="104" count="13" type="stmt"/>
        <line num="106" count="13" type="stmt"/>
        <line num="107" count="48" type="cond" truecount="1" falsecount="1"/>
        <line num="109" count="41" type="stmt"/>
        <line num="111" count="13" type="cond" truecount="1" falsecount="5"/>
        <line num="113" count="13" type="stmt"/>
        <line num="134" count="13" type="cond" truecount="2" falsecount="0"/>
        <line num="135" count="3" type="stmt"/>
        <line num="136" count="10" type="cond" truecount="1" falsecount="1"/>
        <line num="137" count="0" type="stmt"/>
        <line num="146" count="10" type="stmt"/>
        <line num="147" count="10" type="cond" truecount="1" falsecount="1"/>
        <line num="157" count="13" type="stmt"/>
        <line num="162" count="3" type="cond" truecount="2" falsecount="2"/>
        <line num="163" count="3" type="stmt"/>
        <line num="168" count="1" type="stmt"/>
        <line num="169" count="1" type="stmt"/>
      </file>
      <file name="FolderBase.tsx" path="C:\Users\abyan\Abyan\Programming\Random\folder-studio\src\components\workspace\FolderBase.tsx">
        <metrics statements="5" coveredstatements="2" conditionals="14" coveredconditionals="3" methods="1" coveredmethods="1"/>
        <line num="14" count="11" type="cond" truecount="2" falsecount="2"/>
        <line num="15" count="0" type="stmt"/>
        <line num="16" count="0" type="stmt"/>
        <line num="33" count="0" type="stmt"/>
        <line num="36" count="11" type="stmt"/>
      </file>
      <file name="SelectionOverlay.tsx" path="C:\Users\abyan\Abyan\Programming\Random\folder-studio\src\components\workspace\SelectionOverlay.tsx">
        <metrics statements="26" coveredstatements="26" conditionals="22" coveredconditionals="22" methods="5" coveredmethods="4"/>
        <line num="26" count="2" type="stmt"/>
        <line num="27" count="2" type="stmt"/>
        <line num="28" count="2" type="stmt"/>
        <line num="29" count="2" type="stmt"/>
        <line num="30" count="2" type="stmt"/>
        <line num="33" count="56" type="stmt"/>
        <line num="43" count="56" type="cond" truecount="2" falsecount="0"/>
        <line num="44" count="28" type="cond" truecount="2" falsecount="0"/>
        <line num="45" count="28" type="cond" truecount="2" falsecount="0"/>
        <line num="46" count="28" type="cond" truecount="2" falsecount="0"/>
        <line num="47" count="28" type="cond" truecount="2" falsecount="0"/>
        <line num="48" count="28" type="stmt"/>
        <line num="49" count="28" type="cond" truecount="4" falsecount="0"/>
        <line num="50" count="14" type="cond" truecount="2" falsecount="0"/>
        <line num="51" count="14" type="stmt"/>
        <line num="52" count="14" type="stmt"/>
        <line num="53" count="14" type="stmt"/>
        <line num="55" count="14" type="cond" truecount="2" falsecount="0"/>
        <line num="56" count="14" type="stmt"/>
        <line num="57" count="14" type="stmt"/>
        <line num="58" count="14" type="stmt"/>
        <line num="60" count="56" type="stmt"/>
        <line num="64" count="11" type="stmt"/>
        <line num="67" count="7" type="stmt"/>
        <line num="68" count="7" type="stmt"/>
        <line num="94" count="56" type="stmt"/>
      </file>
      <file name="TextureOverlay.tsx" path="C:\Users\abyan\Abyan\Programming\Random\folder-studio\src\components\workspace\TextureOverlay.tsx">
        <metrics statements="10" coveredstatements="0" conditionals="6" coveredconditionals="0" methods="2" coveredmethods="0"/>
        <line num="15" count="0" type="stmt"/>
        <line num="16" count="0" type="cond" truecount="0" falsecount="2"/>
        <line num="26" count="0" type="stmt"/>
        <line num="27" count="0" type="cond" truecount="0" falsecount="2"/>
        <line num="28" count="0" type="stmt"/>
        <line num="29" count="0" type="stmt"/>
        <line num="30" count="0" type="stmt"/>
        <line num="32" count="0" type="stmt"/>
        <line num="48" count="0" type="stmt"/>
        <line num="59" count="0" type="stmt"/>
      </file>
      <file name="Workspace.tsx" path="C:\Users\abyan\Abyan\Programming\Random\folder-studio\src\components\workspace\Workspace.tsx">
        <metrics statements="19" coveredstatements="17" conditionals="32" coveredconditionals="20" methods="10" coveredmethods="9"/>
        <line num="28" count="7" type="stmt"/>
        <line num="39" count="36" type="stmt"/>
        <line num="40" count="35" type="stmt"/>
        <line num="41" count="35" type="stmt"/>
        <line num="42" count="37" type="stmt"/>
        <line num="43" count="11" type="stmt"/>
        <line num="44" count="11" type="stmt"/>
        <line num="45" count="11" type="stmt"/>
        <line num="47" count="11" type="stmt"/>
        <line num="48" count="11" type="stmt"/>
        <line num="50" count="11" type="stmt"/>
        <line num="51" count="10" type="cond" truecount="2" falsecount="2"/>
        <line num="55" count="11" type="stmt"/>
        <line num="56" count="10" type="stmt"/>
        <line num="57" count="7" type="stmt"/>
        <line num="59" count="11" type="stmt"/>
        <line num="75" count="11" type="stmt"/>
        <line num="83" count="0" type="cond" truecount="0" falsecount="2"/>
        <line num="84" count="0" type="stmt"/>
      </file>
    </package>
    <package name="src.data">
      <metrics statements="12" coveredstatements="11" conditionals="4" coveredconditionals="2" methods="3" coveredmethods="2"/>
      <file name="gradientPresets.ts" path="C:\Users\abyan\Abyan\Programming\Random\folder-studio\src\data\gradientPresets.ts">
        <metrics statements="3" coveredstatements="3" conditionals="0" coveredconditionals="0" methods="1" coveredmethods="1"/>
        <line num="15" count="7" type="stmt"/>
        <line num="21" count="175" type="stmt"/>
        <line num="23" count="7" type="stmt"/>
      </file>
      <file name="iconNames.ts" path="C:\Users\abyan\Abyan\Programming\Random\folder-studio\src\data\iconNames.ts">
        <metrics statements="2" coveredstatements="2" conditionals="0" coveredconditionals="0" methods="0" coveredmethods="0"/>
        <line num="7" count="2" type="stmt"/>
        <line num="17" count="2" type="stmt"/>
      </file>
      <file name="logos.ts" path="C:\Users\abyan\Abyan\Programming\Random\folder-studio\src\data\logos.ts">
        <metrics statements="7" coveredstatements="6" conditionals="4" coveredconditionals="2" methods="2" coveredmethods="1"/>
        <line num="8" count="2" type="stmt"/>
        <line num="16" count="2" type="stmt"/>
        <line num="18" count="2" type="stmt"/>
        <line num="56" count="310" type="cond" truecount="2" falsecount="0"/>
        <line num="59" count="2" type="stmt"/>
        <line num="148" count="2" type="stmt"/>
        <line num="177" count="0" type="cond" truecount="0" falsecount="2"/>
      </file>
    </package>
    <package name="src.hooks">
      <metrics statements="269" coveredstatements="205" conditionals="190" coveredconditionals="119" methods="35" coveredmethods="27"/>
      <file name="useDrawTool.ts" path="C:\Users\abyan\Abyan\Programming\Random\folder-studio\src\hooks\useDrawTool.ts">
        <metrics statements="81" coveredstatements="65" conditionals="58" coveredconditionals="34" methods="7" coveredmethods="6"/>
        <line num="29" count="5" type="stmt"/>
        <line num="30" count="5" type="stmt"/>
        <line num="31" count="5" type="stmt"/>
        <line num="42" count="2" type="stmt"/>
        <line num="43" count="2" type="stmt"/>
        <line num="50" count="2" type="stmt"/>
        <line num="51" count="2" type="cond" truecount="1" falsecount="1"/>
        <line num="52" count="2" type="stmt"/>
        <line num="58" count="13" type="stmt"/>
        <line num="59" count="13" type="stmt"/>
        <line num="60" count="13" type="stmt"/>
        <line num="62" count="13" type="stmt"/>
        <line num="63" count="9" type="stmt"/>
        <line num="64" count="9" type="stmt"/>
        <line num="67" count="13" type="stmt"/>
        <line num="68" count="5" type="stmt"/>
        <line num="69" count="5" type="stmt"/>
        <line num="70" count="5" type="stmt"/>
        <line num="71" count="5" type="stmt"/>
        <line num="72" count="5" type="stmt"/>
        <line num="74" count="5" type="cond" truecount="2" falsecount="0"/>
        <line num="75" count="1" type="stmt"/>
        <line num="76" count="1" type="stmt"/>
        <line num="77" count="1" type="stmt"/>
        <line num="78" count="1" type="cond" truecount="1" falsecount="1"/>
        <line num="79" count="1" type="stmt"/>
        <line num="82" count="4" type="cond" truecount="4" falsecount="0"/>
        <line num="83" count="2" type="stmt"/>
        <line num="84" count="2" type="stmt"/>
        <line num="86" count="2" type="cond" truecount="3" falsecount="0"/>
        <line num="87" count="2" type="stmt"/>
        <line num="88" count="2" type="cond" truecount="2" falsecount="2"/>
        <line num="90" count="0" type="cond" truecount="0" falsecount="2"/>
        <line num="91" count="0" type="stmt"/>
        <line num="92" count="0" type="stmt"/>
        <line num="94" count="2" type="cond" truecount="1" falsecount="1"/>
        <line num="95" count="2" type="stmt"/>
        <line num="97" count="0" type="stmt"/>
        <line num="98" count="0" type="stmt"/>
        <line num="100" count="2" type="stmt"/>
        <line num="104" count="2" type="stmt"/>
        <line num="105" count="2" type="stmt"/>
        <line num="113" count="13" type="stmt"/>
        <line num="114" count="4" type="stmt"/>
        <line num="115" count="4" type="stmt"/>
        <line num="116" count="4" type="stmt"/>
        <line num="118" count="4" type="cond" truecount="4" falsecount="0"/>
        <line num="119" count="1" type="stmt"/>
        <line num="120" count="1" type="cond" truecount="1" falsecount="1"/>
        <line num="121" count="1" type="stmt"/>
        <line num="124" count="3" type="cond" truecount="3" falsecount="1"/>
        <line num="125" count="3" type="stmt"/>
        <line num="126" count="3" type="stmt"/>
        <line num="127" count="3" type="cond" truecount="2" falsecount="0"/>
        <line num="128" count="2" type="stmt"/>
        <line num="130" count="3" type="stmt"/>
        <line num="133" count="0" type="cond" truecount="0" falsecount="5"/>
        <line num="134" count="0" type="stmt"/>
        <line num="135" count="0" type="cond" truecount="0" falsecount="2"/>
        <line num="136" count="0" type="stmt"/>
        <line num="138" count="0" type="stmt"/>
        <line num="141" count="0" type="cond" truecount="0" falsecount="4"/>
        <line num="142" count="0" type="stmt"/>
        <line num="146" count="13" type="stmt"/>
        <line num="147" count="5" type="stmt"/>
        <line num="149" count="5" type="cond" truecount="2" falsecount="0"/>
        <line num="150" count="1" type="stmt"/>
        <line num="151" count="1" type="stmt"/>
        <line num="152" count="1" type="stmt"/>
        <line num="155" count="4" type="cond" truecount="2" falsecount="0"/>
        <line num="156" count="2" type="stmt"/>
        <line num="157" count="2" type="stmt"/>
        <line num="158" count="2" type="cond" truecount="2" falsecount="0"/>
        <line num="159" count="2" type="stmt"/>
        <line num="162" count="2" type="cond" truecount="2" falsecount="2"/>
        <line num="163" count="0" type="stmt"/>
        <line num="164" count="0" type="stmt"/>
        <line num="165" count="0" type="stmt"/>
        <line num="169" count="13" type="stmt"/>
        <line num="170" count="0" type="stmt"/>
        <line num="173" count="13" type="stmt"/>
      </file>
      <file name="useInteraction.ts" path="C:\Users\abyan\Abyan\Programming\Random\folder-studio\src\hooks\useInteraction.ts">
        <metrics statements="112" coveredstatements="64" conditionals="51" coveredconditionals="18" methods="21" coveredmethods="14"/>
        <line num="52" count="2" type="stmt"/>
        <line num="53" count="2" type="stmt"/>
        <line num="68" count="2" type="stmt"/>
        <line num="80" count="11" type="stmt"/>
        <line num="81" count="11" type="stmt"/>
        <line num="82" count="11" type="stmt"/>
        <line num="84" count="11" type="stmt"/>
        <line num="85" count="6" type="stmt"/>
        <line num="86" count="6" type="stmt"/>
        <line num="89" count="11" type="stmt"/>
        <line num="91" count="2" type="stmt"/>
        <line num="92" count="2" type="cond" truecount="1" falsecount="1"/>
        <line num="93" count="2" type="cond" truecount="1" falsecount="1"/>
        <line num="94" count="2" type="stmt"/>
        <line num="95" count="2" type="stmt"/>
        <line num="96" count="2" type="cond" truecount="1" falsecount="1"/>
        <line num="97" count="0" type="stmt"/>
        <line num="98" count="0" type="stmt"/>
        <line num="105" count="2" type="stmt"/>
        <line num="106" count="2" type="stmt"/>
        <line num="107" count="2" type="stmt"/>
        <line num="114" count="0" type="cond" truecount="0" falsecount="2"/>
        <line num="115" count="0" type="stmt"/>
        <line num="116" count="0" type="stmt"/>
        <line num="117" count="0" type="cond" truecount="0" falsecount="2"/>
        <line num="118" count="0" type="stmt"/>
        <line num="119" count="0" type="stmt"/>
        <line num="120" count="0" type="stmt"/>
        <line num="122" count="0" type="stmt"/>
        <line num="123" count="0" type="stmt"/>
        <line num="129" count="11" type="stmt"/>
        <line num="130" count="2" type="stmt"/>
        <line num="131" count="2" type="stmt"/>
        <line num="132" count="2" type="stmt"/>
        <line num="133" count="2" type="stmt"/>
        <line num="134" count="2" type="stmt"/>
        <line num="135" count="2" type="cond" truecount="1" falsecount="1"/>
        <line num="136" count="2" type="cond" truecount="1" falsecount="1"/>
        <line num="137" count="0" type="cond" truecount="0" falsecount="4"/>
        <line num="138" count="0" type="stmt"/>
        <line num="139" count="0" type="stmt"/>
        <line num="140" count="0" type="stmt"/>
        <line num="143" count="0" type="stmt"/>
        <line num="145" count="2" type="cond" truecount="1" falsecount="1"/>
        <line num="146" count="2" type="stmt"/>
        <line num="149" count="2" type="stmt"/>
        <line num="152" count="11" type="stmt"/>
        <line num="153" count="2" type="stmt"/>
        <line num="154" count="2" type="stmt"/>
        <line num="157" count="11" type="stmt"/>
        <line num="159" count="4" type="stmt"/>
        <line num="160" count="4" type="stmt"/>
        <line num="165" count="11" type="stmt"/>
        <line num="167" count="3" type="stmt"/>
        <line num="168" count="3" type="stmt"/>
        <line num="169" count="3" type="stmt"/>
        <line num="170" count="3" type="stmt"/>
        <line num="171" count="3" type="cond" truecount="4" falsecount="0"/>
        <line num="172" count="2" type="stmt"/>
        <line num="175" count="2" type="cond" truecount="3" falsecount="1"/>
        <line num="176" count="0" type="stmt"/>
        <line num="177" count="0" type="cond" truecount="0" falsecount="2"/>
        <line num="178" count="0" type="stmt"/>
        <line num="179" count="0" type="cond" truecount="0" falsecount="2"/>
        <line num="180" count="0" type="stmt"/>
        <line num="181" count="2" type="cond" truecount="1" falsecount="1"/>
        <line num="182" count="2" type="stmt"/>
        <line num="183" count="2" type="stmt"/>
        <line num="185" count="0" type="stmt"/>
        <line num="187" count="2" type="stmt"/>
        <line num="192" count="2" type="stmt"/>
        <line num="199" count="2" type="stmt"/>
        <line num="200" count="2" type="cond" truecount="1" falsecount="1"/>
        <line num="202" count="2" type="stmt"/>
        <line num="203" count="2" type="stmt"/>
        <line num="204" count="2" type="cond" truecount="2" falsecount="0"/>
        <line num="206" count="2" type="stmt"/>
        <line num="207" count="2" type="stmt"/>
        <line num="208" count="2" type="cond" truecount="1" falsecount="1"/>
        <line num="211" count="2" type="stmt"/>
        <line num="212" count="2" type="stmt"/>
        <line num="213" count="2" type="stmt"/>
        <line num="218" count="11" type="stmt"/>
        <line num="220" count="0" type="stmt"/>
        <line num="221" count="0" type="stmt"/>
        <line num="222" count="0" type="stmt"/>
        <line num="223" count="0" type="stmt"/>
        <line num="224" count="0" type="stmt"/>
        <line num="225" count="0" type="cond" truecount="0" falsecount="4"/>
        <line num="226" count="0" type="stmt"/>
        <line num="233" count="0" type="stmt"/>
        <line num="234" count="0" type="stmt"/>
        <line num="239" count="11" type="stmt"/>
        <line num="241" count="0" type="stmt"/>
        <line num="242" count="0" type="stmt"/>
        <line num="243" count="0" type="stmt"/>
        <line num="244" count="0" type="stmt"/>
        <line num="245" count="0" type="stmt"/>
        <line num="246" count="0" type="stmt"/>
        <line num="247" count="0" type="cond" truecount="0" falsecount="5"/>
        <line num="248" count="0" type="stmt"/>
        <line num="249" count="0" type="stmt"/>
        <line num="250" count="0" type="stmt"/>
        <line num="255" count="11" type="stmt"/>
        <line num="257" count="0" type="stmt"/>
        <line num="258" count="0" type="cond" truecount="0" falsecount="2"/>
        <line num="259" count="0" type="stmt"/>
        <line num="260" count="0" type="stmt"/>
        <line num="261" count="0" type="stmt"/>
        <line num="262" count="0" type="stmt"/>
        <line num="263" count="0" type="stmt"/>
        <line num="268" count="11" type="stmt"/>
      </file>
      <file name="useKeyboardShortcuts.ts" path="C:\Users\abyan\Abyan\Programming\Random\folder-studio\src\hooks\useKeyboardShortcuts.ts">
        <metrics statements="76" coveredstatements="76" conditionals="81" coveredconditionals="67" methods="7" coveredmethods="7"/>
        <line num="17" count="3" type="stmt"/>
        <line num="20" count="15" type="stmt"/>
        <line num="21" count="15" type="cond" truecount="1" falsecount="1"/>
        <line num="22" count="15" type="cond" truecount="2" falsecount="0"/>
        <line num="26" count="11" type="stmt"/>
        <line num="27" count="11" type="stmt"/>
        <line num="28" count="16" type="cond" truecount="2" falsecount="0"/>
        <line num="29" count="15" type="cond" truecount="1" falsecount="1"/>
        <line num="31" count="15" type="cond" truecount="2" falsecount="0"/>
        <line num="32" count="16" type="stmt"/>
        <line num="33" count="16" type="stmt"/>
        <line num="34" count="16" type="stmt"/>
        <line num="35" count="16" type="stmt"/>
        <line num="37" count="16" type="cond" truecount="5" falsecount="0"/>
        <line num="38" count="2" type="stmt"/>
        <line num="39" count="2" type="stmt"/>
        <line num="40" count="2" type="stmt"/>
        <line num="42" count="13" type="cond" truecount="6" falsecount="0"/>
        <line num="43" count="2" type="stmt"/>
        <line num="44" count="2" type="stmt"/>
        <line num="45" count="2" type="stmt"/>
        <line num="47" count="11" type="cond" truecount="4" falsecount="0"/>
        <line num="48" count="1" type="cond" truecount="1" falsecount="1"/>
        <line num="49" count="1" type="stmt"/>
        <line num="50" count="1" type="stmt"/>
        <line num="51" count="1" type="stmt"/>
        <line num="53" count="1" type="stmt"/>
        <line num="55" count="10" type="cond" truecount="2" falsecount="0"/>
        <line num="56" count="3" type="stmt"/>
        <line num="57" count="3" type="cond" truecount="2" falsecount="0"/>
        <line num="59" count="2" type="cond" truecount="5" falsecount="0"/>
        <line num="60" count="1" type="stmt"/>
        <line num="62" count="1" type="stmt"/>
        <line num="64" count="2" type="stmt"/>
        <line num="66" count="1" type="stmt"/>
        <line num="67" count="1" type="stmt"/>
        <line num="68" count="1" type="stmt"/>
        <line num="70" count="7" type="cond" truecount="4" falsecount="0"/>
        <line num="71" count="1" type="stmt"/>
        <line num="72" count="1" type="cond" truecount="1" falsecount="1"/>
        <line num="73" count="1" type="stmt"/>
        <line num="74" count="1" type="stmt"/>
        <line num="76" count="1" type="stmt"/>
        <line num="78" count="6" type="cond" truecount="4" falsecount="0"/>
        <line num="79" count="1" type="cond" truecount="1" falsecount="1"/>
        <line num="80" count="1" type="stmt"/>
        <line num="81" count="1" type="stmt"/>
        <line num="82" count="1" type="cond" truecount="1" falsecount="1"/>
        <line num="84" count="1" type="stmt"/>
        <line num="86" count="5" type="cond" truecount="4" falsecount="0"/>
        <line num="87" count="1" type="cond" truecount="1" falsecount="1"/>
        <line num="88" count="1" type="stmt"/>
        <line num="89" count="2" type="stmt"/>
        <line num="90" count="2" type="stmt"/>
        <line num="92" count="1" type="stmt"/>
        <line num="94" count="4" type="cond" truecount="4" falsecount="0"/>
        <line num="95" count="2" type="cond" truecount="1" falsecount="1"/>
        <line num="96" count="2" type="stmt"/>
        <line num="97" count="2" type="stmt"/>
        <line num="98" count="2" type="stmt"/>
        <line num="99" count="4" type="stmt"/>
        <line num="100" count="4" type="stmt"/>
        <line num="101" count="4" type="stmt"/>
        <line num="103" count="2" type="stmt"/>
        <line num="105" count="2" type="stmt"/>
        <line num="107" count="2" type="cond" truecount="6" falsecount="1"/>
        <line num="111" count="2" type="stmt"/>
        <line num="112" count="2" type="cond" truecount="2" falsecount="0"/>
        <line num="113" count="2" type="cond" truecount="2" falsecount="2"/>
        <line num="114" count="2" type="cond" truecount="2" falsecount="2"/>
        <line num="115" count="2" type="stmt"/>
        <line num="116" count="2" type="stmt"/>
        <line num="117" count="2" type="cond" truecount="1" falsecount="1"/>
        <line num="119" count="2" type="stmt"/>
        <line num="122" count="11" type="stmt"/>
        <line num="123" count="11" type="stmt"/>
      </file>
    </package>
    <package name="src.lib">
      <metrics statements="493" coveredstatements="460" conditionals="462" coveredconditionals="316" methods="106" coveredmethods="103"/>
      <file name="color.ts" path="C:\Users\abyan\Abyan\Programming\Random\folder-studio\src\lib\color.ts">
        <metrics statements="50" coveredstatements="44" conditionals="29" coveredconditionals="24" methods="9" coveredmethods="8"/>
        <line num="13" count="371" type="stmt"/>
        <line num="14" count="371" type="stmt"/>
        <line num="15" count="371" type="stmt"/>
        <line num="16" count="371" type="stmt"/>
        <line num="17" count="371" type="stmt"/>
        <line num="18" count="371" type="stmt"/>
        <line num="19" count="371" type="cond" truecount="2" falsecount="0"/>
        <line num="20" count="185" type="stmt"/>
        <line num="21" count="185" type="stmt"/>
        <line num="22" count="186" type="cond" truecount="2" falsecount="0"/>
        <line num="23" count="2" type="stmt"/>
        <line num="24" count="2" type="stmt"/>
        <line num="25" count="184" type="cond" truecount="2" falsecount="0"/>
        <line num="26" count="26" type="stmt"/>
        <line num="27" count="26" type="stmt"/>
        <line num="28" count="158" type="cond" truecount="2" falsecount="0"/>
        <line num="29" count="74" type="stmt"/>
        <line num="30" count="74" type="stmt"/>
        <line num="31" count="84" type="cond" truecount="2" falsecount="0"/>
        <line num="32" count="52" type="stmt"/>
        <line num="33" count="52" type="stmt"/>
        <line num="35" count="32" type="stmt"/>
        <line num="36" count="32" type="stmt"/>
        <line num="38" count="371" type="stmt"/>
        <line num="46" count="1128" type="stmt"/>
        <line num="51" count="371" type="stmt"/>
        <line num="52" count="371" type="stmt"/>
        <line num="57" count="46" type="cond" truecount="4" falsecount="0"/>
        <line num="58" count="44" type="stmt"/>
        <line num="59" count="44" type="stmt"/>
        <line num="60" count="44" type="stmt"/>
        <line num="61" count="44" type="stmt"/>
        <line num="62" count="44" type="stmt"/>
[...]
        <line num="50" count="3" type="cond" truecount="1" falsecount="0"/>
        <line num="54" count="6" type="stmt"/>
        <line num="62" count="15" type="cond" truecount="2" falsecount="0"/>
        <line num="63" count="201" type="stmt"/>
        <line num="64" count="14" type="cond" truecount="4" falsecount="0"/>
        <line num="65" count="13" type="stmt"/>
        <line num="66" count="13" type="cond" truecount="2" falsecount="0"/>
        <line num="68" count="15" type="cond" truecount="4" falsecount="0"/>
        <line num="69" count="6" type="stmt"/>
        <line num="73" count="7" type="stmt"/>
        <line num="74" count="7" type="stmt"/>
        <line num="75" count="260" type="stmt"/>
        <line num="76" count="260" type="stmt"/>
        <line num="78" count="7" type="stmt"/>
        <line num="79" count="7" type="stmt"/>
        <line num="80" count="7" type="stmt"/>
        <line num="81" count="7" type="cond" truecount="5" falsecount="0"/>
        <line num="82" count="3" type="cond" truecount="2" falsecount="2"/>
        <line num="83" count="3" type="stmt"/>
        <line num="84" count="3" type="cond" truecount="1" falsecount="1"/>
        <line num="85" count="3" type="stmt"/>
        <line num="86" count="30" type="stmt"/>
        <line num="87" count="30" type="stmt"/>
        <line num="88" count="30" type="stmt"/>
        <line num="89" count="30" type="stmt"/>
        <line num="91" count="4" type="cond" truecount="1" falsecount="1"/>
        <line num="92" count="0" type="stmt"/>
        <line num="93" count="0" type="stmt"/>
        <line num="94" count="0" type="stmt"/>
        <line num="95" count="0" type="stmt"/>
        <line num="96" count="0" type="stmt"/>
        <line num="98" count="4" type="cond" truecount="2" falsecount="0"/>
        <line num="99" count="2" type="stmt"/>
        <line num="100" count="28" type="stmt"/>
        <line num="101" count="28" type="stmt"/>
        <line num="102" count="28" type="stmt"/>
        <line num="103" count="28" type="stmt"/>
        <line num="104" count="28" type="stmt"/>
        <line num="105" count="28" type="stmt"/>
        <line num="107" count="2" type="cond" truecount="1" falsecount="1"/>
        <line num="108" count="2" type="stmt"/>
        <line num="109" count="10" type="stmt"/>
        <line num="110" count="10" type="stmt"/>
        <line num="111" count="10" type="stmt"/>
        <line num="112" count="10" type="stmt"/>
        <line num="113" count="10" type="stmt"/>
        <line num="114" count="10" type="stmt"/>
        <line num="115" count="100" type="stmt"/>
        <line num="116" count="100" type="cond" truecount="2" falsecount="0"/>
        <line num="117" count="100" type="cond" truecount="2" falsecount="0"/>
        <line num="119" count="10" type="stmt"/>
        <line num="121" count="0" type="cond" truecount="0" falsecount="2"/>
        <line num="122" count="0" type="stmt"/>
        <line num="123" count="0" type="stmt"/>
        <line num="124" count="0" type="stmt"/>
        <line num="125" count="0" type="stmt"/>
        <line num="126" count="0" type="stmt"/>
        <line num="129" count="7" type="stmt"/>
      </file>
      <file name="trim.ts" path="C:\Users\abyan\Abyan\Programming\Random\folder-studio\src\lib\export\trim.ts">
        <metrics statements="24" coveredstatements="24" conditionals="14" coveredconditionals="12" methods="2" coveredmethods="2"/>
        <line num="18" count="3" type="stmt"/>
        <line num="19" count="3" type="stmt"/>
        <line num="20" count="3" type="stmt"/>
        <line num="21" count="3" type="stmt"/>
        <line num="22" count="3" type="stmt"/>
        <line num="23" count="16" type="stmt"/>
        <line num="24" count="96" type="cond" truecount="2" falsecount="0"/>
        <line num="25" count="3" type="cond" truecount="2" falsecount="0"/>
        <line num="26" count="3" type="cond" truecount="2" falsecount="0"/>
        <line num="27" count="3" type="cond" truecount="1" falsecount="1"/>
        <line num="28" count="3" type="cond" truecount="1" falsecount="1"/>
        <line num="32" count="3" type="cond" truecount="2" falsecount="0"/>
        <line num="54" count="3" type="cond" truecount="2" falsecount="0"/>
        <line num="55" count="2" type="stmt"/>
        <line num="56" count="2" type="stmt"/>
        <line num="57" count="2" type="stmt"/>
        <line num="58" count="2" type="stmt"/>
        <line num="59" count="2" type="stmt"/>
        <line num="60" count="2" type="stmt"/>
        <line num="61" count="2" type="stmt"/>
        <line num="62" count="2" type="stmt"/>
        <line num="63" count="2" type="stmt"/>
        <line num="64" count="2" type="stmt"/>
        <line num="65" count="2" type="stmt"/>
      </file>
    </package>
    <package name="src.store">
      <metrics statements="252" coveredstatements="248" conditionals="104" coveredconditionals="86" methods="163" coveredmethods="161"/>
      <file name="documentStore.ts" path="C:\Users\abyan\Abyan\Programming\Random\folder-studio\src\store\documentStore.ts">
        <metrics statements="168" coveredstatements="168" conditionals="86" coveredconditionals="73" methods="109" coveredmethods="109"/>
        <line num="129" count="122" type="stmt"/>
        <line num="130" count="129" type="cond" truecount="2" falsecount="0"/>
        <line num="136" count="8" type="stmt"/>
        <line num="137" count="8" type="stmt"/>
        <line num="138" count="8" type="stmt"/>
        <line num="139" count="8" type="stmt"/>
        <line num="145" count="15" type="stmt"/>
        <line num="147" count="15" type="stmt"/>
        <line num="151" count="17" type="stmt"/>
        <line num="154" count="8" type="stmt"/>
        <line num="155" count="8" type="stmt"/>
        <line num="156" count="8" type="stmt"/>
        <line num="157" count="8" type="cond" truecount="2" falsecount="0"/>
        <line num="158" count="8" type="stmt"/>
        <line num="159" count="4" type="cond" truecount="2" falsecount="0"/>
        <line num="161" count="8" type="cond" truecount="2" falsecount="0"/>
        <line num="162" count="8" type="stmt"/>
        <line num="163" count="8" type="stmt"/>
        <line num="165" count="8" type="stmt"/>
        <line num="169" count="5" type="stmt"/>
        <line num="170" count="5" type="stmt"/>
        <line num="171" count="5" type="stmt"/>
        <line num="175" count="34" type="stmt"/>
        <line num="176" count="34" type="stmt"/>
        <line num="177" count="34" type="stmt"/>
        <line num="178" count="34" type="stmt"/>
        <line num="179" count="34" type="stmt"/>
        <line num="180" count="34" type="stmt"/>
        <line num="182" count="34" type="stmt"/>
        <line num="186" count="2" type="stmt"/>
        <line num="187" count="2" type="stmt"/>
        <line num="188" count="2" type="stmt"/>
        <line num="192" count="7" type="stmt"/>
        <line num="193" count="7" type="stmt"/>
        <line num="194" count="7" type="stmt"/>
        <line num="195" count="7" type="cond" truecount="2" falsecount="0"/>
        <line num="196" count="7" type="stmt"/>
        <line num="197" count="7" type="stmt"/>
        <line num="199" count="7" type="stmt"/>
        <line num="203" count="1" type="stmt"/>
        <line num="204" count="1" type="stmt"/>
        <line num="205" count="1" type="stmt"/>
        <line num="206" count="3" type="cond" truecount="4" falsecount="0"/>
        <line num="208" count="3" type="stmt"/>
        <line num="209" count="1" type="stmt"/>
        <line num="219" count="122" type="stmt"/>
        <line num="224" count="6" type="stmt"/>
        <line num="228" count="8" type="cond" truecount="1" falsecount="1"/>
        <line num="234" count="6" type="stmt"/>
        <line num="235" count="6" type="stmt"/>
        <line num="236" count="6" type="stmt"/>
        <line num="237" count="6" type="stmt"/>
        <line num="238" count="11" type="cond" truecount="4" falsecount="0"/>
        <line num="240" count="11" type="stmt"/>
        <line num="241" count="6" type="stmt"/>
        <line num="242" count="6" type="stmt"/>
        <line num="246" count="4" type="stmt"/>
        <line num="247" count="4" type="stmt"/>
        <line num="248" count="4" type="stmt"/>
        <line num="249" count="4" type="cond" truecount="2" falsecount="0"/>
        <line num="250" count="3" type="stmt"/>
        <line num="251" count="3" type="stmt"/>
        <line num="257" count="3" type="stmt"/>
        <line num="259" count="4" type="stmt"/>
        <line num="263" count="2" type="stmt"/>
        <line num="264" count="4" type="stmt"/>
        <line num="265" count="2" type="cond" truecount="4" falsecount="0"/>
        <line num="266" count="1" type="stmt"/>
        <line num="270" count="2" type="stmt"/>
        <line num="271" count="4" type="stmt"/>
        <line num="272" count="2" type="cond" truecount="2" falsecount="0"/>
        <line num="273" count="1" type="stmt"/>
        <line num="277" count="3" type="stmt"/>
        <line num="278" count="3" type="stmt"/>
        <line num="279" count="3" type="cond" truecount="1" falsecount="1"/>
        <line num="280" count="3" type="stmt"/>
        <line num="286" count="2" type="stmt"/>
        <line num="287" count="6" type="stmt"/>
        <line num="288" count="2" type="cond" truecount="1" falsecount="1"/>
        <line num="289" count="2" type="stmt"/>
        <line num="293" count="2" type="stmt"/>
        <line num="294" count="2" type="cond" truecount="2" falsecount="0"/>
        <line num="295" count="1" type="stmt"/>
        <line num="296" count="3" type="stmt"/>
        <line num="297" count="1" type="cond" truecount="3" falsecount="1"/>
        <line num="298" count="1" type="stmt"/>
        <line num="302" count="4" type="stmt"/>
        <line num="303" count="4" type="stmt"/>
        <line num="304" count="14" type="stmt"/>
        <line num="305" count="12" type="stmt"/>
        <line num="306" count="4" type="stmt"/>
        <line num="308" count="11" type="stmt"/>
        <line num="309" count="11" type="stmt"/>
        <line num="310" count="4" type="cond" truecount="2" falsecount="0"/>
        <line num="313" count="3" type="cond" truecount="1" falsecount="1"/>
        <line num="316" count="4" type="stmt"/>
        <line num="320" count="9" type="stmt"/>
        <line num="321" count="9" type="stmt"/>
        <line num="322" count="19" type="stmt"/>
        <line num="323" count="13" type="stmt"/>
        <line num="324" count="9" type="cond" truecount="1" falsecount="1"/>
        <line num="325" count="9" type="stmt"/>
        <line num="326" count="9" type="cond" truecount="2" falsecount="0"/>
        <line num="327" count="8" type="cond" truecount="2" falsecount="0"/>
        <line num="328" count="6" type="cond" truecount="2" falsecount="0"/>
        <line num="329" count="5" type="cond" truecount="2" falsecount="0"/>
        <line num="330" count="4" type="cond" truecount="2" falsecount="0"/>
        <line num="331" count="3" type="cond" truecount="2" falsecount="0"/>
        <line num="332" count="2" type="cond" truecount="2" falsecount="0"/>
        <line num="333" count="4" type="stmt"/>
        <line num="334" count="1" type="cond" truecount="1" falsecount="1"/>
        <line num="335" count="1" type="stmt"/>
        <line num="336" count="1" type="stmt"/>
        <line num="337" count="1" type="stmt"/>
        <line num="338" count="3" type="stmt"/>
        <line num="339" count="1" type="stmt"/>
        <line num="340" count="1" type="stmt"/>
        <line num="341" count="1" type="stmt"/>
        <line num="342" count="1" type="stmt"/>
        <line num="343" count="1" type="stmt"/>
        <line num="346" count="1" type="cond" truecount="1" falsecount="1"/>
        <line num="347" count="4" type="stmt"/>
        <line num="348" count="1" type="cond" truecount="1" falsecount="1"/>
        <line num="349" count="1" type="stmt"/>
        <line num="350" count="1" type="stmt"/>
        <line num="351" count="1" type="stmt"/>
        <line num="352" count="3" type="stmt"/>
        <line num="353" count="1" type="stmt"/>
        <line num="354" count="1" type="stmt"/>
        <line num="355" count="1" type="stmt"/>
        <line num="356" count="1" type="stmt"/>
        <line num="357" count="1" type="stmt"/>
        <line num="361" count="9" type="stmt"/>
        <line num="365" count="13" type="cond" truecount="2" falsecount="0"/>
        <line num="372" count="4" type="stmt"/>
        <line num="373" count="4" type="stmt"/>
        <line num="374" count="4" type="stmt"/>
        <line num="378" count="4" type="cond" truecount="1" falsecount="1"/>
        <line num="379" count="4" type="cond" truecount="2" falsecount="0"/>
        <line num="388" count="2" type="stmt"/>
        <line num="392" count="4" type="cond" truecount="2" falsecount="0"/>
        <line num="398" count="2" type="stmt"/>
        <line num="402" count="4" type="cond" truecount="2" falsecount="0"/>
        <line num="407" count="1" type="stmt"/>
        <line num="408" count="1" type="stmt"/>
        <line num="410" count="2" type="stmt"/>
        <line num="422" count="7" type="stmt"/>
        <line num="423" count="1" type="stmt"/>
        <line num="424" count="1" type="stmt"/>
        <line num="425" count="1" type="stmt"/>
        <line num="426" count="1" type="stmt"/>
        <line num="427" count="2" type="stmt"/>
        <line num="429" count="1" type="stmt"/>
        <line num="431" count="9" type="stmt"/>
        <line num="432" count="87" type="stmt"/>
        <line num="436" count="331" type="stmt"/>
        <line num="437" count="724" type="stmt"/>
        <line num="452" count="15" type="stmt"/>
        <line num="455" count="9" type="cond" truecount="2" falsecount="0"/>
        <line num="456" count="8" type="stmt"/>
        <line num="457" count="8" type="stmt"/>
        <line num="461" count="8" type="cond" truecount="1" falsecount="1"/>
        <line num="462" count="8" type="stmt"/>
        <line num="463" count="8" type="stmt"/>
        <line num="464" count="8" type="stmt"/>
        <line num="465" count="8" type="stmt"/>
        <line num="466" count="8" type="cond" truecount="2" falsecount="0"/>
        <line num="470" count="2" type="stmt"/>
      </file>
      <file name="galleryStore.ts" path="C:\Users\abyan\Abyan\Programming\Random\folder-studio\src\store\galleryStore.ts">
        <metrics statements="19" coveredstatements="18" conditionals="4" coveredconditionals="2" methods="7" coveredmethods="7"/>
        <line num="21" count="2" type="stmt"/>
        <line num="22" count="2" type="stmt"/>
        <line num="25" count="2" type="stmt"/>
        <line num="26" count="2" type="stmt"/>
        <line num="27" count="2" type="cond" truecount="1" falsecount="1"/>
        <line num="28" count="2" type="cond" truecount="1" falsecount="1"/>
        <line num="30" count="0" type="stmt"/>
        <line num="35" count="23" type="stmt"/>
        <line num="36" count="23" type="stmt"/>
        <line num="48" count="2" type="stmt"/>
        <line num="52" count="230" type="stmt"/>
        <line num="53" count="22" type="stmt"/>
        <line num="54" count="191" type="stmt"/>
        <line num="55" count="22" type="stmt"/>
        <line num="64" count="22" type="stmt"/>
        <line num="65" count="22" type="stmt"/>
        <line num="69" count="20" type="stmt"/>
        <line num="70" count="1" type="stmt"/>
        <line num="71" count="1" type="stmt"/>
      </file>
      <file name="index.ts" path="C:\Users\abyan\Abyan\Programming\Random\folder-studio\src\store\index.ts">
        <metrics statements="2" coveredstatements="2" conditionals="0" coveredconditionals="0" methods="2" coveredmethods="2"/>
        <line num="29" count="1" type="stmt"/>
        <line num="31" count="3" type="stmt"/>
      </file>
      <file name="presetsStore.ts" path="C:\Users\abyan\Abyan\Programming\Random\folder-studio\src\store\presetsStore.ts">
        <metrics statements="34" coveredstatements="31" conditionals="6" coveredconditionals="5" methods="18" coveredmethods="16"/>
        <line num="21" count="14" type="stmt"/>
        <line num="29" count="56" type="stmt"/>
        <line num="30" count="56" type="stmt"/>
        <line num="31" count="56" type="cond" truecount="2" falsecount="0"/>
        <line num="33" count="1" type="stmt"/>
        <line num="38" count="33" type="stmt"/>
        <line num="39" count="33" type="stmt"/>
        <line num="47" count="14" type="stmt"/>
        <line num="49" count="2" type="cond" truecount="1" falsecount="1"/>
        <line num="71" count="14" type="stmt"/>
        <line num="78" count="24" type="stmt"/>
        <line num="79" count="2" type="stmt"/>
        <line num="80" count="2" type="stmt"/>
        <line num="84" count="16" type="stmt"/>
        <line num="86" count="102" type="stmt"/>
        <line num="88" count="16" type="stmt"/>
        <line num="89" count="16" type="stmt"/>
        <line num="93" count="0" type="stmt"/>
        <line num="94" count="0" type="stmt"/>
        <line num="95" count="0" type="stmt"/>
        <line num="100" count="78" type="stmt"/>
        <line num="101" count="13" type="stmt"/>
        <line num="102" count="75" type="stmt"/>
        <line num="103" count="13" type="stmt"/>
        <line num="104" count="26" type="stmt"/>
        <line num="107" count="13" type="stmt"/>
        <line num="108" count="13" type="stmt"/>
        <line num="112" count="12" type="stmt"/>
        <line num="113" count="1" type="stmt"/>
        <line num="114" count="1" type="stmt"/>
        <line num="118" count="2" type="cond" truecount="2" falsecount="0"/>
        <line num="119" count="1" type="stmt"/>
        <line num="120" count="1" type="stmt"/>
        <line num="121" count="1" type="stmt"/>
      </file>
      <file name="selectionStore.ts" path="C:\Users\abyan\Abyan\Programming\Random\folder-studio\src\store\selectionStore.ts">
        <metrics statements="9" coveredstatements="9" conditionals="8" coveredconditionals="6" methods="7" coveredmethods="7"/>
        <line num="21" count="10" type="stmt"/>
        <line num="25" count="30" type="cond" truecount="2" falsecount="0"/>
        <line num="28" count="2" type="stmt"/>
        <line num="29" count="2" type="stmt"/>
        <line num="30" count="2" type="cond" truecount="2" falsecount="0"/>
        <line num="31" count="2" type="stmt"/>
        <line num="33" count="2" type="stmt"/>
        <line num="40" count="6" type="cond" truecount="1" falsecount="1"/>
        <line num="42" count="70" type="stmt"/>
      </file>
      <file name="uiStore.ts" path="C:\Users\abyan\Abyan\Programming\Random\folder-studio\src\store\uiStore.ts">
        <metrics statements="20" coveredstatements="20" conditionals="0" coveredconditionals="0" methods="20" coveredmethods="20"/>
        <line num="74" count="10" type="stmt"/>
        <line num="94" count="12" type="stmt"/>
        <line num="95" count="17" type="stmt"/>
        <line num="96" count="5" type="stmt"/>
        <line num="97" count="1" type="stmt"/>
        <line num="98" count="1" type="stmt"/>
        <line num="99" count="4" type="stmt"/>
        <line num="100" count="2" type="stmt"/>
        <line num="101" count="1" type="stmt"/>
        <line num="103" count="3" type="stmt"/>
        <line num="110" count="2" type="stmt"/>
        <line num="112" count="1" type="stmt"/>
        <line num="118" count="1" type="stmt"/>
        <line num="119" count="1" type="stmt"/>
        <line num="120" count="1" type="stmt"/>
        <line num="121" count="7" type="stmt"/>
        <line num="122" count="3" type="stmt"/>
        <line num="123" count="1" type="stmt"/>
        <line num="124" count="1" type="stmt"/>
        <line num="126" count="4" type="stmt"/>
      </file>
    </package>
  </project>
</coverage>
