{"C:\\Users\\abyan\\Abyan\\Programming\\Random\\folder-studio\\src\\App.tsx": {"path":"C:\\Users\\abyan\\Abyan\\Programming\\Random\\folder-studio\\src\\App.tsx","statementMap":{"0":{"start":{"line":4,"column":2},"end":{"line":4,"column":null}}},"fnMap":{"0":{"name":"App","decl":{"start":{"line":3,"column":24},"end":{"line":3,"column":30}},"loc":{"start":{"line":3,"column":30},"end":{"line":5,"column":null}},"line":3}},"branchMap":{},"s":{"0":1},"f":{"0":1},"b":{},"meta":{"lastBranch":0,"lastFunction":1,"lastStatement":1,"seen":{"f:3:24:3:30":0,"s:4:2:4:Infinity":0},"fnNames":{}}}
,"C:\\Users\\abyan\\Abyan\\Programming\\Random\\folder-studio\\src\\fonts.ts": {"path":"C:\\Users\\abyan\\Abyan\\Programming\\Random\\folder-studio\\src\\fonts.ts","statementMap":{},"fnMap":{},"branchMap":{},"s":{},"f":{},"b":{},"meta":{"lastBranch":0,"lastFunction":0,"lastStatement":0,"seen":{},"fnNames":{}}}
,"C:\\Users\\abyan\\Abyan\\Programming\\Random\\folder-studio\\src\\index.css": {"path":"C:\\Users\\abyan\\Abyan\\Programming\\Random\\folder-studio\\src\\index.css","statementMap":{},"fnMap":{},"branchMap":{},"s":{},"f":{},"b":{},"meta":{"lastBranch":0,"lastFunction":0,"lastStatement":0,"seen":{},"fnNames":{}}}
,"C:\\Users\\abyan\\Abyan\\Programming\\Random\\folder-studio\\src\\components\\color\\ColorField.tsx": {"path":"C:\\Users\\abyan\\Abyan\\Programming\\Random\\folder-studio\\src\\components\\color\\ColorField.tsx","statementMap":{"0":{"start":{"line":24,"column":15},"end":{"line":24,"column":null}},"1":{"start":{"line":25,"column":2},"end":{"line":32,"column":null}},"2":{"start":{"line":35,"column":6},"end":{"line":38,"column":null}},"3":{"start":{"line":36,"column":16},"end":{"line":36,"column":null}},"4":{"start":{"line":36,"column":44},"end":{"line":36,"column":57}},"5":{"start":{"line":37,"column":2},"end":{"line":37,"column":null}},"6":{"start":{"line":53,"column":8},"end":{"line":53,"column":null}},"7":{"start":{"line":54,"column":22},"end":{"line":54,"column":null}},"8":{"start":{"line":55,"column":15},"end":{"line":55,"column":null}},"9":{"start":{"line":57,"column":8},"end":{"line":62,"column":null}},"10":{"start":{"line":58,"column":4},"end":{"line":62,"column":null}},"11":{"start":{"line":64,"column":2},"end":{"line":107,"column":null}},"12":{"start":{"line":79,"column":14},"end":{"line":79,"column":null}},"13":{"start":{"line":79,"column":30},"end":{"line":79,"column":null}},"14":{"start":{"line":80,"column":14},"end":{"line":80,"column":null}}},"fnMap":{"0":{"name":"gradientFromHex","decl":{"start":{"line":23,"column":16},"end":{"line":23,"column":32}},"loc":{"start":{"line":23,"column":55},"end":{"line":33,"column":null}},"line":23},"1":{"name":"(anonymous_1)","decl":{"start":{"line":35,"column":6},"end":{"line":35,"column":22}},"loc":{"start":{"line":35,"column":46},"end":{"line":38,"column":null}},"line":35},"2":{"name":"(anonymous_2)","decl":{"start":{"line":36,"column":29},"end":{"line":36,"column":35}},"loc":{"start":{"line":36,"column":44},"end":{"line":36,"column":57}},"line":36},"3":{"name":"ColorField","decl":{"start":{"line":40,"column":16},"end":{"line":40,"column":27}},"loc":{"start":{"line":52,"column":3},"end":{"line":109,"column":null}},"line":52},"4":{"name":"(anonymous_4)","decl":{"start":{"line":57,"column":8},"end":{"line":57,"column":29}},"loc":{"start":{"line":58,"column":4},"end":{"line":62,"column":null}},"line":58},"5":{"name":"(anonymous_5)","decl":{"start":{"line":78,"column":12},"end":{"line":78,"column":28}},"loc":{"start":{"line":78,"column":34},"end":{"line":81,"column":null}},"line":78}},"branchMap":{"0":{"loc":{"start":{"line":37,"column":9},"end":{"line":37,"column":null}},"type":"cond-expr","locations":[{"start":{"line":37,"column":9},"end":{"line":37,"column":59}},{"start":{"line":37,"column":59},"end":{"line":37,"column":null}}],"line":37},"1":{"loc":{"start":{"line":43,"column":2},"end":{"line":43,"column":null}},"type":"default-arg","locations":[{"start":{"line":43,"column":18},"end":{"line":43,"column":null}}],"line":43},"2":{"loc":{"start":{"line":44,"column":2},"end":{"line":44,"column":null}},"type":"default-arg","locations":[{"start":{"line":44,"column":14},"end":{"line":44,"column":null}}],"line":44},"3":{"loc":{"start":{"line":53,"column":8},"end":{"line":53,"column":null}},"type":"cond-expr","locations":[{"start":{"line":53,"column":52},"end":{"line":53,"column":60}},{"start":{"line":53,"column":60},"end":{"line":53,"column":null}}],"line":53},"4":{"loc":{"start":{"line":54,"column":22},"end":{"line":54,"column":null}},"type":"cond-expr","locations":[{"start":{"line":54,"column":29},"end":{"line":54,"column":51}},{"start":{"line":54,"column":51},"end":{"line":54,"column":null}}],"line":54},"5":{"loc":{"start":{"line":55,"column":15},"end":{"line":55,"column":null}},"type":"cond-expr","locations":[{"start":{"line":55,"column":22},"end":{"line":55,"column":35}},{"start":{"line":55,"column":35},"end":{"line":55,"column":null}}],"line":55},"6":{"loc":{"start":{"line":59,"column":12},"end":{"line":59,"column":null}},"type":"binary-expr","locations":[{"start":{"line":59,"column":12},"end":{"line":59,"column":26}},{"start":{"line":59,"column":26},"end":{"line":59,"column":null}}],"line":59},"7":{"loc":{"start":{"line":60,"column":13},"end":{"line":60,"column":null}},"type":"binary-expr","locations":[{"start":{"line":60,"column":13},"end":{"line":60,"column":28}},{"start":{"line":60,"column":28},"end":{"line":60,"column":null}}],"line":60},"8":{"loc":{"start":{"line":72,"column":29},"end":{"line":72,"column":76}},"type":"cond-expr","locations":[{"start":{"line":72,"column":29},"end":{"line":72,"column":59}},{"start":{"line":72,"column":59},"end":{"line":72,"column":76}}],"line":72},"9":{"loc":{"start":{"line":75,"column":9},"end":{"line":91,"column":null}},"type":"binary-expr","locations":[{"start":{"line":75,"column":9},"end":{"line":75,"column":null}},{"start":{"line":76,"column":10},"end":{"line":91,"column":null}}],"line":75},"10":{"loc":{"start":{"line":79,"column":14},"end":{"line":79,"column":null}},"type":"if","locations":[{"start":{"line":79,"column":14},"end":{"line":79,"column":null}},{"start":{},"end":{}}],"line":79},"11":{"loc":{"start":{"line":80,"column":23},"end":{"line":80,"column":84}},"type":"cond-expr","locations":[{"start":{"line":80,"column":42},"end":{"line":80,"column":65}},{"start":{"line":80,"column":65},"end":{"line":80,"column":84}}],"line":80},"12":{"loc":{"start":{"line":94,"column":9},"end":{"line":97,"column":null}},"type":"cond-expr","locations":[{"start":{"line":95,"column":10},"end":{"line":97,"column":11}},{"start":{"line":97,"column":10},"end":{"line":97,"column":null}}],"line":94},"13":{"loc":{"start":{"line":102,"column":31},"end":{"line":102,"column":null}},"type":"cond-expr","locations":[{"start":{"line":102,"column":47},"end":{"line":102,"column":67}},{"start":{"line":102,"column":67},"end":{"line":102,"column":null}}],"line":102},"14":{"loc":{"start":{"line":103,"column":22},"end":{"line":103,"column":null}},"type":"cond-expr","locations":[{"start":{"line":103,"column":29},"end":{"line":103,"column":41}},{"start":{"line":103,"column":41},"end":{"line":103,"column":null}}],"line":103}},"s":{"0":4,"1":4,"2":7,"3":3,"4":3,"5":3,"6":48,"7":48,"8":48,"9":48,"10":0,"11":48,"12":4,"13":0,"14":4},"f":{"0":4,"1":3,"2":3,"3":48,"4":0,"5":4},"b":{"0":[3,0],"1":[48],"2":[48],"3":[1,47],"4":[1,47],"5":[1,47],"6":[0,0],"7":[0,0],"8":[1,47],"9":[48,39],"10":[0,4],"11":[2,2],"12":[1,47],"13":[39,9],"14":[1,47]},"meta":{"lastBranch":15,"lastFunction":6,"lastStatement":15,"seen":{"f:23:16:23:32":0,"s:24:15:24:Infinity":0,"s:25:2:32:Infinity":1,"s:35:6:38:Infinity":2,"f:35:6:35:22":1,"s:36:16:36:Infinity":3,"f:36:29:36:35":2,"s:36:44:36:57":4,"s:37:2:37:Infinity":5,"b:37:9:37:59:37:59:37:Infinity":0,"f:40:16:40:27":3,"b:43:18:43:Infinity":1,"b:44:14:44:Infinity":2,"s:53:8:53:Infinity":6,"b:53:52:53:60:53:60:53:Infinity":3,"s:54:22:54:Infinity":7,"b:54:29:54:51:54:51:54:Infinity":4,"s:55:15:55:Infinity":8,"b:55:22:55:35:55:35:55:Infinity":5,"s:57:8:62:Infinity":9,"f:57:8:57:29":4,"s:58:4:62:Infinity":10,"b:59:12:59:26:59:26:59:Infinity":6,"b:60:13:60:28:60:28:60:Infinity":7,"s:64:2:107:Infinity":11,"b:72:29:72:59:72:59:72:76":8,"b:75:9:75:Infinity:76:10:91:Infinity":9,"f:78:12:78:28":5,"b:79:14:79:Infinity:undefined:undefined:undefined:undefined":10,"s:79:14:79:Infinity":12,"s:79:30:79:Infinity":13,"s:80:14:80:Infinity":14,"b:80:42:80:65:80:65:80:84":11,"b:95:10:97:11:97:10:97:Infinity":12,"b:102:47:102:67:102:67:102:Infinity":13,"b:103:29:103:41:103:41:103:Infinity":14},"fnNames":{}}}
,"C:\\Users\\abyan\\Abyan\\Programming\\Random\\folder-studio\\src\\components\\color\\ColorFormatInput.tsx": {"path":"C:\\Users\\abyan\\Abyan\\Programming\\Random\\folder-studio\\src\\components\\color\\ColorFormatInput.tsx","statementMap":{"0":{"start":{"line":30,"column":14},"end":{"line":30,"column":null}},"1":{"start":{"line":31,"column":16},"end":{"line":31,"column":null}},"2":{"start":{"line":33,"column":8},"end":{"line":38,"column":null}},"3":{"start":{"line":34,"column":4},"end":{"line":34,"column":null}},"4":{"start":{"line":34,"column":24},"end":{"line":34,"column":null}},"5":{"start":{"line":35,"column":10},"end":{"line":35,"column":null}},"6":{"start":{"line":36,"column":4},"end":{"line":36,"column":null}},"7":{"start":{"line":37,"column":4},"end":{"line":37,"column":null}},"8":{"start":{"line":37,"column":16},"end":{"line":37,"column":null}},"9":{"start":{"line":40,"column":2},"end":{"line":71,"column":null}},"10":{"start":{"line":42,"column":48},"end":{"line":42,"column":null}},"11":{"start":{"line":48,"column":12},"end":{"line":50,"column":null}},"12":{"start":{"line":58,"column":25},"end":{"line":58,"column":null}},"13":{"start":{"line":61,"column":10},"end":{"line":67,"column":null}},"14":{"start":{"line":62,"column":12},"end":{"line":62,"column":null}},"15":{"start":{"line":63,"column":12},"end":{"line":63,"column":null}},"16":{"start":{"line":64,"column":17},"end":{"line":67,"column":null}},"17":{"start":{"line":65,"column":12},"end":{"line":65,"column":null}},"18":{"start":{"line":66,"column":12},"end":{"line":66,"column":null}}},"fnMap":{"0":{"name":"ColorFormatInput","decl":{"start":{"line":23,"column":16},"end":{"line":23,"column":33}},"loc":{"start":{"line":29,"column":3},"end":{"line":73,"column":null}},"line":29},"1":{"name":"(anonymous_1)","decl":{"start":{"line":33,"column":8},"end":{"line":33,"column":23}},"loc":{"start":{"line":33,"column":23},"end":{"line":38,"column":null}},"line":33},"2":{"name":"(anonymous_2)","decl":{"start":{"line":42,"column":26},"end":{"line":42,"column":42}},"loc":{"start":{"line":42,"column":48},"end":{"line":42,"column":null}},"line":42},"3":{"name":"(anonymous_3)","decl":{"start":{"line":47,"column":30},"end":{"line":47,"column":35}},"loc":{"start":{"line":48,"column":12},"end":{"line":50,"column":null}},"line":48},"4":{"name":"(anonymous_4)","decl":{"start":{"line":58,"column":8},"end":{"line":58,"column":19}},"loc":{"start":{"line":58,"column":25},"end":{"line":58,"column":null}},"line":58},"5":{"name":"(anonymous_5)","decl":{"start":{"line":60,"column":8},"end":{"line":60,"column":20}},"loc":{"start":{"line":60,"column":26},"end":{"line":68,"column":null}},"line":60}},"branchMap":{"0":{"loc":{"start":{"line":34,"column":4},"end":{"line":34,"column":null}},"type":"if","locations":[{"start":{"line":34,"column":4},"end":{"line":34,"column":null}},{"start":{},"end":{}}],"line":34},"1":{"loc":{"start":{"line":37,"column":4},"end":{"line":37,"column":null}},"type":"if","locations":[{"start":{"line":37,"column":4},"end":{"line":37,"column":null}},{"start":{},"end":{}}],"line":37},"2":{"loc":{"start":{"line":55,"column":15},"end":{"line":55,"column":null}},"type":"binary-expr","locations":[{"start":{"line":55,"column":15},"end":{"line":55,"column":24}},{"start":{"line":55,"column":15},"end":{"line":55,"column":null}}],"line":55},"3":{"loc":{"start":{"line":61,"column":10},"end":{"line":67,"column":null}},"type":"if","locations":[{"start":{"line":61,"column":10},"end":{"line":67,"column":null}},{"start":{"line":64,"column":17},"end":{"line":67,"column":null}}],"line":61},"4":{"loc":{"start":{"line":64,"column":17},"end":{"line":67,"column":null}},"type":"if","locations":[{"start":{"line":64,"column":17},"end":{"line":67,"column":null}},{"start":{},"end":{}}],"line":64}},"s":{"0":9,"1":9,"2":9,"3":0,"4":0,"5":0,"6":0,"7":0,"8":0,"9":9,"10":0,"11":36,"12":0,"13":0,"14":0,"15":0,"16":0,"17":0,"18":0},"f":{"0":9,"1":0,"2":0,"3":36,"4":0,"5":0},"b":{"0":[0,0],"1":[0,0],"2":[9,9],"3":[0,0],"4":[0,0]},"meta":{"lastBranch":5,"lastFunction":6,"lastStatement":19,"seen":{"f:23:16:23:33":0,"s:30:14:30:Infinity":0,"s:31:16:31:Infinity":1,"s:33:8:38:Infinity":2,"f:33:8:33:23":1,"b:34:4:34:Infinity:undefined:undefined:undefined:undefined":0,"s:34:4:34:Infinity":3,"s:34:24:34:Infinity":4,"s:35:10:35:Infinity":5,"s:36:4:36:Infinity":6,"b:37:4:37:Infinity:undefined:undefined:undefined:undefined":1,"s:37:4:37:Infinity":7,"s:37:16:37:Infinity":8,"s:40:2:71:Infinity":9,"f:42:26:42:42":2,"s:42:48:42:Infinity":10,"f:47:30:47:35":3,"s:48:12:50:Infinity":11,"b:55:15:55:24:55:15:55:Infinity":2,"f:58:8:58:19":4,"s:58:25:58:Infinity":12,"f:60:8:60:20":5,"b:61:10:67:Infinity:64:17:67:Infinity":3,"s:61:10:67:Infinity":13,"s:62:12:62:Infinity":14,"s:63:12:63:Infinity":15,"b:64:17:67:Infinity:undefined:undefined:undefined:undefined":4,"s:64:17:67:Infinity":16,"s:65:12:65:Infinity":17,"s:66:12:66:Infinity":18},"fnNames":{}}}
,"C:\\Users\\abyan\\Abyan\\Programming\\Random\\folder-studio\\src\\components\\color\\EyeDropperButton.tsx": {"path":"C:\\Users\\abyan\\Abyan\\Programming\\Random\\folder-studio\\src\\components\\color\\EyeDropperButton.tsx","statementMap":{"0":{"start":{"line":24,"column":2},"end":{"line":24,"column":null}},"1":{"start":{"line":24,"column":26},"end":{"line":24,"column":null}},"2":{"start":{"line":25,"column":25},"end":{"line":25,"column":null}},"3":{"start":{"line":27,"column":2},"end":{"line":43,"column":null}},"4":{"start":{"line":34,"column":8},"end":{"line":39,"column":null}},"5":{"start":{"line":35,"column":25},"end":{"line":35,"column":null}},"6":{"start":{"line":36,"column":10},"end":{"line":36,"column":null}}},"fnMap":{"0":{"name":"EyeDropperButton","decl":{"start":{"line":23,"column":16},"end":{"line":23,"column":33}},"loc":{"start":{"line":23,"column":80},"end":{"line":45,"column":null}},"line":23},"1":{"name":"(anonymous_1)","decl":{"start":{"line":33,"column":15},"end":{"line":33,"column":27}},"loc":{"start":{"line":33,"column":27},"end":{"line":40,"column":null}},"line":33}},"branchMap":{"0":{"loc":{"start":{"line":24,"column":2},"end":{"line":24,"column":null}},"type":"if","locations":[{"start":{"line":24,"column":2},"end":{"line":24,"column":null}},{"start":{},"end":{}}],"line":24}},"s":{"0":9,"1":9,"2":0,"3":0,"4":0,"5":0,"6":0},"f":{"0":9,"1":0},"b":{"0":[9,0]},"meta":{"lastBranch":1,"lastFunction":2,"lastStatement":7,"seen":{"f:23:16:23:33":0,"b:24:2:24:Infinity:undefined:undefined:undefined:undefined":0,"s:24:2:24:Infinity":0,"s:24:26:24:Infinity":1,"s:25:25:25:Infinity":2,"s:27:2:43:Infinity":3,"f:33:15:33:27":1,"s:34:8:39:Infinity":4,"s:35:25:35:Infinity":5,"s:36:10:36:Infinity":6},"fnNames":{}}}
,"C:\\Users\\abyan\\Abyan\\Programming\\Random\\folder-studio\\src\\components\\color\\GradientEditor.tsx": {"path":"C:\\Users\\abyan\\Abyan\\Programming\\Random\\folder-studio\\src\\components\\color\\GradientEditor.tsx","statementMap":{"0":{"start":{"line":25,"column":17},"end":{"line":25,"column":null}},"1":{"start":{"line":25,"column":43},"end":{"line":25,"column":56}},"2":{"start":{"line":26,"column":15},"end":{"line":26,"column":null}},"3":{"start":{"line":26,"column":34},"end":{"line":26,"column":46}},"4":{"start":{"line":27,"column":15},"end":{"line":27,"column":null}},"5":{"start":{"line":27,"column":49},"end":{"line":27,"column":61}},"6":{"start":{"line":28,"column":2},"end":{"line":28,"column":null}},"7":{"start":{"line":28,"column":22},"end":{"line":28,"column":null}},"8":{"start":{"line":29,"column":2},"end":{"line":29,"column":null}},"9":{"start":{"line":29,"column":13},"end":{"line":29,"column":null}},"10":{"start":{"line":30,"column":2},"end":{"line":30,"column":null}},"11":{"start":{"line":30,"column":30},"end":{"line":30,"column":null}},"12":{"start":{"line":31,"column":12},"end":{"line":31,"column":null}},"13":{"start":{"line":32,"column":2},"end":{"line":37,"column":null}},"14":{"start":{"line":47,"column":8},"end":{"line":47,"column":null}},"15":{"start":{"line":48,"column":17},"end":{"line":48,"column":null}},"16":{"start":{"line":48,"column":49},"end":{"line":48,"column":62}},"17":{"start":{"line":49,"column":21},"end":{"line":49,"column":null}},"18":{"start":{"line":50,"column":19},"end":{"line":50,"column":null}},"19":{"start":{"line":50,"column":43},"end":{"line":50,"column":62}},"20":{"start":{"line":51,"column":8},"end":{"line":51,"column":null}},"21":{"start":{"line":53,"column":8},"end":{"line":57,"column":null}},"22":{"start":{"line":54,"column":4},"end":{"line":57,"column":null}},"23":{"start":{"line":56,"column":37},"end":{"line":56,"column":74}},"24":{"start":{"line":59,"column":8},"end":{"line":63,"column":null}},"25":{"start":{"line":60,"column":17},"end":{"line":60,"column":null}},"26":{"start":{"line":61,"column":4},"end":{"line":61,"column":null}},"27":{"start":{"line":61,"column":15},"end":{"line":61,"column":null}},"28":{"start":{"line":62,"column":4},"end":{"line":62,"column":null}},"29":{"start":{"line":65,"column":8},"end":{"line":70,"column":null}},"30":{"start":{"line":66,"column":16},"end":{"line":66,"column":null}},"31":{"start":{"line":67,"column":31},"end":{"line":67,"column":null}},"32":{"start":{"line":68,"column":4},"end":{"line":68,"column":null}},"33":{"start":{"line":69,"column":4},"end":{"line":69,"column":null}},"34":{"start":{"line":73,"column":8},"end":{"line":73,"column":null}},"35":{"start":{"line":75,"column":2},"end":{"line":189,"column":null}},"36":{"start":{"line":83,"column":10},"end":{"line":83,"column":null}},"37":{"start":{"line":83,"column":44},"end":{"line":83,"column":null}},"38":{"start":{"line":87,"column":10},"end":{"line":106,"column":null}},"39":{"start":{"line":99,"column":14},"end":{"line":99,"column":null}},"40":{"start":{"line":100,"column":14},"end":{"line":100,"column":null}},"41":{"start":{"line":101,"column":14},"end":{"line":101,"column":null}},"42":{"start":{"line":104,"column":14},"end":{"line":104,"column":null}},"43":{"start":{"line":104,"column":33},"end":{"line":104,"column":null}},"44":{"start":{"line":117,"column":12},"end":{"line":117,"column":null}},"45":{"start":{"line":117,"column":19},"end":{"line":117,"column":null}},"46":{"start":{"line":134,"column":12},"end":{"line":137,"column":null}},"47":{"start":{"line":136,"column":45},"end":{"line":136,"column":70}},"48":{"start":{"line":149,"column":12},"end":{"line":149,"column":null}},"49":{"start":{"line":149,"column":27},"end":{"line":149,"column":null}},"50":{"start":{"line":150,"column":26},"end":{"line":150,"column":null}},"51":{"start":{"line":150,"column":52},"end":{"line":150,"column":72}},"52":{"start":{"line":151,"column":12},"end":{"line":151,"column":null}},"53":{"start":{"line":152,"column":12},"end":{"line":152,"column":null}},"54":{"start":{"line":152,"column":52},"end":{"line":152,"column":65}},"55":{"start":{"line":165,"column":27},"end":{"line":165,"column":null}},"56":{"start":{"line":166,"column":25},"end":{"line":166,"column":null}},"57":{"start":{"line":176,"column":16},"end":{"line":176,"column":null}},"58":{"start":{"line":183,"column":27},"end":{"line":183,"column":null}},"59":{"start":{"line":184,"column":14},"end":{"line":184,"column":null}}},"fnMap":{"0":{"name":"interpolateStop","decl":{"start":{"line":24,"column":16},"end":{"line":24,"column":32}},"loc":{"start":{"line":24,"column":94},"end":{"line":38,"column":null}},"line":24},"1":{"name":"(anonymous_1)","decl":{"start":{"line":25,"column":28},"end":{"line":25,"column":34}},"loc":{"start":{"line":25,"column":43},"end":{"line":25,"column":56}},"line":25},"2":{"name":"(anonymous_2)","decl":{"start":{"line":26,"column":22},"end":{"line":26,"column":28}},"loc":{"start":{"line":26,"column":34},"end":{"line":26,"column":46}},"line":26},"3":{"name":"(anonymous_3)","decl":{"start":{"line":27,"column":37},"end":{"line":27,"column":43}},"loc":{"start":{"line":27,"column":49},"end":{"line":27,"column":61}},"line":27},"4":{"name":"GradientEditor","decl":{"start":{"line":40,"column":16},"end":{"line":40,"column":31}},"loc":{"start":{"line":46,"column":3},"end":{"line":191,"column":null}},"line":46},"5":{"name":"(anonymous_5)","decl":{"start":{"line":48,"column":34},"end":{"line":48,"column":40}},"loc":{"start":{"line":48,"column":49},"end":{"line":48,"column":62}},"line":48},"6":{"name":"(anonymous_6)","decl":{"start":{"line":50,"column":31},"end":{"line":50,"column":37}},"loc":{"start":{"line":50,"column":43},"end":{"line":50,"column":62}},"line":50},"7":{"name":"(anonymous_7)","decl":{"start":{"line":53,"column":8},"end":{"line":53,"column":22}},"loc":{"start":{"line":54,"column":4},"end":{"line":57,"column":null}},"line":54},"8":{"name":"(anonymous_8)","decl":{"start":{"line":56,"column":25},"end":{"line":56,"column":30}},"loc":{"start":{"line":56,"column":37},"end":{"line":56,"column":74}},"line":56},"9":{"name":"(anonymous_9)","decl":{"start":{"line":59,"column":8},"end":{"line":59,"column":26}},"loc":{"start":{"line":59,"column":54},"end":{"line":63,"column":null}},"line":59},"10":{"name":"(anonymous_10)","decl":{"start":{"line":65,"column":8},"end":{"line":65,"column":21}},"loc":{"start":{"line":65,"column":41},"end":{"line":70,"column":null}},"line":65},"11":{"name":"(anonymous_11)","decl":{"start":{"line":82,"column":8},"end":{"line":82,"column":24}},"loc":{"start":{"line":82,"column":30},"end":{"line":84,"column":null}},"line":82},"12":{"name":"(anonymous_12)","decl":{"start":{"line":86,"column":16},"end":{"line":86,"column":21}},"loc":{"start":{"line":87,"column":10},"end":{"line":106,"column":null}},"line":87},"13":{"name":"(anonymous_13)","decl":{"start":{"line":98,"column":12},"end":{"line":98,"column":28}},"loc":{"start":{"line":98,"column":34},"end":{"line":102,"column":null}},"line":98},"14":{"name":"(anonymous_14)","decl":{"start":{"line":103,"column":12},"end":{"line":103,"column":28}},"loc":{"start":{"line":103,"column":34},"end":{"line":105,"column":null}},"line":103},"15":{"name":"(anonymous_15)","decl":{"start":{"line":116,"column":10},"end":{"line":116,"column":26}},"loc":{"start":{"line":116,"column":32},"end":{"line":118,"column":null}},"line":116},"16":{"name":"(anonymous_16)","decl":{"start":{"line":133,"column":10},"end":{"line":133,"column":null}},"loc":{"start":{"line":134,"column":12},"end":{"line":137,"column":null}},"line":134},"17":{"name":"(anonymous_17)","decl":{"start":{"line":136,"column":33},"end":{"line":136,"column":38}},"loc":{"start":{"line":136,"column":45},"end":{"line":136,"column":70}},"line":136},"18":{"name":"(anonymous_18)","decl":{"start":{"line":148,"column":10},"end":{"line":148,"column":25}},"loc":{"start":{"line":148,"column":25},"end":{"line":153,"column":null}},"line":148},"19":{"name":"(anonymous_19)","decl":{"start":{"line":150,"column":38},"end":{"line":150,"column":46}},"loc":{"start":{"line":150,"column":52},"end":{"line":150,"column":72}},"line":150},"20":{"name":"(anonymous_20)","decl":{"start":{"line":152,"column":37},"end":{"line":152,"column":43}},"loc":{"start":{"line":152,"column":52},"end":{"line":152,"column":65}},"line":152},"21":{"name":"(anonymous_21)","decl":{"start":{"line":165,"column":10},"end":{"line":165,"column":21}},"loc":{"start":{"line":165,"column":27},"end":{"line":165,"column":null}},"line":165},"22":{"name":"(anonymous_22)","decl":{"start":{"line":166,"column":10},"end":{"line":166,"column":19}},"loc":{"start":{"line":166,"column":25},"end":{"line":166,"column":null}},"line":166},"23":{"name":"(anonymous_23)","decl":{"start":{"line":175,"column":14},"end":{"line":175,"column":25}},"loc":{"start":{"line":176,"column":16},"end":{"line":176,"column":null}},"line":176},"24":{"name":"(anonymous_24)","decl":{"start":{"line":182,"column":12},"end":{"line":182,"column":23}},"loc":{"start":{"line":182,"column":31},"end":{"line":185,"column":null}},"line":182}},"branchMap":{"0":{"loc":{"start":{"line":28,"column":2},"end":{"line":28,"column":null}},"type":"if","locations":[{"start":{"line":28,"column":2},"end":{"line":28,"column":null}},{"start":{},"end":{}}],"line":28},"1":{"loc":{"start":{"line":28,"column":6},"end":{"line":28,"column":22}},"type":"binary-expr","locations":[{"start":{"line":28,"column":6},"end":{"line":28,"column":15}},{"start":{"line":28,"column":15},"end":{"line":28,"column":22}}],"line":28},"2":{"loc":{"start":{"line":29,"column":2},"end":{"line":29,"column":null}},"type":"if","locations":[{"start":{"line":29,"column":2},"end":{"line":29,"column":null}},{"start":{},"end":{}}],"line":29},"3":{"loc":{"start":{"line":30,"column":2},"end":{"line":30,"column":null}},"type":"if","locations":[{"start":{"line":30,"column":2},"end":{"line":30,"column":null}},{"start":{},"end":{}}],"line":30},"4":{"loc":{"start":{"line":30,"column":6},"end":{"line":30,"column":30}},"type":"binary-expr","locations":[{"start":{"line":30,"column":6},"end":{"line":30,"column":15}},{"start":{"line":30,"column":15},"end":{"line":30,"column":30}}],"line":30},"5":{"loc":{"start":{"line":31,"column":12},"end":{"line":31,"column":null}},"type":"cond-expr","locations":[{"start":{"line":31,"column":36},"end":{"line":31,"column":41}},{"start":{"line":31,"column":36},"end":{"line":31,"column":null}}],"line":31},"6":{"loc":{"start":{"line":49,"column":47},"end":{"line":49,"column":66}},"type":"binary-expr","locations":[{"start":{"line":49,"column":47},"end":{"line":49,"column":64}},{"start":{"line":49,"column":64},"end":{"line":49,"column":66}}],"line":49},"7":{"loc":{"start":{"line":50,"column":19},"end":{"line":50,"column":null}},"type":"binary-expr","locations":[{"start":{"line":50,"column":19},"end":{"line":50,"column":67}},{"start":{"line":50,"column":67},"end":{"line":50,"column":null}}],"line":50},"8":{"loc":{"start":{"line":56,"column":37},"end":{"line":56,"column":74}},"type":"cond-expr","locations":[{"start":{"line":56,"column":51},"end":{"line":56,"column":72}},{"start":{"line":56,"column":72},"end":{"line":56,"column":74}}],"line":56},"9":{"loc":{"start":{"line":61,"column":4},"end":{"line":61,"column":null}},"type":"if","locations":[{"start":{"line":61,"column":4},"end":{"line":61,"column":null}},{"start":{},"end":{}}],"line":61},"10":{"loc":{"start":{"line":83,"column":10},"end":{"line":83,"column":null}},"type":"if","locations":[{"start":{"line":83,"column":10},"end":{"line":83,"column":null}},{"start":{},"end":{}}],"line":83},"11":{"loc":{"start":{"line":92,"column":27},"end":{"line":92,"column":null}},"type":"binary-expr","locations":[{"start":{"line":92,"column":27},"end":{"line":92,"column":55}},{"start":{"line":92,"column":55},"end":{"line":92,"column":null}}],"line":92},"12":{"loc":{"start":{"line":104,"column":14},"end":{"line":104,"column":null}},"type":"if","locations":[{"start":{"line":104,"column":14},"end":{"line":104,"column":null}},{"start":{},"end":{}}],"line":104},"13":{"loc":{"start":{"line":117,"column":12},"end":{"line":117,"column":null}},"type":"if","locations":[{"start":{"line":117,"column":12},"end":{"line":117,"column":null}},{"start":{},"end":{}}],"line":117},"14":{"loc":{"start":{"line":147,"column":20},"end":{"line":147,"column":null}},"type":"binary-expr","locations":[{"start":{"line":147,"column":20},"end":{"line":147,"column":47}},{"start":{"line":147,"column":47},"end":{"line":147,"column":null}}],"line":147},"15":{"loc":{"start":{"line":149,"column":12},"end":{"line":149,"column":null}},"type":"if","locations":[{"start":{"line":149,"column":12},"end":{"line":149,"column":null}},{"start":{},"end":{}}],"line":149},"16":{"loc":{"start":{"line":152,"column":26},"end":{"line":152,"column":79}},"type":"binary-expr","locations":[{"start":{"line":152,"column":26},"end":{"line":152,"column":77}},{"start":{"line":152,"column":77},"end":{"line":152,"column":79}}],"line":152},"17":{"loc":{"start":{"line":159,"column":7},"end":{"line":167,"column":null}},"type":"binary-expr","locations":[{"start":{"line":159,"column":7},"end":{"line":159,"column":null}},{"start":{"line":160,"column":8},"end":{"line":167,"column":null}}],"line":159},"18":{"loc":{"start":{"line":170,"column":7},"end":{"line":187,"column":null}},"type":"binary-expr","locations":[{"start":{"line":170,"column":7},"end":{"line":170,"column":null}},{"start":{"line":171,"column":8},"end":{"line":187,"column":null}}],"line":170}},"s":{"0":4,"1":4,"2":4,"3":7,"4":4,"5":7,"6":4,"7":0,"8":4,"9":1,"10":3,"11":1,"12":2,"13":4,"14":2,"15":2,"16":2,"17":2,"18":2,"19":2,"20":2,"21":2,"22":0,"23":0,"24":2,"25":0,"26":0,"27":0,"28":0,"29":2,"30":0,"31":0,"32":0,"33":0,"34":2,"35":2,"36":0,"37":0,"38":4,"39":0,"40":0,"41":0,"42":0,"43":0,"44":0,"45":0,"46":0,"47":0,"48":0,"49":0,"50":0,"51":0,"52":0,"53":0,"54":0,"55":0,"56":2,"57":0,"58":0,"59":0},"f":{"0":4,"1":4,"2":7,"3":7,"4":2,"5":2,"6":2,"7":0,"8":0,"9":0,"10":0,"11":0,"12":4,"13":0,"14":0,"15":0,"16":0,"17":0,"18":0,"19":0,"20":0,"21":0,"22":2,"23":0,"24":0},"b":{"0":[0,4],"1":[4,1],"2":[1,3],"3":[1,2],"4":[3,2],"5":[0,2],"6":[2,0],"7":[2,0],"8":[0,0],"9":[0,0],"10":[0,0],"11":[4,2],"12":[0,0],"13":[0,0],"14":[2,0],"15":[0,0],"16":[0,0],"17":[2,2],"18":[2,2]},"meta":{"lastBranch":19,"lastFunction":25,"lastStatement":60,"seen":{"f:24:16:24:32":0,"s:25:17:25:Infinity":0,"f:25:28:25:34":1,"s:25:43:25:56":1,"s:26:15:26:Infinity":2,"f:26:22:26:28":2,"s:26:34:26:46":3,"s:27:15:27:Infinity":4,"f:27:37:27:43":3,"s:27:49:27:61":5,"b:28:2:28:Infinity:undefined:undefined:undefined:undefined":0,"s:28:2:28:Infinity":6,"b:28:6:28:15:28:15:28:22":1,"s:28:22:28:Infinity":7,"b:29:2:29:Infinity:undefined:undefined:undefined:undefined":2,"s:29:2:29:Infinity":8,"s:29:13:29:Infinity":9,"b:30:2:30:Infinity:undefined:undefined:undefined:undefined":3,"s:30:2:30:Infinity":10,"b:30:6:30:15:30:15:30:30":4,"s:30:30:30:Infinity":11,"s:31:12:31:Infinity":12,"b:31:36:31:41:31:36:31:Infinity":5,"s:32:2:37:Infinity":13,"f:40:16:40:31":4,"s:47:8:47:Infinity":14,"s:48:17:48:Infinity":15,"f:48:34:48:40":5,"s:48:49:48:62":16,"s:49:21:49:Infinity":17,"b:49:47:49:64:49:64:49:66":6,"s:50:19:50:Infinity":18,"b:50:19:50:67:50:67:50:Infinity":7,"f:50:31:50:37":6,"s:50:43:50:62":19,"s:51:8:51:Infinity":20,"s:53:8:57:Infinity":21,"f:53:8:53:22":7,"s:54:4:57:Infinity":22,"f:56:25:56:30":8,"s:56:37:56:74":23,"b:56:51:56:72:56:72:56:74":8,"s:59:8:63:Infinity":24,"f:59:8:59:26":9,"s:60:17:60:Infinity":25,"b:61:4:61:Infinity:undefined:undefined:undefined:undefined":9,"s:61:4:61:Infinity":26,"s:61:15:61:Infinity":27,"s:62:4:62:Infinity":28,"s:65:8:70:Infinity":29,"f:65:8:65:21":10,"s:66:16:66:Infinity":30,"s:67:31:67:Infinity":31,"s:68:4:68:Infinity":32,"s:69:4:69:Infinity":33,"s:73:8:73:Infinity":34,"s:75:2:189:Infinity":35,"f:82:8:82:24":11,"b:83:10:83:Infinity:undefined:undefined:undefined:undefined":10,"s:83:10:83:Infinity":36,"s:83:44:83:Infinity":37,"f:86:16:86:21":12,"s:87:10:106:Infinity":38,"b:92:27:92:55:92:55:92:Infinity":11,"f:98:12:98:28":13,"s:99:14:99:Infinity":39,"s:100:14:100:Infinity":40,"s:101:14:101:Infinity":41,"f:103:12:103:28":14,"b:104:14:104:Infinity:undefined:undefined:undefined:undefined":12,"s:104:14:104:Infinity":42,"s:104:33:104:Infinity":43,"f:116:10:116:26":15,"b:117:12:117:Infinity:undefined:undefined:undefined:undefined":13,"s:117:12:117:Infinity":44,"s:117:19:117:Infinity":45,"f:133:10:133:Infinity":16,"s:134:12:137:Infinity":46,"f:136:33:136:38":17,"s:136:45:136:70":47,"b:147:20:147:47:147:47:147:Infinity":14,"f:148:10:148:25":18,"b:149:12:149:Infinity:undefined:undefined:undefined:undefined":15,"s:149:12:149:Infinity":48,"s:149:27:149:Infinity":49,"s:150:26:150:Infinity":50,"f:150:38:150:46":19,"s:150:52:150:72":51,"s:151:12:151:Infinity":52,"s:152:12:152:Infinity":53,"b:152:26:152:77:152:77:152:79":16,"f:152:37:152:43":20,"s:152:52:152:65":54,"b:159:7:159:Infinity:160:8:167:Infinity":17,"f:165:10:165:21":21,"s:165:27:165:Infinity":55,"f:166:10:166:19":22,"s:166:25:166:Infinity":56,"b:170:7:170:Infinity:171:8:187:Infinity":18,"f:175:14:175:25":23,"s:176:16:176:Infinity":57,"f:182:12:182:23":24,"s:183:27:183:Infinity":58,"s:184:14:184:Infinity":59},"fnNames":{}}}
,"C:\\Users\\abyan\\Abyan\\Programming\\Random\\folder-studio\\src\\components\\color\\PresetRow.tsx": {"path":"C:\\Users\\abyan\\Abyan\\Programming\\Random\\folder-studio\\src\\components\\color\\PresetRow.tsx","statementMap":{"0":{"start":{"line":30,"column":2},"end":{"line":53,"column":null}},"1":{"start":{"line":46,"column":12},"end":{"line":46,"column":null}},"2":{"start":{"line":47,"column":12},"end":{"line":47,"column":null}},"3":{"start":{"line":81,"column":4},"end":{"line":82,"column":null}},"4":{"start":{"line":84,"column":8},"end":{"line":85,"column":null}},"5":{"start":{"line":85,"column":4},"end":{"line":85,"column":null}},"6":{"start":{"line":85,"column":22},"end":{"line":85,"column":47}},"7":{"start":{"line":87,"column":29},"end":{"line":106,"column":null}},"8":{"start":{"line":89,"column":6},"end":{"line":95,"column":null}},"9":{"start":{"line":93,"column":22},"end":{"line":93,"column":null}},"10":{"start":{"line":94,"column":24},"end":{"line":94,"column":null}},"11":{"start":{"line":98,"column":6},"end":{"line":104,"column":null}},"12":{"start":{"line":102,"column":22},"end":{"line":102,"column":null}},"13":{"start":{"line":103,"column":24},"end":{"line":103,"column":null}},"14":{"start":{"line":108,"column":2},"end":{"line":132,"column":null}},"15":{"start":{"line":109,"column":4},"end":{"line":131,"column":null}},"16":{"start":{"line":111,"column":8},"end":{"line":119,"column":null}},"17":{"start":{"line":116,"column":26},"end":{"line":116,"column":null}},"18":{"start":{"line":117,"column":28},"end":{"line":117,"column":null}},"19":{"start":{"line":123,"column":8},"end":{"line":129,"column":null}},"20":{"start":{"line":127,"column":24},"end":{"line":127,"column":null}},"21":{"start":{"line":128,"column":26},"end":{"line":128,"column":null}},"22":{"start":{"line":134,"column":18},"end":{"line":134,"column":null}},"23":{"start":{"line":136,"column":2},"end":{"line":163,"column":null}},"24":{"start":{"line":145,"column":12},"end":{"line":148,"column":null}},"25":{"start":{"line":146,"column":14},"end":{"line":146,"column":null}},"26":{"start":{"line":147,"column":14},"end":{"line":147,"column":null}},"27":{"start":{"line":149,"column":12},"end":{"line":157,"column":null}},"28":{"start":{"line":150,"column":33},"end":{"line":150,"column":null}},"29":{"start":{"line":151,"column":14},"end":{"line":156,"column":null}},"30":{"start":{"line":155,"column":16},"end":{"line":155,"column":null}}},"fnMap":{"0":{"name":"Chip","decl":{"start":{"line":17,"column":9},"end":{"line":17,"column":14}},"loc":{"start":{"line":29,"column":3},"end":{"line":55,"column":null}},"line":29},"1":{"name":"(anonymous_1)","decl":{"start":{"line":45,"column":10},"end":{"line":45,"column":20}},"loc":{"start":{"line":45,"column":26},"end":{"line":48,"column":null}},"line":45},"2":{"name":"PresetRow","decl":{"start":{"line":57,"column":16},"end":{"line":57,"column":26}},"loc":{"start":{"line":70,"column":3},"end":{"line":165,"column":null}},"line":70},"3":{"name":"(anonymous_3)","decl":{"start":{"line":84,"column":8},"end":{"line":84,"column":22}},"loc":{"start":{"line":85,"column":4},"end":{"line":85,"column":null}},"line":85},"4":{"name":"(anonymous_4)","decl":{"start":{"line":85,"column":10},"end":{"line":85,"column":15}},"loc":{"start":{"line":85,"column":22},"end":{"line":85,"column":47}},"line":85},"5":{"name":"(anonymous_5)","decl":{"start":{"line":88,"column":22},"end":{"line":88,"column":27}},"loc":{"start":{"line":89,"column":6},"end":{"line":95,"column":null}},"line":89},"6":{"name":"(anonymous_6)","decl":{"start":{"line":93,"column":8},"end":{"line":93,"column":22}},"loc":{"start":{"line":93,"column":22},"end":{"line":93,"column":null}},"line":93},"7":{"name":"(anonymous_7)","decl":{"start":{"line":94,"column":8},"end":{"line":94,"column":24}},"loc":{"start":{"line":94,"column":24},"end":{"line":94,"column":null}},"line":94},"8":{"name":"(anonymous_8)","decl":{"start":{"line":97,"column":21},"end":{"line":97,"column":26}},"loc":{"start":{"line":98,"column":6},"end":{"line":104,"column":null}},"line":98},"9":{"name":"(anonymous_9)","decl":{"start":{"line":102,"column":8},"end":{"line":102,"column":22}},"loc":{"start":{"line":102,"column":22},"end":{"line":102,"column":null}},"line":102},"10":{"name":"(anonymous_10)","decl":{"start":{"line":103,"column":8},"end":{"line":103,"column":24}},"loc":{"start":{"line":103,"column":24},"end":{"line":103,"column":null}},"line":103},"11":{"name":"(anonymous_11)","decl":{"start":{"line":110,"column":26},"end":{"line":110,"column":31}},"loc":{"start":{"line":111,"column":8},"end":{"line":119,"column":null}},"line":111},"12":{"name":"(anonymous_12)","decl":{"start":{"line":116,"column":12},"end":{"line":116,"column":26}},"loc":{"start":{"line":116,"column":26},"end":{"line":116,"column":null}},"line":116},"13":{"name":"(anonymous_13)","decl":{"start":{"line":117,"column":12},"end":{"line":117,"column":28}},"loc":{"start":{"line":117,"column":28},"end":{"line":117,"column":null}},"line":117},"14":{"name":"(anonymous_14)","decl":{"start":{"line":122,"column":24},"end":{"line":122,"column":29}},"loc":{"start":{"line":123,"column":8},"end":{"line":129,"column":null}},"line":123},"15":{"name":"(anonymous_15)","decl":{"start":{"line":127,"column":10},"end":{"line":127,"column":24}},"loc":{"start":{"line":127,"column":24},"end":{"line":127,"column":null}},"line":127},"16":{"name":"(anonymous_16)","decl":{"start":{"line":128,"column":10},"end":{"line":128,"column":26}},"loc":{"start":{"line":128,"column":26},"end":{"line":128,"column":null}},"line":128},"17":{"name":"(anonymous_17)","decl":{"start":{"line":144,"column":10},"end":{"line":144,"column":25}},"loc":{"start":{"line":144,"column":25},"end":{"line":158,"column":null}},"line":144}},"branchMap":{"0":{"loc":{"start":{"line":40,"column":7},"end":{"line":53,"column":null}},"type":"binary-expr","locations":[{"start":{"line":40,"column":7},"end":{"line":40,"column":null}},{"start":{"line":41,"column":8},"end":{"line":53,"column":null}}],"line":40},"1":{"loc":{"start":{"line":43,"column":22},"end":{"line":43,"column":null}},"type":"binary-expr","locations":[{"start":{"line":43,"column":22},"end":{"line":43,"column":37}},{"start":{"line":43,"column":37},"end":{"line":43,"column":null}}],"line":43},"2":{"loc":{"start":{"line":108,"column":2},"end":{"line":132,"column":null}},"type":"if","locations":[{"start":{"line":108,"column":2},"end":{"line":132,"column":null}},{"start":{},"end":{}}],"line":108},"3":{"loc":{"start":{"line":111,"column":8},"end":{"line":119,"column":null}},"type":"cond-expr","locations":[{"start":{"line":111,"column":40},"end":{"line":111,"column":null}},{"start":{"line":112,"column":10},"end":{"line":119,"column":null}}],"line":111},"4":{"loc":{"start":{"line":134,"column":18},"end":{"line":134,"column":null}},"type":"binary-expr","locations":[{"start":{"line":134,"column":18},"end":{"line":134,"column":46}},{"start":{"line":134,"column":46},"end":{"line":134,"column":null}}],"line":134},"5":{"loc":{"start":{"line":139,"column":7},"end":{"line":163,"column":null}},"type":"binary-expr","locations":[{"start":{"line":139,"column":7},"end":{"line":139,"column":null}},{"start":{"line":140,"column":8},"end":{"line":163,"column":null}}],"line":139},"6":{"loc":{"start":{"line":145,"column":12},"end":{"line":148,"column":null}},"type":"if","locations":[{"start":{"line":145,"column":12},"end":{"line":148,"column":null}},{"start":{},"end":{}}],"line":145},"7":{"loc":{"start":{"line":149,"column":12},"end":{"line":157,"column":null}},"type":"if","locations":[{"start":{"line":149,"column":12},"end":{"line":157,"column":null}},{"start":{},"end":{}}],"line":149},"8":{"loc":{"start":{"line":151,"column":14},"end":{"line":156,"column":null}},"type":"if","locations":[{"start":{"line":151,"column":14},"end":{"line":156,"column":null}},{"start":{},"end":{}}],"line":151},"9":{"loc":{"start":{"line":152,"column":16},"end":{"line":153,"column":null}},"type":"binary-expr","locations":[{"start":{"line":152,"column":16},"end":{"line":152,"column":null}},{"start":{"line":153,"column":16},"end":{"line":153,"column":null}}],"line":152},"10":{"loc":{"start":{"line":160,"column":11},"end":{"line":160,"column":null}},"type":"cond-expr","locations":[{"start":{"line":160,"column":26},"end":{"line":160,"column":44}},{"start":{"line":160,"column":44},"end":{"line":160,"column":null}}],"line":160}},"s":{"0":252,"1":1,"2":1,"3":13,"4":13,"5":0,"6":0,"7":13,"8":155,"9":1,"10":1,"11":1,"12":0,"13":0,"14":13,"15":8,"16":96,"17":0,"18":0,"19":0,"20":0,"21":0,"22":13,"23":13,"24":1,"25":0,"26":0,"27":1,"28":1,"29":1,"30":1},"f":{"0":252,"1":1,"2":13,"3":0,"4":0,"5":155,"6":1,"7":1,"8":1,"9":0,"10":0,"11":96,"12":0,"13":0,"14":0,"15":0,"16":0,"17":1},"b":{"0":[252,252],"1":[252,156],"2":[8,5],"3":[0,96],"4":[13,4],"5":[13,11],"6":[0,1],"7":[1,0],"8":[1,0],"9":[1,1],"10":[2,9]},"meta":{"lastBranch":11,"lastFunction":18,"lastStatement":31,"seen":{"f:17:9:17:14":0,"s:30:2:53:Infinity":0,"b:40:7:40:Infinity:41:8:53:Infinity":0,"b:43:22:43:37:43:37:43:Infinity":1,"f:45:10:45:20":1,"s:46:12:46:Infinity":1,"s:47:12:47:Infinity":2,"f:57:16:57:26":2,"s:81:4:82:Infinity":3,"s:84:8:85:Infinity":4,"f:84:8:84:22":3,"s:85:4:85:Infinity":5,"f:85:10:85:15":4,"s:85:22:85:47":6,"s:87:29:106:Infinity":7,"f:88:22:88:27":5,"s:89:6:95:Infinity":8,"f:93:8:93:22":6,"s:93:22:93:Infinity":9,"f:94:8:94:24":7,"s:94:24:94:Infinity":10,"f:97:21:97:26":8,"s:98:6:104:Infinity":11,"f:102:8:102:22":9,"s:102:22:102:Infinity":12,"f:103:8:103:24":10,"s:103:24:103:Infinity":13,"b:108:2:132:Infinity:undefined:undefined:undefined:undefined":2,"s:108:2:132:Infinity":14,"s:109:4:131:Infinity":15,"f:110:26:110:31":11,"s:111:8:119:Infinity":16,"b:111:40:111:Infinity:112:10:119:Infinity":3,"f:116:12:116:26":12,"s:116:26:116:Infinity":17,"f:117:12:117:28":13,"s:117:28:117:Infinity":18,"f:122:24:122:29":14,"s:123:8:129:Infinity":19,"f:127:10:127:24":15,"s:127:24:127:Infinity":20,"f:128:10:128:26":16,"s:128:26:128:Infinity":21,"s:134:18:134:Infinity":22,"b:134:18:134:46:134:46:134:Infinity":4,"s:136:2:163:Infinity":23,"b:139:7:139:Infinity:140:8:163:Infinity":5,"f:144:10:144:25":17,"b:145:12:148:Infinity:undefined:undefined:undefined:undefined":6,"s:145:12:148:Infinity":24,"s:146:14:146:Infinity":25,"s:147:14:147:Infinity":26,"b:149:12:157:Infinity:undefined:undefined:undefined:undefined":7,"s:149:12:157:Infinity":27,"s:150:33:150:Infinity":28,"b:151:14:156:Infinity:undefined:undefined:undefined:undefined":8,"s:151:14:156:Infinity":29,"b:152:16:152:Infinity:153:16:153:Infinity":9,"s:155:16:155:Infinity":30,"b:160:26:160:44:160:44:160:Infinity":10},"fnNames":{}}}
,"C:\\Users\\abyan\\Abyan\\Programming\\Random\\folder-studio\\src\\components\\color\\SolidColorPicker.tsx": {"path":"C:\\Users\\abyan\\Abyan\\Programming\\Random\\folder-studio\\src\\components\\color\\SolidColorPicker.tsx","statementMap":{"0":{"start":{"line":21,"column":6},"end":{"line":24,"column":null}},"1":{"start":{"line":22,"column":15},"end":{"line":22,"column":null}},"2":{"start":{"line":23,"column":2},"end":{"line":23,"column":null}},"3":{"start":{"line":26,"column":6},"end":{"line":26,"column":null}},"4":{"start":{"line":26,"column":24},"end":{"line":26,"column":null}},"5":{"start":{"line":35,"column":16},"end":{"line":35,"column":null}},"6":{"start":{"line":35,"column":44},"end":{"line":35,"column":78}},"7":{"start":{"line":36,"column":8},"end":{"line":36,"column":null}},"8":{"start":{"line":39,"column":2},"end":{"line":41,"column":null}},"9":{"start":{"line":40,"column":4},"end":{"line":40,"column":null}},"10":{"start":{"line":43,"column":8},"end":{"line":47,"column":null}},"11":{"start":{"line":44,"column":19},"end":{"line":44,"column":null}},"12":{"start":{"line":45,"column":4},"end":{"line":45,"column":null}},"13":{"start":{"line":46,"column":4},"end":{"line":46,"column":null}},"14":{"start":{"line":46,"column":24},"end":{"line":46,"column":null}},"15":{"start":{"line":49,"column":2},"end":{"line":55,"column":null}}},"fnMap":{"0":{"name":"(anonymous_0)","decl":{"start":{"line":21,"column":6},"end":{"line":21,"column":24}},"loc":{"start":{"line":21,"column":51},"end":{"line":24,"column":null}},"line":21},"1":{"name":"(anonymous_1)","decl":{"start":{"line":26,"column":6},"end":{"line":26,"column":24}},"loc":{"start":{"line":26,"column":24},"end":{"line":26,"column":null}},"line":26},"2":{"name":"SolidColorPicker","decl":{"start":{"line":28,"column":16},"end":{"line":28,"column":33}},"loc":{"start":{"line":34,"column":3},"end":{"line":57,"column":null}},"line":34},"3":{"name":"(anonymous_3)","decl":{"start":{"line":35,"column":28},"end":{"line":35,"column":44}},"loc":{"start":{"line":35,"column":44},"end":{"line":35,"column":78}},"line":35},"4":{"name":"(anonymous_4)","decl":{"start":{"line":43,"column":8},"end":{"line":43,"column":24}},"loc":{"start":{"line":43,"column":43},"end":{"line":47,"column":null}},"line":43}},"branchMap":{"0":{"loc":{"start":{"line":39,"column":2},"end":{"line":41,"column":null}},"type":"if","locations":[{"start":{"line":39,"column":2},"end":{"line":41,"column":null}},{"start":{},"end":{}}],"line":39},"1":{"loc":{"start":{"line":46,"column":4},"end":{"line":46,"column":null}},"type":"if","locations":[{"start":{"line":46,"column":4},"end":{"line":46,"column":null}},{"start":{},"end":{}}],"line":46}},"s":{"0":7,"1":7,"2":7,"3":7,"4":0,"5":7,"6":7,"7":7,"8":7,"9":0,"10":7,"11":0,"12":0,"13":0,"14":0,"15":7},"f":{"0":7,"1":0,"2":7,"3":7,"4":0},"b":{"0":[0,7],"1":[0,0]},"meta":{"lastBranch":2,"lastFunction":5,"lastStatement":16,"seen":{"s:21:6:24:Infinity":0,"f:21:6:21:24":0,"s:22:15:22:Infinity":1,"s:23:2:23:Infinity":2,"s:26:6:26:Infinity":3,"f:26:6:26:24":1,"s:26:24:26:Infinity":4,"f:28:16:28:33":2,"s:35:16:35:Infinity":5,"f:35:28:35:44":3,"s:35:44:35:78":6,"s:36:8:36:Infinity":7,"b:39:2:41:Infinity:undefined:undefined:undefined:undefined":0,"s:39:2:41:Infinity":8,"s:40:4:40:Infinity":9,"s:43:8:47:Infinity":10,"f:43:8:43:24":4,"s:44:19:44:Infinity":11,"s:45:4:45:Infinity":12,"b:46:4:46:Infinity:undefined:undefined:undefined:undefined":1,"s:46:4:46:Infinity":13,"s:46:24:46:Infinity":14,"s:49:2:55:Infinity":15},"fnNames":{}}}
,"C:\\Users\\abyan\\Abyan\\Programming\\Random\\folder-studio\\src\\components\\color\\useDocPreviewDrag.ts": {"path":"C:\\Users\\abyan\\Abyan\\Programming\\Random\\folder-studio\\src\\components\\color\\useDocPreviewDrag.ts","statementMap":{"0":{"start":{"line":12,"column":2},"end":{"line":23,"column":null}},"1":{"start":{"line":14,"column":6},"end":{"line":14,"column":null}},"2":{"start":{"line":15,"column":12},"end":{"line":19,"column":null}},"3":{"start":{"line":16,"column":8},"end":{"line":16,"column":null}},"4":{"start":{"line":17,"column":8},"end":{"line":17,"column":null}},"5":{"start":{"line":18,"column":8},"end":{"line":18,"column":null}},"6":{"start":{"line":20,"column":6},"end":{"line":20,"column":null}},"7":{"start":{"line":21,"column":6},"end":{"line":21,"column":null}}},"fnMap":{"0":{"name":"useDocPreviewDrag","decl":{"start":{"line":9,"column":16},"end":{"line":9,"column":null}},"loc":{"start":{"line":11,"column":2},"end":{"line":24,"column":null}},"line":11},"1":{"name":"(anonymous_1)","decl":{"start":{"line":13,"column":4},"end":{"line":13,"column":32}},"loc":{"start":{"line":13,"column":32},"end":{"line":22,"column":null}},"line":13},"2":{"name":"(anonymous_2)","decl":{"start":{"line":15,"column":12},"end":{"line":15,"column":27}},"loc":{"start":{"line":15,"column":27},"end":{"line":19,"column":null}},"line":15}},"branchMap":{},"s":{"0":9,"1":0,"2":0,"3":0,"4":0,"5":0,"6":0,"7":0},"f":{"0":9,"1":0,"2":0},"b":{},"meta":{"lastBranch":0,"lastFunction":3,"lastStatement":8,"seen":{"f:9:16:9:Infinity":0,"s:12:2:23:Infinity":0,"f:13:4:13:32":1,"s:14:6:14:Infinity":1,"s:15:12:19:Infinity":2,"f:15:12:15:27":2,"s:16:8:16:Infinity":3,"s:17:8:17:Infinity":4,"s:18:8:18:Infinity":5,"s:20:6:20:Infinity":6,"s:21:6:21:Infinity":7},"fnNames":{}}}
,"C:\\Users\\abyan\\Abyan\\Programming\\Random\\folder-studio\\src\\components\\controls\\NudgePad.tsx": {"path":"C:\\Users\\abyan\\Abyan\\Programming\\Random\\folder-studio\\src\\components\\controls\\NudgePad.tsx","statementMap":{"0":{"start":{"line":21,"column":8},"end":{"line":21,"column":null}},"1":{"start":{"line":23,"column":8},"end":{"line":33,"column":null}},"2":{"start":{"line":24,"column":17},"end":{"line":24,"column":null}},"3":{"start":{"line":25,"column":4},"end":{"line":25,"column":null}},"4":{"start":{"line":25,"column":15},"end":{"line":25,"column":null}},"5":{"start":{"line":26,"column":15},"end":{"line":28,"column":null}},"6":{"start":{"line":29,"column":15},"end":{"line":31,"column":null}},"7":{"start":{"line":32,"column":4},"end":{"line":32,"column":null}},"8":{"start":{"line":35,"column":2},"end":{"line":66,"column":null}},"9":{"start":{"line":46,"column":8},"end":{"line":46,"column":null}},"10":{"start":{"line":47,"column":8},"end":{"line":47,"column":null}},"11":{"start":{"line":48,"column":8},"end":{"line":48,"column":null}},"12":{"start":{"line":49,"column":8},"end":{"line":49,"column":null}},"13":{"start":{"line":52,"column":8},"end":{"line":52,"column":null}},"14":{"start":{"line":52,"column":27},"end":{"line":52,"column":null}},"15":{"start":{"line":54,"column":6},"end":{"line":54,"column":null}},"16":{"start":{"line":55,"column":6},"end":{"line":55,"column":null}}},"fnMap":{"0":{"name":"NudgePad","decl":{"start":{"line":20,"column":16},"end":{"line":20,"column":25}},"loc":{"start":{"line":20,"column":83},"end":{"line":68,"column":null}},"line":20},"1":{"name":"(anonymous_1)","decl":{"start":{"line":23,"column":8},"end":{"line":23,"column":16}},"loc":{"start":{"line":23,"column":53},"end":{"line":33,"column":null}},"line":23},"2":{"name":"(anonymous_2)","decl":{"start":{"line":45,"column":6},"end":{"line":45,"column":22}},"loc":{"start":{"line":45,"column":28},"end":{"line":50,"column":null}},"line":45},"3":{"name":"(anonymous_3)","decl":{"start":{"line":51,"column":6},"end":{"line":51,"column":22}},"loc":{"start":{"line":51,"column":28},"end":{"line":53,"column":null}},"line":51},"4":{"name":"(anonymous_4)","decl":{"start":{"line":54,"column":6},"end":{"line":54,"column":25}},"loc":{"start":{"line":54,"column":6},"end":{"line":54,"column":null}},"line":54},"5":{"name":"(anonymous_5)","decl":{"start":{"line":55,"column":6},"end":{"line":55,"column":29}},"loc":{"start":{"line":55,"column":6},"end":{"line":55,"column":null}},"line":55}},"branchMap":{"0":{"loc":{"start":{"line":20,"column":43},"end":{"line":20,"column":55}},"type":"default-arg","locations":[{"start":{"line":20,"column":51},"end":{"line":20,"column":55}}],"line":20},"1":{"loc":{"start":{"line":25,"column":4},"end":{"line":25,"column":null}},"type":"if","locations":[{"start":{"line":25,"column":4},"end":{"line":25,"column":null}},{"start":{},"end":{}}],"line":25},"2":{"loc":{"start":{"line":52,"column":8},"end":{"line":52,"column":null}},"type":"if","locations":[{"start":{"line":52,"column":8},"end":{"line":52,"column":null}},{"start":{},"end":{}}],"line":52}},"s":{"0":0,"1":0,"2":0,"3":0,"4":0,"5":0,"6":0,"7":0,"8":0,"9":0,"10":0,"11":0,"12":0,"13":0,"14":0,"15":0,"16":0},"f":{"0":0,"1":0,"2":0,"3":0,"4":0,"5":0},"b":{"0":[0],"1":[0,0],"2":[0,0]},"meta":{"lastBranch":3,"lastFunction":6,"lastStatement":17,"seen":{"f:20:16:20:25":0,"b:20:51:20:55":0,"s:21:8:21:Infinity":0,"s:23:8:33:Infinity":1,"f:23:8:23:16":1,"s:24:17:24:Infinity":2,"b:25:4:25:Infinity:undefined:undefined:undefined:undefined":1,"s:25:4:25:Infinity":3,"s:25:15:25:Infinity":4,"s:26:15:28:Infinity":5,"s:29:15:31:Infinity":6,"s:32:4:32:Infinity":7,"s:35:2:66:Infinity":8,"f:45:6:45:22":2,"s:46:8:46:Infinity":9,"s:47:8:47:Infinity":10,"s:48:8:48:Infinity":11,"s:49:8:49:Infinity":12,"f:51:6:51:22":3,"b:52:8:52:Infinity:undefined:undefined:undefined:undefined":2,"s:52:8:52:Infinity":13,"s:52:27:52:Infinity":14,"f:54:6:54:25":4,"s:54:6:54:Infinity":15,"f:55:6:55:29":5,"s:55:6:55:Infinity":16},"fnNames":{}}}
,"C:\\Users\\abyan\\Abyan\\Programming\\Random\\folder-studio\\src\\components\\controls\\NumberField.tsx": {"path":"C:\\Users\\abyan\\Abyan\\Programming\\Random\\folder-studio\\src\\components\\controls\\NumberField.tsx","statementMap":{"0":{"start":{"line":30,"column":16},"end":{"line":30,"column":null}},"1":{"start":{"line":31,"column":16},"end":{"line":31,"column":null}},"2":{"start":{"line":33,"column":8},"end":{"line":42,"column":null}},"3":{"start":{"line":34,"column":4},"end":{"line":34,"column":null}},"4":{"start":{"line":34,"column":24},"end":{"line":34,"column":null}},"5":{"start":{"line":35,"column":19},"end":{"line":35,"column":null}},"6":{"start":{"line":36,"column":4},"end":{"line":36,"column":null}},"7":{"start":{"line":37,"column":4},"end":{"line":37,"column":null}},"8":{"start":{"line":37,"column":34},"end":{"line":37,"column":null}},"9":{"start":{"line":38,"column":12},"end":{"line":38,"column":null}},"10":{"start":{"line":39,"column":4},"end":{"line":39,"column":null}},"11":{"start":{"line":39,"column":27},"end":{"line":39,"column":null}},"12":{"start":{"line":40,"column":4},"end":{"line":40,"column":null}},"13":{"start":{"line":40,"column":27},"end":{"line":40,"column":null}},"14":{"start":{"line":41,"column":4},"end":{"line":41,"column":null}},"15":{"start":{"line":41,"column":21},"end":{"line":41,"column":null}},"16":{"start":{"line":44,"column":2},"end":{"line":68,"column":null}},"17":{"start":{"line":56,"column":25},"end":{"line":56,"column":null}},"18":{"start":{"line":59,"column":10},"end":{"line":65,"column":null}},"19":{"start":{"line":60,"column":12},"end":{"line":60,"column":null}},"20":{"start":{"line":61,"column":12},"end":{"line":61,"column":null}},"21":{"start":{"line":62,"column":17},"end":{"line":65,"column":null}},"22":{"start":{"line":63,"column":12},"end":{"line":63,"column":null}},"23":{"start":{"line":64,"column":12},"end":{"line":64,"column":null}}},"fnMap":{"0":{"name":"NumberField","decl":{"start":{"line":21,"column":16},"end":{"line":21,"column":28}},"loc":{"start":{"line":29,"column":21},"end":{"line":70,"column":null}},"line":29},"1":{"name":"(anonymous_1)","decl":{"start":{"line":33,"column":8},"end":{"line":33,"column":23}},"loc":{"start":{"line":33,"column":23},"end":{"line":42,"column":null}},"line":33},"2":{"name":"(anonymous_2)","decl":{"start":{"line":56,"column":8},"end":{"line":56,"column":19}},"loc":{"start":{"line":56,"column":25},"end":{"line":56,"column":null}},"line":56},"3":{"name":"(anonymous_3)","decl":{"start":{"line":58,"column":8},"end":{"line":58,"column":20}},"loc":{"start":{"line":58,"column":26},"end":{"line":66,"column":null}},"line":58}},"branchMap":{"0":{"loc":{"start":{"line":31,"column":16},"end":{"line":31,"column":null}},"type":"binary-expr","locations":[{"start":{"line":31,"column":16},"end":{"line":31,"column":25}},{"start":{"line":31,"column":25},"end":{"line":31,"column":null}}],"line":31},"1":{"loc":{"start":{"line":34,"column":4},"end":{"line":34,"column":null}},"type":"if","locations":[{"start":{"line":34,"column":4},"end":{"line":34,"column":null}},{"start":{},"end":{}}],"line":34},"2":{"loc":{"start":{"line":37,"column":4},"end":{"line":37,"column":null}},"type":"if","locations":[{"start":{"line":37,"column":4},"end":{"line":37,"column":null}},{"start":{},"end":{}}],"line":37},"3":{"loc":{"start":{"line":39,"column":4},"end":{"line":39,"column":null}},"type":"if","locations":[{"start":{"line":39,"column":4},"end":{"line":39,"column":null}},{"start":{},"end":{}}],"line":39},"4":{"loc":{"start":{"line":40,"column":4},"end":{"line":40,"column":null}},"type":"if","locations":[{"start":{"line":40,"column":4},"end":{"line":40,"column":null}},{"start":{},"end":{}}],"line":40},"5":{"loc":{"start":{"line":41,"column":4},"end":{"line":41,"column":null}},"type":"if","locations":[{"start":{"line":41,"column":4},"end":{"line":41,"column":null}},{"start":{},"end":{}}],"line":41},"6":{"loc":{"start":{"line":59,"column":10},"end":{"line":65,"column":null}},"type":"if","locations":[{"start":{"line":59,"column":10},"end":{"line":65,"column":null}},{"start":{"line":62,"column":17},"end":{"line":65,"column":null}}],"line":59},"7":{"loc":{"start":{"line":62,"column":17},"end":{"line":65,"column":null}},"type":"if","locations":[{"start":{"line":62,"column":17},"end":{"line":65,"column":null}},{"start":{},"end":{}}],"line":62}},"s":{"0":64,"1":64,"2":64,"3":0,"4":0,"5":0,"6":0,"7":0,"8":0,"9":0,"10":0,"11":0,"12":0,"13":0,"14":0,"15":0,"16":64,"17":0,"18":0,"19":0,"20":0,"21":0,"22":0,"23":0},"f":{"0":64,"1":0,"2":0,"3":0},"b":{"0":[64,64],"1":[0,0],"2":[0,0],"3":[0,0],"4":[0,0],"5":[0,0],"6":[0,0],"7":[0,0]},"meta":{"lastBranch":8,"lastFunction":4,"lastStatement":24,"seen":{"f:21:16:21:28":0,"s:30:16:30:Infinity":0,"s:31:16:31:Infinity":1,"b:31:16:31:25:31:25:31:Infinity":0,"s:33:8:42:Infinity":2,"f:33:8:33:23":1,"b:34:4:34:Infinity:undefined:undefined:undefined:undefined":1,"s:34:4:34:Infinity":3,"s:34:24:34:Infinity":4,"s:35:19:35:Infinity":5,"s:36:4:36:Infinity":6,"b:37:4:37:Infinity:undefined:undefined:undefined:undefined":2,"s:37:4:37:Infinity":7,"s:37:34:37:Infinity":8,"s:38:12:38:Infinity":9,"b:39:4:39:Infinity:undefined:undefined:undefined:undefined":3,"s:39:4:39:Infinity":10,"s:39:27:39:Infinity":11,"b:40:4:40:Infinity:undefined:undefined:undefined:undefined":4,"s:40:4:40:Infinity":12,"s:40:27:40:Infinity":13,"b:41:4:41:Infinity:undefined:undefined:undefined:undefined":5,"s:41:4:41:Infinity":14,"s:41:21:41:Infinity":15,"s:44:2:68:Infinity":16,"f:56:8:56:19":2,"s:56:25:56:Infinity":17,"f:58:8:58:20":3,"b:59:10:65:Infinity:62:17:65:Infinity":6,"s:59:10:65:Infinity":18,"s:60:12:60:Infinity":19,"s:61:12:61:Infinity":20,"b:62:17:65:Infinity:undefined:undefined:undefined:undefined":7,"s:62:17:65:Infinity":21,"s:63:12:63:Infinity":22,"s:64:12:64:Infinity":23},"fnNames":{}}}
,"C:\\Users\\abyan\\Abyan\\Programming\\Random\\folder-studio\\src\\components\\controls\\PanelSection.tsx": {"path":"C:\\Users\\abyan\\Abyan\\Programming\\Random\\folder-studio\\src\\components\\controls\\PanelSection.tsx","statementMap":{"0":{"start":{"line":21,"column":2},"end":{"line":34,"column":null}}},"fnMap":{"0":{"name":"PanelSection","decl":{"start":{"line":9,"column":16},"end":{"line":9,"column":29}},"loc":{"start":{"line":20,"column":3},"end":{"line":36,"column":null}},"line":20}},"branchMap":{"0":{"loc":{"start":{"line":22,"column":4},"end":{"line":33,"column":null}},"type":"binary-expr","locations":[{"start":{"line":23,"column":8},"end":{"line":23,"column":17}},{"start":{"line":23,"column":17},"end":{"line":23,"column":null}},{"start":{"line":24,"column":8},"end":{"line":33,"column":null}}],"line":22},"1":{"loc":{"start":{"line":25,"column":11},"end":{"line":30,"column":null}},"type":"binary-expr","locations":[{"start":{"line":25,"column":11},"end":{"line":25,"column":null}},{"start":{"line":26,"column":12},"end":{"line":30,"column":null}}],"line":25}},"s":{"0":90},"f":{"0":90},"b":{"0":[90,0,90],"1":[90,90]},"meta":{"lastBranch":2,"lastFunction":1,"lastStatement":1,"seen":{"f:9:16:9:29":0,"s:21:2:34:Infinity":0,"b:23:8:23:17:23:17:23:Infinity:24:8:33:Infinity":0,"b:25:11:25:Infinity:26:12:30:Infinity":1},"fnNames":{}}}
,"C:\\Users\\abyan\\Abyan\\Programming\\Random\\folder-studio\\src\\components\\controls\\ShadowControls.tsx": {"path":"C:\\Users\\abyan\\Abyan\\Programming\\Random\\folder-studio\\src\\components\\controls\\ShadowControls.tsx","statementMap":{"0":{"start":{"line":15,"column":42},"end":{"line":21,"column":null}},"1":{"start":{"line":30,"column":2},"end":{"line":83,"column":null}},"2":{"start":{"line":36,"column":34},"end":{"line":36,"column":null}},"3":{"start":{"line":47,"column":34},"end":{"line":47,"column":null}},"4":{"start":{"line":59,"column":31},"end":{"line":59,"column":null}},"5":{"start":{"line":68,"column":33},"end":{"line":68,"column":null}},"6":{"start":{"line":69,"column":31},"end":{"line":69,"column":null}},"7":{"start":{"line":75,"column":18},"end":{"line":75,"column":null}},"8":{"start":{"line":75,"column":45},"end":{"line":75,"column":null}}},"fnMap":{"0":{"name":"ShadowControls","decl":{"start":{"line":23,"column":16},"end":{"line":23,"column":31}},"loc":{"start":{"line":29,"column":3},"end":{"line":85,"column":null}},"line":29},"1":{"name":"(anonymous_1)","decl":{"start":{"line":36,"column":10},"end":{"line":36,"column":28}},"loc":{"start":{"line":36,"column":34},"end":{"line":36,"column":null}},"line":36},"2":{"name":"(anonymous_2)","decl":{"start":{"line":47,"column":14},"end":{"line":47,"column":25}},"loc":{"start":{"line":47,"column":34},"end":{"line":47,"column":null}},"line":47},"3":{"name":"(anonymous_3)","decl":{"start":{"line":59,"column":14},"end":{"line":59,"column":25}},"loc":{"start":{"line":59,"column":31},"end":{"line":59,"column":null}},"line":59},"4":{"name":"(anonymous_4)","decl":{"start":{"line":68,"column":16},"end":{"line":68,"column":27}},"loc":{"start":{"line":68,"column":33},"end":{"line":68,"column":null}},"line":68},"5":{"name":"(anonymous_5)","decl":{"start":{"line":69,"column":16},"end":{"line":69,"column":25}},"loc":{"start":{"line":69,"column":31},"end":{"line":69,"column":null}},"line":69},"6":{"name":"(anonymous_6)","decl":{"start":{"line":74,"column":16},"end":{"line":74,"column":27}},"loc":{"start":{"line":74,"column":33},"end":{"line":76,"column":null}},"line":74}},"branchMap":{"0":{"loc":{"start":{"line":36,"column":43},"end":{"line":36,"column":75}},"type":"cond-expr","locations":[{"start":{"line":36,"column":47},"end":{"line":36,"column":71}},{"start":{"line":36,"column":71},"end":{"line":36,"column":75}}],"line":36},"1":{"loc":{"start":{"line":41,"column":7},"end":{"line":81,"column":null}},"type":"binary-expr","locations":[{"start":{"line":41,"column":7},"end":{"line":41,"column":null}},{"start":{"line":42,"column":8},"end":{"line":81,"column":null}}],"line":41},"2":{"loc":{"start":{"line":75,"column":18},"end":{"line":75,"column":null}},"type":"if","locations":[{"start":{"line":75,"column":18},"end":{"line":75,"column":null}},{"start":{},"end":{}}],"line":75}},"s":{"0":3,"1":16,"2":0,"3":0,"4":0,"5":0,"6":0,"7":0,"8":0},"f":{"0":16,"1":0,"2":0,"3":0,"4":0,"5":0,"6":0},"b":{"0":[0,0],"1":[16,0],"2":[0,0]},"meta":{"lastBranch":3,"lastFunction":7,"lastStatement":9,"seen":{"s:15:42:21:Infinity":0,"f:23:16:23:31":0,"s:30:2:83:Infinity":1,"f:36:10:36:28":1,"s:36:34:36:Infinity":2,"b:36:47:36:71:36:71:36:75":0,"b:41:7:41:Infinity:42:8:81:Infinity":1,"f:47:14:47:25":2,"s:47:34:47:Infinity":3,"f:59:14:59:25":3,"s:59:31:59:Infinity":4,"f:68:16:68:27":4,"s:68:33:68:Infinity":5,"f:69:16:69:25":5,"s:69:31:69:Infinity":6,"f:74:16:74:27":6,"b:75:18:75:Infinity:undefined:undefined:undefined:undefined":2,"s:75:18:75:Infinity":7,"s:75:45:75:Infinity":8},"fnNames":{}}}
,"C:\\Users\\abyan\\Abyan\\Programming\\Random\\folder-studio\\src\\components\\controls\\SliderField.tsx": {"path":"C:\\Users\\abyan\\Abyan\\Programming\\Random\\folder-studio\\src\\components\\controls\\SliderField.tsx","statementMap":{"0":{"start":{"line":45,"column":8},"end":{"line":45,"column":null}},"1":{"start":{"line":49,"column":2},"end":{"line":54,"column":null}},"2":{"start":{"line":49,"column":2},"end":{"line":52,"column":null}},"3":{"start":{"line":51,"column":6},"end":{"line":51,"column":null}},"4":{"start":{"line":51,"column":19},"end":{"line":51,"column":null}},"5":{"start":{"line":56,"column":2},"end":{"line":86,"column":null}},"6":{"start":{"line":72,"column":10},"end":{"line":75,"column":null}},"7":{"start":{"line":73,"column":12},"end":{"line":73,"column":null}},"8":{"start":{"line":74,"column":12},"end":{"line":74,"column":null}},"9":{"start":{"line":76,"column":10},"end":{"line":76,"column":null}},"10":{"start":{"line":79,"column":10},"end":{"line":82,"column":null}},"11":{"start":{"line":80,"column":12},"end":{"line":80,"column":null}},"12":{"start":{"line":81,"column":12},"end":{"line":81,"column":null}},"13":{"start":{"line":83,"column":10},"end":{"line":83,"column":null}}},"fnMap":{"0":{"name":"SliderField","decl":{"start":{"line":33,"column":16},"end":{"line":33,"column":28}},"loc":{"start":{"line":44,"column":21},"end":{"line":88,"column":null}},"line":44},"1":{"name":"(anonymous_1)","decl":{"start":{"line":49,"column":2},"end":{"line":49,"column":null}},"loc":{"start":{"line":49,"column":2},"end":{"line":52,"column":null}},"line":49},"2":{"name":"(anonymous_2)","decl":{"start":{"line":71,"column":8},"end":{"line":71,"column":24}},"loc":{"start":{"line":71,"column":32},"end":{"line":77,"column":null}},"line":71},"3":{"name":"(anonymous_3)","decl":{"start":{"line":78,"column":8},"end":{"line":78,"column":24}},"loc":{"start":{"line":78,"column":32},"end":{"line":84,"column":null}},"line":78}},"branchMap":{"0":{"loc":{"start":{"line":38,"column":2},"end":{"line":38,"column":null}},"type":"default-arg","locations":[{"start":{"line":38,"column":9},"end":{"line":38,"column":null}}],"line":38},"1":{"loc":{"start":{"line":41,"column":2},"end":{"line":41,"column":null}},"type":"default-arg","locations":[{"start":{"line":41,"column":14},"end":{"line":41,"column":null}}],"line":41},"2":{"loc":{"start":{"line":51,"column":6},"end":{"line":51,"column":null}},"type":"if","locations":[{"start":{"line":51,"column":6},"end":{"line":51,"column":null}},{"start":{},"end":{}}],"line":51},"3":{"loc":{"start":{"line":61,"column":11},"end":{"line":61,"column":null}},"type":"cond-expr","locations":[{"start":{"line":61,"column":20},"end":{"line":61,"column":36}},{"start":{"line":61,"column":36},"end":{"line":61,"column":null}}],"line":61},"4":{"loc":{"start":{"line":72,"column":10},"end":{"line":75,"column":null}},"type":"if","locations":[{"start":{"line":72,"column":10},"end":{"line":75,"column":null}},{"start":{},"end":{}}],"line":72},"5":{"loc":{"start":{"line":72,"column":14},"end":{"line":72,"column":46}},"type":"binary-expr","locations":[{"start":{"line":72,"column":14},"end":{"line":72,"column":27}},{"start":{"line":72,"column":27},"end":{"line":72,"column":46}}],"line":72},"6":{"loc":{"start":{"line":79,"column":10},"end":{"line":82,"column":null}},"type":"if","locations":[{"start":{"line":79,"column":10},"end":{"line":82,"column":null}},{"start":{},"end":{}}],"line":79},"7":{"loc":{"start":{"line":79,"column":14},"end":{"line":79,"column":45}},"type":"binary-expr","locations":[{"start":{"line":79,"column":14},"end":{"line":79,"column":27}},{"start":{"line":79,"column":27},"end":{"line":79,"column":45}}],"line":79}},"s":{"0":87,"1":87,"2":34,"3":34,"4":2,"5":87,"6":2,"7":2,"8":2,"9":2,"10":2,"11":0,"12":0,"13":2},"f":{"0":87,"1":68,"2":2,"3":2},"b":{"0":[87],"1":[87],"2":[2,32],"3":[59,28],"4":[2,0],"5":[2,2],"6":[0,2],"7":[2,2]},"meta":{"lastBranch":8,"lastFunction":4,"lastStatement":14,"seen":{"f:33:16:33:28":0,"b:38:9:38:Infinity":0,"b:41:14:41:Infinity":1,"s:45:8:45:Infinity":0,"s:49:2:54:Infinity":1,"f:49:2:49:Infinity":1,"s:49:2:52:Infinity":2,"b:51:6:51:Infinity:undefined:undefined:undefined:undefined":2,"s:51:6:51:Infinity":3,"s:51:19:51:Infinity":4,"s:56:2:86:Infinity":5,"b:61:20:61:36:61:36:61:Infinity":3,"f:71:8:71:24":2,"b:72:10:75:Infinity:undefined:undefined:undefined:undefined":4,"s:72:10:75:Infinity":6,"b:72:14:72:27:72:27:72:46":5,"s:73:12:73:Infinity":7,"s:74:12:74:Infinity":8,"s:76:10:76:Infinity":9,"f:78:8:78:24":3,"b:79:10:82:Infinity:undefined:undefined:undefined:undefined":6,"s:79:10:82:Infinity":10,"b:79:14:79:27:79:27:79:45":7,"s:80:12:80:Infinity":11,"s:81:12:81:Infinity":12,"s:83:10:83:Infinity":13},"fnNames":{}}}
,"C:\\Users\\abyan\\Abyan\\Programming\\Random\\folder-studio\\src\\components\\controls\\StrokeControls.tsx": {"path":"C:\\Users\\abyan\\Abyan\\Programming\\Random\\folder-studio\\src\\components\\controls\\StrokeControls.tsx","statementMap":{"0":{"start":{"line":43,"column":2},"end":{"line":98,"column":null}},"1":{"start":{"line":49,"column":34},"end":{"line":49,"column":null}},"2":{"start":{"line":64,"column":16},"end":{"line":64,"column":null}},"3":{"start":{"line":64,"column":23},"end":{"line":64,"column":null}},"4":{"start":{"line":85,"column":31},"end":{"line":85,"column":null}},"5":{"start":{"line":91,"column":16},"end":{"line":91,"column":null}},"6":{"start":{"line":91,"column":43},"end":{"line":91,"column":null}}},"fnMap":{"0":{"name":"StrokeControls","decl":{"start":{"line":21,"column":16},"end":{"line":21,"column":31}},"loc":{"start":{"line":42,"column":3},"end":{"line":100,"column":null}},"line":42},"1":{"name":"(anonymous_1)","decl":{"start":{"line":49,"column":10},"end":{"line":49,"column":28}},"loc":{"start":{"line":49,"column":34},"end":{"line":49,"column":null}},"line":49},"2":{"name":"(anonymous_2)","decl":{"start":{"line":63,"column":14},"end":{"line":63,"column":30}},"loc":{"start":{"line":63,"column":36},"end":{"line":65,"column":null}},"line":63},"3":{"name":"(anonymous_3)","decl":{"start":{"line":85,"column":14},"end":{"line":85,"column":25}},"loc":{"start":{"line":85,"column":31},"end":{"line":85,"column":null}},"line":85},"4":{"name":"(anonymous_4)","decl":{"start":{"line":90,"column":14},"end":{"line":90,"column":25}},"loc":{"start":{"line":90,"column":31},"end":{"line":92,"column":null}},"line":90}},"branchMap":{"0":{"loc":{"start":{"line":22,"column":2},"end":{"line":22,"column":null}},"type":"default-arg","locations":[{"start":{"line":22,"column":10},"end":{"line":22,"column":null}}],"line":22},"1":{"loc":{"start":{"line":27,"column":2},"end":{"line":27,"column":null}},"type":"default-arg","locations":[{"start":{"line":27,"column":13},"end":{"line":27,"column":null}}],"line":27},"2":{"loc":{"start":{"line":28,"column":2},"end":{"line":28,"column":null}},"type":"default-arg","locations":[{"start":{"line":28,"column":13},"end":{"line":28,"column":null}}],"line":28},"3":{"loc":{"start":{"line":29,"column":2},"end":{"line":29,"column":null}},"type":"default-arg","locations":[{"start":{"line":29,"column":14},"end":{"line":29,"column":null}}],"line":29},"4":{"loc":{"start":{"line":54,"column":7},"end":{"line":96,"column":null}},"type":"binary-expr","locations":[{"start":{"line":54,"column":7},"end":{"line":54,"column":null}},{"start":{"line":55,"column":8},"end":{"line":96,"column":null}}],"line":54},"5":{"loc":{"start":{"line":56,"column":11},"end":{"line":78,"column":11}},"type":"binary-expr","locations":[{"start":{"line":56,"column":11},"end":{"line":56,"column":null}},{"start":{"line":57,"column":12},"end":{"line":78,"column":11}}],"line":56},"6":{"loc":{"start":{"line":64,"column":16},"end":{"line":64,"column":null}},"type":"if","locations":[{"start":{"line":64,"column":16},"end":{"line":64,"column":null}},{"start":{},"end":{}}],"line":64},"7":{"loc":{"start":{"line":91,"column":16},"end":{"line":91,"column":null}},"type":"if","locations":[{"start":{"line":91,"column":16},"end":{"line":91,"column":null}},{"start":{},"end":{}}],"line":91}},"s":{"0":10,"1":0,"2":0,"3":0,"4":0,"5":0,"6":0},"f":{"0":10,"1":0,"2":0,"3":0,"4":0},"b":{"0":[10],"1":[10],"2":[10],"3":[10],"4":[10,0],"5":[0,0],"6":[0,0],"7":[0,0]},"meta":{"lastBranch":8,"lastFunction":5,"lastStatement":7,"seen":{"f:21:16:21:31":0,"b:22:10:22:Infinity":0,"b:27:13:27:Infinity":1,"b:28:13:28:Infinity":2,"b:29:14:29:Infinity":3,"s:43:2:98:Infinity":0,"f:49:10:49:28":1,"s:49:34:49:Infinity":1,"b:54:7:54:Infinity:55:8:96:Infinity":4,"b:56:11:56:Infinity:57:12:78:11":5,"f:63:14:63:30":2,"b:64:16:64:Infinity:undefined:undefined:undefined:undefined":6,"s:64:16:64:Infinity":2,"s:64:23:64:Infinity":3,"f:85:14:85:25":3,"s:85:31:85:Infinity":4,"f:90:14:90:25":4,"b:91:16:91:Infinity:undefined:undefined:undefined:undefined":7,"s:91:16:91:Infinity":5,"s:91:43:91:Infinity":6},"fnNames":{}}}
,"C:\\Users\\abyan\\Abyan\\Programming\\Random\\folder-studio\\src\\components\\controls\\TransformFields.tsx": {"path":"C:\\Users\\abyan\\Abyan\\Programming\\Random\\folder-studio\\src\\components\\controls\\TransformFields.tsx","statementMap":{"0":{"start":{"line":22,"column":8},"end":{"line":22,"column":null}},"1":{"start":{"line":22,"column":48},"end":{"line":22,"column":63}},"2":{"start":{"line":24,"column":2},"end":{"line":59,"column":null}},"3":{"start":{"line":27,"column":61},"end":{"line":27,"column":94}},"4":{"start":{"line":28,"column":61},"end":{"line":28,"column":94}},"5":{"start":{"line":33,"column":27},"end":{"line":33,"column":null}},"6":{"start":{"line":39,"column":27},"end":{"line":39,"column":null}},"7":{"start":{"line":47,"column":25},"end":{"line":47,"column":null}},"8":{"start":{"line":48,"column":23},"end":{"line":48,"column":null}},"9":{"start":{"line":56,"column":25},"end":{"line":56,"column":null}},"10":{"start":{"line":57,"column":23},"end":{"line":57,"column":null}}},"fnMap":{"0":{"name":"TransformFields","decl":{"start":{"line":13,"column":16},"end":{"line":13,"column":32}},"loc":{"start":{"line":21,"column":3},"end":{"line":61,"column":null}},"line":21},"1":{"name":"(anonymous_1)","decl":{"start":{"line":22,"column":24},"end":{"line":22,"column":42}},"loc":{"start":{"line":22,"column":48},"end":{"line":22,"column":63}},"line":22},"2":{"name":"(anonymous_2)","decl":{"start":{"line":27,"column":44},"end":{"line":27,"column":55}},"loc":{"start":{"line":27,"column":61},"end":{"line":27,"column":94}},"line":27},"3":{"name":"(anonymous_3)","decl":{"start":{"line":28,"column":44},"end":{"line":28,"column":55}},"loc":{"start":{"line":28,"column":61},"end":{"line":28,"column":94}},"line":28},"4":{"name":"(anonymous_4)","decl":{"start":{"line":33,"column":10},"end":{"line":33,"column":21}},"loc":{"start":{"line":33,"column":27},"end":{"line":33,"column":null}},"line":33},"5":{"name":"(anonymous_5)","decl":{"start":{"line":39,"column":10},"end":{"line":39,"column":21}},"loc":{"start":{"line":39,"column":27},"end":{"line":39,"column":null}},"line":39},"6":{"name":"(anonymous_6)","decl":{"start":{"line":47,"column":8},"end":{"line":47,"column":19}},"loc":{"start":{"line":47,"column":25},"end":{"line":47,"column":null}},"line":47},"7":{"name":"(anonymous_7)","decl":{"start":{"line":48,"column":8},"end":{"line":48,"column":17}},"loc":{"start":{"line":48,"column":23},"end":{"line":48,"column":null}},"line":48},"8":{"name":"(anonymous_8)","decl":{"start":{"line":56,"column":8},"end":{"line":56,"column":19}},"loc":{"start":{"line":56,"column":25},"end":{"line":56,"column":null}},"line":56},"9":{"name":"(anonymous_9)","decl":{"start":{"line":57,"column":8},"end":{"line":57,"column":17}},"loc":{"start":{"line":57,"column":23},"end":{"line":57,"column":null}},"line":57}},"branchMap":{"0":{"loc":{"start":{"line":15,"column":2},"end":{"line":15,"column":null}},"type":"default-arg","locations":[{"start":{"line":15,"column":16},"end":{"line":15,"column":null}}],"line":15},"1":{"loc":{"start":{"line":16,"column":2},"end":{"line":16,"column":null}},"type":"default-arg","locations":[{"start":{"line":16,"column":16},"end":{"line":16,"column":null}}],"line":16}},"s":{"0":16,"1":56,"2":16,"3":0,"4":0,"5":0,"6":0,"7":0,"8":16,"9":0,"10":16},"f":{"0":16,"1":56,"2":0,"3":0,"4":0,"5":0,"6":0,"7":16,"8":0,"9":16},"b":{"0":[16],"1":[16]},"meta":{"lastBranch":2,"lastFunction":10,"lastStatement":11,"seen":{"f:13:16:13:32":0,"b:15:16:15:Infinity":0,"b:16:16:16:Infinity":1,"s:22:8:22:Infinity":0,"f:22:24:22:42":1,"s:22:48:22:63":1,"s:24:2:59:Infinity":2,"f:27:44:27:55":2,"s:27:61:27:94":3,"f:28:44:28:55":3,"s:28:61:28:94":4,"f:33:10:33:21":4,"s:33:27:33:Infinity":5,"f:39:10:39:21":5,"s:39:27:39:Infinity":6,"f:47:8:47:19":6,"s:47:25:47:Infinity":7,"f:48:8:48:17":7,"s:48:23:48:Infinity":8,"f:56:8:56:19":8,"s:56:25:56:Infinity":9,"f:57:8:57:17":9,"s:57:23:57:Infinity":10},"fnNames":{}}}
,"C:\\Users\\abyan\\Abyan\\Programming\\Random\\folder-studio\\src\\components\\export\\ExportDialog.tsx": {"path":"C:\\Users\\abyan\\Abyan\\Programming\\Random\\folder-studio\\src\\components\\export\\ExportDialog.tsx","statementMap":{"0":{"start":{"line":41,"column":14},"end":{"line":41,"column":null}},"1":{"start":{"line":42,"column":32},"end":{"line":42,"column":null}},"2":{"start":{"line":43,"column":20},"end":{"line":43,"column":null}},"3":{"start":{"line":45,"column":25},"end":{"line":45,"column":null}},"4":{"start":{"line":48,"column":15},"end":{"line":48,"column":null}},"5":{"start":{"line":49,"column":15},"end":{"line":49,"column":null}},"6":{"start":{"line":50,"column":17},"end":{"line":50,"column":null}},"7":{"start":{"line":51,"column":21},"end":{"line":51,"column":null}},"8":{"start":{"line":52,"column":23},"end":{"line":52,"column":null}},"9":{"start":{"line":53,"column":15},"end":{"line":53,"column":null}},"10":{"start":{"line":56,"column":4},"end":{"line":56,"column":null}},"11":{"start":{"line":57,"column":4},"end":{"line":61,"column":null}},"12":{"start":{"line":58,"column":6},"end":{"line":58,"column":null}},"13":{"start":{"line":60,"column":6},"end":{"line":60,"column":null}},"14":{"start":{"line":65,"column":4},"end":{"line":75,"column":null}},"15":{"start":{"line":66,"column":18},"end":{"line":66,"column":null}},"16":{"start":{"line":67,"column":17},"end":{"line":67,"column":null}},"17":{"start":{"line":69,"column":8},"end":{"line":73,"column":null}},"18":{"start":{"line":74,"column":6},"end":{"line":74,"column":null}},"19":{"start":{"line":79,"column":4},"end":{"line":88,"column":null}},"20":{"start":{"line":80,"column":18},"end":{"line":80,"column":null}},"21":{"start":{"line":81,"column":19},"end":{"line":86,"column":null}},"22":{"start":{"line":87,"column":6},"end":{"line":87,"column":null}},"23":{"start":{"line":91,"column":21},"end":{"line":91,"column":null}},"24":{"start":{"line":93,"column":2},"end":{"line":206,"column":null}},"25":{"start":{"line":109,"column":49},"end":{"line":109,"column":null}},"26":{"start":{"line":130,"column":20},"end":{"line":132,"column":null}},"27":{"start":{"line":139,"column":59},"end":{"line":139,"column":null}},"28":{"start":{"line":145,"column":20},"end":{"line":147,"column":null}},"29":{"start":{"line":165,"column":18},"end":{"line":167,"column":null}},"30":{"start":{"line":179,"column":18},"end":{"line":179,"column":null}},"31":{"start":{"line":179,"column":32},"end":{"line":179,"column":null}},"32":{"start":{"line":183,"column":18},"end":{"line":185,"column":null}}},"fnMap":{"0":{"name":"ExportDialog","decl":{"start":{"line":47,"column":16},"end":{"line":47,"column":31}},"loc":{"start":{"line":47,"column":31},"end":{"line":208,"column":null}},"line":47},"1":{"name":"run","decl":{"start":{"line":55,"column":17},"end":{"line":55,"column":21}},"loc":{"start":{"line":55,"column":48},"end":{"line":62,"column":null}},"line":55},"2":{"name":"exportSingle","decl":{"start":{"line":64,"column":11},"end":{"line":64,"column":26}},"loc":{"start":{"line":64,"column":26},"end":{"line":76,"column":null}},"line":64},"3":{"name":"(anonymous_3)","decl":{"start":{"line":65,"column":15},"end":{"line":65,"column":27}},"loc":{"start":{"line":65,"column":27},"end":{"line":75,"column":5}},"line":65},"4":{"name":"exportBatch","decl":{"start":{"line":78,"column":11},"end":{"line":78,"column":25}},"loc":{"start":{"line":78,"column":25},"end":{"line":89,"column":null}},"line":78},"5":{"name":"(anonymous_5)","decl":{"start":{"line":79,"column":15},"end":{"line":79,"column":27}},"loc":{"start":{"line":79,"column":27},"end":{"line":88,"column":5}},"line":79},"6":{"name":"(anonymous_6)","decl":{"start":{"line":109,"column":27},"end":{"line":109,"column":43}},"loc":{"start":{"line":109,"column":49}
[...]
,"C:\\Users\\abyan\\Abyan\\Programming\\Random\\folder-studio\\src\\store\\presetsStore.ts": {"path":"C:\\Users\\abyan\\Abyan\\Programming\\Random\\folder-studio\\src\\store\\presetsStore.ts","statementMap":{"0":{"start":{"line":21,"column":13},"end":{"line":26,"column":null}},"1":{"start":{"line":29,"column":2},"end":{"line":34,"column":null}},"2":{"start":{"line":30,"column":16},"end":{"line":30,"column":null}},"3":{"start":{"line":31,"column":4},"end":{"line":31,"column":null}},"4":{"start":{"line":33,"column":4},"end":{"line":33,"column":null}},"5":{"start":{"line":38,"column":2},"end":{"line":42,"column":null}},"6":{"start":{"line":39,"column":4},"end":{"line":39,"column":null}},"7":{"start":{"line":47,"column":2},"end":{"line":50,"column":null}},"8":{"start":{"line":47,"column":27},"end":{"line":50,"column":4}},"9":{"start":{"line":49,"column":39},"end":{"line":49,"column":66}},"10":{"start":{"line":71,"column":13},"end":{"line":123,"column":null}},"11":{"start":{"line":71,"column":69},"end":{"line":123,"column":2}},"12":{"start":{"line":78,"column":27},"end":{"line":78,"column":null}},"13":{"start":{"line":78,"column":62},"end":{"line":78,"column":71}},"14":{"start":{"line":79,"column":4},"end":{"line":79,"column":null}},"15":{"start":{"line":80,"column":4},"end":{"line":80,"column":null}},"16":{"start":{"line":84,"column":26},"end":{"line":87,"column":null}},"17":{"start":{"line":86,"column":43},"end":{"line":86,"column":52}},"18":{"start":{"line":88,"column":4},"end":{"line":88,"column":null}},"19":{"start":{"line":89,"column":4},"end":{"line":89,"column":null}},"20":{"start":{"line":93,"column":26},"end":{"line":93,"column":null}},"21":{"start":{"line":93,"column":60},"end":{"line":93,"column":69}},"22":{"start":{"line":94,"column":4},"end":{"line":94,"column":null}},"23":{"start":{"line":95,"column":4},"end":{"line":95,"column":null}},"24":{"start":{"line":100,"column":21},"end":{"line":100,"column":null}},"25":{"start":{"line":100,"column":61},"end":{"line":100,"column":65}},"26":{"start":{"line":101,"column":13},"end":{"line":101,"column":null}},"27":{"start":{"line":102,"column":4},"end":{"line":102,"column":null}},"28":{"start":{"line":102,"column":29},"end":{"line":102,"column":null}},"29":{"start":{"line":103,"column":27},"end":{"line":106,"column":null}},"30":{"start":{"line":104,"column":37},"end":{"line":104,"column":46}},"31":{"start":{"line":107,"column":4},"end":{"line":107,"column":null}},"32":{"start":{"line":108,"column":4},"end":{"line":108,"column":null}},"33":{"start":{"line":112,"column":27},"end":{"line":112,"column":null}},"34":{"start":{"line":112,"column":62},"end":{"line":112,"column":73}},"35":{"start":{"line":113,"column":4},"end":{"line":113,"column":null}},"36":{"start":{"line":114,"column":4},"end":{"line":114,"column":null}},"37":{"start":{"line":118,"column":4},"end":{"line":118,"column":null}},"38":{"start":{"line":118,"column":49},"end":{"line":118,"column":null}},"39":{"start":{"line":119,"column":30},"end":{"line":119,"column":null}},"40":{"start":{"line":120,"column":4},"end":{"line":120,"column":null}},"41":{"start":{"line":121,"column":4},"end":{"line":121,"column":null}}},"fnMap":{"0":{"name":"load","decl":{"start":{"line":28,"column":9},"end":{"line":28,"column":17}},"loc":{"start":{"line":28,"column":46},"end":{"line":35,"column":null}},"line":28},"1":{"name":"save","decl":{"start":{"line":37,"column":9},"end":{"line":37,"column":14}},"loc":{"start":{"line":37,"column":49},"end":{"line":43,"column":null}},"line":37},"2":{"name":"normalizeSavedGradients","decl":{"start":{"line":46,"column":9},"end":{"line":46,"column":33}},"loc":{"start":{"line":46,"column":74},"end":{"line":51,"column":null}},"line":46},"3":{"name":"(anonymous_3)","decl":{"start":{"line":47,"column":15},"end":{"line":47,"column":20}},"loc":{"start":{"line":47,"column":27},"end":{"line":50,"column":4}},"line":47},"4":{"name":"(anonymous_4)","decl":{"start":{"line":49,"column":27},"end":{"line":49,"column":32}},"loc":{"start":{"line":49,"column":39},"end":{"line":49,"column":66}},"line":49},"5":{"name":"(anonymous_5)","decl":{"start":{"line":71,"column":53},"end":{"line":71,"column":55}},"loc":{"start":{"line":71,"column":69},"end":{"line":123,"column":2}},"line":71},"6":{"name":"(anonymous_6)","decl":{"start":{"line":77,"column":2},"end":{"line":77,"column":24}},"loc":{"start":{"line":77,"column":32},"end":{"line":81,"column":null}},"line":77},"7":{"name":"(anonymous_7)","decl":{"start":{"line":78,"column":48},"end":{"line":78,"column":56}},"loc":{"start":{"line":78,"column":62},"end":{"line":78,"column":71}},"line":78},"8":{"name":"(anonymous_8)","decl":{"start":{"line":83,"column":2},"end":{"line":83,"column":21}},"loc":{"start":{"line":83,"column":29},"end":{"line":90,"column":null}},"line":83},"9":{"name":"(anonymous_9)","decl":{"start":{"line":86,"column":29},"end":{"line":86,"column":37}},"loc":{"start":{"line":86,"column":43},"end":{"line":86,"column":52}},"line":86},"10":{"name":"(anonymous_10)","decl":{"start":{"line":92,"column":2},"end":{"line":92,"column":23}},"loc":{"start":{"line":92,"column":31},"end":{"line":96,"column":null}},"line":92},"11":{"name":"(anonymous_11)","decl":{"start":{"line":93,"column":46},"end":{"line":93,"column":54}},"loc":{"start":{"line":93,"column":60},"end":{"line":93,"column":69}},"line":93},"12":{"name":"(anonymous_12)","decl":{"start":{"line":98,"column":2},"end":{"line":98,"column":17}},"loc":{"start":{"line":98,"column":27},"end":{"line":109,"column":null}},"line":98},"13":{"name":"(anonymous_13)","decl":{"start":{"line":100,"column":50},"end":{"line":100,"column":55}},"loc":{"start":{"line":100,"column":61},"end":{"line":100,"column":65}},"line":100},"14":{"name":"(anonymous_14)","decl":{"start":{"line":104,"column":25},"end":{"line":104,"column":30}},"loc":{"start":{"line":104,"column":37},"end":{"line":104,"column":46}},"line":104},"15":{"name":"(anonymous_15)","decl":{"start":{"line":111,"column":2},"end":{"line":111,"column":24}},"loc":{"start":{"line":111,"column":31},"end":{"line":115,"column":null}},"line":111},"16":{"name":"(anonymous_16)","decl":{"start":{"line":112,"column":48},"end":{"line":112,"column":56}},"loc":{"start":{"line":112,"column":62},"end":{"line":112,"column":73}},"line":112},"17":{"name":"(anonymous_17)","decl":{"start":{"line":117,"column":2},"end":{"line":117,"column":23}},"loc":{"start":{"line":117,"column":33},"end":{"line":122,"column":null}},"line":117}},"branchMap":{"0":{"loc":{"start":{"line":31,"column":11},"end":{"line":31,"column":null}},"type":"cond-expr","locations":[{"start":{"line":31,"column":18},"end":{"line":31,"column":42}},{"start":{"line":31,"column":42},"end":{"line":31,"column":null}}],"line":31},"1":{"loc":{"start":{"line":49,"column":12},"end":{"line":49,"column":25}},"type":"binary-expr","locations":[{"start":{"line":49,"column":12},"end":{"line":49,"column":23}},{"start":{"line":49,"column":23},"end":{"line":49,"column":25}}],"line":49},"2":{"loc":{"start":{"line":118,"column":4},"end":{"line":118,"column":null}},"type":"if","locations":[{"start":{"line":118,"column":4},"end":{"line":118,"column":null}},{"start":{},"end":{}}],"line":118}},"s":{"0":14,"1":56,"2":56,"3":56,"4":1,"5":33,"6":33,"7":14,"8":1,"9":2,"10":14,"11":14,"12":2,"13":24,"14":2,"15":2,"16":16,"17":102,"18":16,"19":16,"20":0,"21":0,"22":0,"23":0,"24":13,"25":78,"26":13,"27":13,"28":75,"29":13,"30":26,"31":13,"32":13,"33":1,"34":12,"35":1,"36":1,"37":2,"38":1,"39":1,"40":1,"41":1},"f":{"0":56,"1":33,"2":14,"3":1,"4":2,"5":14,"6":2,"7":24,"8":16,"9":102,"10":0,"11":0,"12":13,"13":78,"14":26,"15":1,"16":12,"17":2},"b":{"0":[5,51],"1":[1,0],"2":[1,1]},"meta":{"lastBranch":3,"lastFunction":18,"lastStatement":42,"seen":{"s:21:13:26:Infinity":0,"f:28:9:28:17":0,"s:29:2:34:Infinity":1,"s:30:16:30:Infinity":2,"s:31:4:31:Infinity":3,"b:31:18:31:42:31:42:31:Infinity":0,"s:33:4:33:Infinity":4,"f:37:9:37:14":1,"s:38:2:42:Infinity":5,"s:39:4:39:Infinity":6,"f:46:9:46:33":2,"s:47:2:50:Infinity":7,"f:47:15:47:20":3,"s:47:27:50:4":8,"b:49:12:49:23:49:23:49:25":1,"f:49:27:49:32":4,"s:49:39:49:66":9,"s:71:13:123:Infinity":10,"f:71:53:71:55":5,"s:71:69:123:2":11,"f:77:2:77:24":6,"s:78:27:78:Infinity":12,"f:78:48:78:56":7,"s:78:62:78:71":13,"s:79:4:79:Infinity":14,"s:80:4:80:Infinity":15,"f:83:2:83:21":8,"s:84:26:87:Infinity":16,"f:86:29:86:37":9,"s:86:43:86:52":17,"s:88:4:88:Infinity":18,"s:89:4:89:Infinity":19,"f:92:2:92:23":10,"s:93:26:93:Infinity":20,"f:93:46:93:54":11,"s:93:60:93:69":21,"s:94:4:94:Infinity":22,"s:95:4:95:Infinity":23,"f:98:2:98:17":12,"s:100:21:100:Infinity":24,"f:100:50:100:55":13,"s:100:61:100:65":25,"s:101:13:101:Infinity":26,"s:102:4:102:Infinity":27,"s:102:29:102:Infinity":28,"s:103:27:106:Infinity":29,"f:104:25:104:30":14,"s:104:37:104:46":30,"s:107:4:107:Infinity":31,"s:108:4:108:Infinity":32,"f:111:2:111:24":15,"s:112:27:112:Infinity":33,"f:112:48:112:56":16,"s:112:62:112:73":34,"s:113:4:113:Infinity":35,"s:114:4:114:Infinity":36,"f:117:2:117:23":17,"b:118:4:118:Infinity:undefined:undefined:undefined:undefined":2,"s:118:4:118:Infinity":37,"s:118:49:118:Infinity":38,"s:119:30:119:Infinity":39,"s:120:4:120:Infinity":40,"s:121:4:121:Infinity":41},"fnNames":{}}}
,"C:\\Users\\abyan\\Abyan\\Programming\\Random\\folder-studio\\src\\store\\selectionStore.ts": {"path":"C:\\Users\\abyan\\Abyan\\Programming\\Random\\folder-studio\\src\\store\\selectionStore.ts","statementMap":{"0":{"start":{"line":21,"column":13},"end":{"line":43,"column":null}},"1":{"start":{"line":21,"column":68},"end":{"line":43,"column":2}},"2":{"start":{"line":25,"column":18},"end":{"line":25,"column":null}},"3":{"start":{"line":28,"column":4},"end":{"line":37,"column":null}},"4":{"start":{"line":29,"column":18},"end":{"line":29,"column":null}},"5":{"start":{"line":30,"column":26},"end":{"line":32,"column":null}},"6":{"start":{"line":31,"column":38},"end":{"line":31,"column":46}},"7":{"start":{"line":33,"column":6},"end":{"line":36,"column":null}},"8":{"start":{"line":40,"column":4},"end":{"line":40,"column":null}},"9":{"start":{"line":42,"column":15},"end":{"line":42,"column":null}}},"fnMap":{"0":{"name":"(anonymous_0)","decl":{"start":{"line":21,"column":57},"end":{"line":21,"column":59}},"loc":{"start":{"line":21,"column":68},"end":{"line":43,"column":2}},"line":21},"1":{"name":"(anonymous_1)","decl":{"start":{"line":25,"column":2},"end":{"line":25,"column":11}},"loc":{"start":{"line":25,"column":18},"end":{"line":25,"column":null}},"line":25},"2":{"name":"(anonymous_2)","decl":{"start":{"line":27,"column":2},"end":{"line":27,"column":11}},"loc":{"start":{"line":28,"column":4},"end":{"line":37,"column":null}},"line":28},"3":{"name":"(anonymous_3)","decl":{"start":{"line":28,"column":4},"end":{"line":28,"column":9}},"loc":{"start":{"line":28,"column":15},"end":{"line":37,"column":5}},"line":28},"4":{"name":"(anonymous_4)","decl":{"start":{"line":31,"column":24},"end":{"line":31,"column":32}},"loc":{"start":{"line":31,"column":38},"end":{"line":31,"column":46}},"line":31},"5":{"name":"(anonymous_5)","decl":{"start":{"line":39,"column":2},"end":{"line":39,"column":12}},"loc":{"start":{"line":40,"column":4},"end":{"line":40,"column":null}},"line":40},"6":{"name":"(anonymous_6)","decl":{"start":{"line":42,"column":2},"end":{"line":42,"column":15}},"loc":{"start":{"line":42,"column":15},"end":{"line":42,"column":null}},"line":42}},"branchMap":{"0":{"loc":{"start":{"line":25,"column":53},"end":{"line":25,"column":68}},"type":"cond-expr","locations":[{"start":{"line":25,"column":58},"end":{"line":25,"column":65}},{"start":{"line":25,"column":65},"end":{"line":25,"column":68}}],"line":25},"1":{"loc":{"start":{"line":30,"column":26},"end":{"line":32,"column":null}},"type":"cond-expr","locations":[{"start":{"line":31,"column":10},"end":{"line":31,"column":null}},{"start":{"line":32,"column":10},"end":{"line":32,"column":null}}],"line":30},"2":{"loc":{"start":{"line":35,"column":20},"end":{"line":35,"column":null}},"type":"binary-expr","locations":[{"start":{"line":35,"column":20},"end":{"line":35,"column":59}},{"start":{"line":35,"column":59},"end":{"line":35,"column":null}}],"line":35},"3":{"loc":{"start":{"line":40,"column":40},"end":{"line":40,"column":68}},"type":"binary-expr","locations":[{"start":{"line":40,"column":40},"end":{"line":40,"column":63}},{"start":{"line":40,"column":63},"end":{"line":40,"column":68}}],"line":40}},"s":{"0":10,"1":10,"2":30,"3":2,"4":2,"5":2,"6":2,"7":2,"8":6,"9":70},"f":{"0":10,"1":30,"2":2,"3":2,"4":2,"5":6,"6":70},"b":{"0":[29,1],"1":[1,1],"2":[2,0],"3":[6,0]},"meta":{"lastBranch":4,"lastFunction":7,"lastStatement":10,"seen":{"s:21:13:43:Infinity":0,"f:21:57:21:59":0,"s:21:68:43:2":1,"f:25:2:25:11":1,"s:25:18:25:Infinity":2,"b:25:58:25:65:25:65:25:68":0,"f:27:2:27:11":2,"s:28:4:37:Infinity":3,"f:28:4:28:9":3,"s:29:18:29:Infinity":4,"s:30:26:32:Infinity":5,"b:31:10:31:Infinity:32:10:32:Infinity":1,"f:31:24:31:32":4,"s:31:38:31:46":6,"s:33:6:36:Infinity":7,"b:35:20:35:59:35:59:35:Infinity":2,"f:39:2:39:12":5,"s:40:4:40:Infinity":8,"b:40:40:40:63:40:63:40:68":3,"f:42:2:42:15":6,"s:42:15:42:Infinity":9},"fnNames":{}}}
,"C:\\Users\\abyan\\Abyan\\Programming\\Random\\folder-studio\\src\\store\\uiStore.ts": {"path":"C:\\Users\\abyan\\Abyan\\Programming\\Random\\folder-studio\\src\\store\\uiStore.ts","statementMap":{"0":{"start":{"line":74,"column":13},"end":{"line":132,"column":null}},"1":{"start":{"line":74,"column":54},"end":{"line":132,"column":2}},"2":{"start":{"line":94,"column":29},"end":{"line":94,"column":null}},"3":{"start":{"line":95,"column":28},"end":{"line":95,"column":null}},"4":{"start":{"line":96,"column":31},"end":{"line":96,"column":null}},"5":{"start":{"line":97,"column":28},"end":{"line":97,"column":null}},"6":{"start":{"line":98,"column":21},"end":{"line":98,"column":null}},"7":{"start":{"line":99,"column":29},"end":{"line":99,"column":null}},"8":{"start":{"line":100,"column":25},"end":{"line":100,"column":null}},"9":{"start":{"line":101,"column":27},"end":{"line":101,"column":null}},"10":{"start":{"line":103,"column":4},"end":{"line":109,"column":null}},"11":{"start":{"line":110,"column":25},"end":{"line":110,"column":null}},"12":{"start":{"line":112,"column":4},"end":{"line":117,"column":null}},"13":{"start":{"line":118,"column":27},"end":{"line":118,"column":null}},"14":{"start":{"line":119,"column":25},"end":{"line":119,"column":null}},"15":{"start":{"line":120,"column":31},"end":{"line":120,"column":null}},"16":{"start":{"line":121,"column":28},"end":{"line":121,"column":null}},"17":{"start":{"line":122,"column":30},"end":{"line":122,"column":null}},"18":{"start":{"line":123,"column":30},"end":{"line":123,"column":null}},"19":{"start":{"line":124,"column":32},"end":{"line":124,"column":null}},"20":{"start":{"line":126,"column":4},"end":{"line":131,"column":null}}},"fnMap":{"0":{"name":"(anonymous_0)","decl":{"start":{"line":74,"column":43},"end":{"line":74,"column":45}},"loc":{"start":{"line":74,"column":54},"end":{"line":132,"column":2}},"line":74},"1":{"name":"(anonymous_1)","decl":{"start":{"line":94,"column":2},"end":{"line":94,"column":19}},"loc":{"start":{"line":94,"column":29},"end":{"line":94,"column":null}},"line":94},"2":{"name":"(anonymous_2)","decl":{"start":{"line":95,"column":2},"end":{"line":95,"column":21}},"loc":{"start":{"line":95,"column":28},"end":{"line":95,"column":null}},"line":95},"3":{"name":"(anonymous_3)","decl":{"start":{"line":96,"column":2},"end":{"line":96,"column":24}},"loc":{"start":{"line":96,"column":31},"end":{"line":96,"column":null}},"line":96},"4":{"name":"(anonymous_4)","decl":{"start":{"line":97,"column":2},"end":{"line":97,"column":19}},"loc":{"start":{"line":97,"column":28},"end":{"line":97,"column":null}},"line":97},"5":{"name":"(anonymous_5)","decl":{"start":{"line":98,"column":2},"end":{"line":98,"column":12}},"loc":{"start":{"line":98,"column":21},"end":{"line":98,"column":null}},"line":98},"6":{"name":"(anonymous_6)","decl":{"start":{"line":99,"column":2},"end":{"line":99,"column":20}},"loc":{"start":{"line":99,"column":29},"end":{"line":99,"column":null}},"line":99},"7":{"name":"(anonymous_7)","decl":{"start":{"line":100,"column":2},"end":{"line":100,"column":16}},"loc":{"start":{"line":100,"column":25},"end":{"line":100,"column":null}},"line":100},"8":{"name":"(anonymous_8)","decl":{"start":{"line":101,"column":2},"end":{"line":101,"column":17}},"loc":{"start":{"line":101,"column":27},"end":{"line":101,"column":null}},"line":101},"9":{"name":"(anonymous_9)","decl":{"start":{"line":102,"column":2},"end":{"line":102,"column":18}},"loc":{"start":{"line":103,"column":4},"end":{"line":109,"column":null}},"line":103},"10":{"name":"(anonymous_10)","decl":{"start":{"line":110,"column":2},"end":{"line":110,"column":16}},"loc":{"start":{"line":110,"column":25},"end":{"line":110,"column":null}},"line":110},"11":{"name":"(anonymous_11)","decl":{"start":{"line":111,"column":2},"end":{"line":111,"column":19}},"loc":{"start":{"line":112,"column":4},"end":{"line":117,"column":null}},"line":112},"12":{"name":"(anonymous_12)","decl":{"start":{"line":118,"column":2},"end":{"line":118,"column":17}},"loc":{"start":{"line":118,"column":27},"end":{"line":118,"column":null}},"line":118},"13":{"name":"(anonymous_13)","decl":{"start":{"line":119,"column":2},"end":{"line":119,"column":16}},"loc":{"start":{"line":119,"column":25},"end":{"line":119,"column":null}},"line":119},"14":{"name":"(anonymous_14)","decl":{"start":{"line":120,"column":2},"end":{"line":120,"column":19}},"loc":{"start":{"line":120,"column":31},"end":{"line":120,"column":null}},"line":120},"15":{"name":"(anonymous_15)","decl":{"start":{"line":121,"column":2},"end":{"line":121,"column":19}},"loc":{"start":{"line":121,"column":28},"end":{"line":121,"column":null}},"line":121},"16":{"name":"(anonymous_16)","decl":{"start":{"line":122,"column":2},"end":{"line":122,"column":19}},"loc":{"start":{"line":122,"column":30},"end":{"line":122,"column":null}},"line":122},"17":{"name":"(anonymous_17)","decl":{"start":{"line":123,"column":2},"end":{"line":123,"column":22}},"loc":{"start":{"line":123,"column":30},"end":{"line":123,"column":null}},"line":123},"18":{"name":"(anonymous_18)","decl":{"start":{"line":124,"column":2},"end":{"line":124,"column":22}},"loc":{"start":{"line":124,"column":32},"end":{"line":124,"column":null}},"line":124},"19":{"name":"(anonymous_19)","decl":{"start":{"line":125,"column":2},"end":{"line":125,"column":null}},"loc":{"start":{"line":126,"column":4},"end":{"line":131,"column":null}},"line":126}},"branchMap":{},"s":{"0":10,"1":10,"2":12,"3":17,"4":5,"5":1,"6":1,"7":4,"8":2,"9":1,"10":3,"11":2,"12":1,"13":1,"14":1,"15":1,"16":7,"17":3,"18":1,"19":1,"20":4},"f":{"0":10,"1":12,"2":17,"3":5,"4":1,"5":1,"6":4,"7":2,"8":1,"9":3,"10":2,"11":1,"12":1,"13":1,"14":1,"15":7,"16":3,"17":1,"18":1,"19":4},"b":{},"meta":{"lastBranch":0,"lastFunction":20,"lastStatement":21,"seen":{"s:74:13:132:Infinity":0,"f:74:43:74:45":0,"s:74:54:132:2":1,"f:94:2:94:19":1,"s:94:29:94:Infinity":2,"f:95:2:95:21":2,"s:95:28:95:Infinity":3,"f:96:2:96:24":3,"s:96:31:96:Infinity":4,"f:97:2:97:19":4,"s:97:28:97:Infinity":5,"f:98:2:98:12":5,"s:98:21:98:Infinity":6,"f:99:2:99:20":6,"s:99:29:99:Infinity":7,"f:100:2:100:16":7,"s:100:25:100:Infinity":8,"f:101:2:101:17":8,"s:101:27:101:Infinity":9,"f:102:2:102:18":9,"s:103:4:109:Infinity":10,"f:110:2:110:16":10,"s:110:25:110:Infinity":11,"f:111:2:111:19":11,"s:112:4:117:Infinity":12,"f:118:2:118:17":12,"s:118:27:118:Infinity":13,"f:119:2:119:16":13,"s:119:25:119:Infinity":14,"f:120:2:120:19":14,"s:120:31:120:Infinity":15,"f:121:2:121:19":15,"s:121:28:121:Infinity":16,"f:122:2:122:19":16,"s:122:30:122:Infinity":17,"f:123:2:123:22":17,"s:123:30:123:Infinity":18,"f:124:2:124:22":18,"s:124:32:124:Infinity":19,"f:125:2:125:Infinity":19,"s:126:4:131:Infinity":20},"fnNames":{}}}
}
